#    1 | steps:    16 | steps_t:     0 | t: 0.062511 | r:  -515.000000 | e:   1.000000 | Q:        nan | won: False 
#    2 | steps:    23 | steps_t:     0 | t: 0.062511 | r:  -506.000000 | e:   1.000000 | Q:        nan | won: False 
#    3 | steps:    33 | steps_t:     0 | t: 0.078117 | r:  -509.000000 | e:   1.000000 | Q:        nan | won: False 
#    4 | steps:    53 | steps_t:     0 | t: 0.078117 | r:  -508.000000 | e:   1.000000 | Q:        nan | won: False 
#    5 | steps:    59 | steps_t:     0 | t: 0.093742 | r:  -505.000000 | e:   1.000000 | Q:        nan | won: False 
#    6 | steps:    66 | steps_t:     0 | t: 0.093742 | r:  -506.000000 | e:   1.000000 | Q:        nan | won: False 
#    7 | steps:    78 | steps_t:     0 | t: 0.093742 | r:  -511.000000 | e:   1.000000 | Q:        nan | won: False 
#    8 | steps:    88 | steps_t:     0 | t: 0.109379 | r:  -509.000000 | e:   1.000000 | Q:        nan | won: False 
#    9 | steps:    96 | steps_t:     0 | t: 0.109379 | r:  -507.000000 | e:   1.000000 | Q:        nan | won: False 
#   10 | steps:   106 | steps_t:     0 | t: 0.109379 | r:  -509.000000 | e:   1.000000 | Q:        nan | won: False 
#   11 | steps:   112 | steps_t:     0 | t: 0.125002 | r:  -505.000000 | e:   1.000000 | Q:        nan | won: False 
#   12 | steps:   132 | steps_t:     0 | t: 0.125002 | r:  -519.000000 | e:   1.000000 | Q:        nan | won: False 
#   13 | steps:   143 | steps_t:     0 | t: 0.140626 | r:  -510.000000 | e:   1.000000 | Q:        nan | won: False 
#   14 | steps:   164 | steps_t:     0 | t: 0.140626 | r:  -509.000000 | e:   1.000000 | Q:        nan | won: False 
#   15 | steps:   174 | steps_t:     0 | t: 0.156254 | r:  -509.000000 | e:   1.000000 | Q:        nan | won: False 
#   16 | steps:   183 | steps_t:     0 | t: 0.156254 | r:  -508.000000 | e:   1.000000 | Q:        nan | won: False 
#   17 | steps:   191 | steps_t:     0 | t: 0.156254 | r:  -507.000000 | e:   1.000000 | Q:        nan | won: False 
#   18 | steps:   199 | steps_t:     0 | t: 0.171875 | r:  -507.000000 | e:   1.000000 | Q:        nan | won: False 
#   19 | steps:   210 | steps_t:     0 | t: 0.171875 | r:  -510.000000 | e:   1.000000 | Q:        nan | won: False 
#   20 | steps:   222 | steps_t:     0 | t: 0.171875 | r:  -511.000000 | e:   1.000000 | Q:        nan | won: False 
#   21 | steps:   232 | steps_t:     0 | t: 0.187497 | r:  -509.000000 | e:   1.000000 | Q:        nan | won: False 
#   22 | steps:   242 | steps_t:     0 | t: 0.187497 | r:  -509.000000 | e:   1.000000 | Q:        nan | won: False 
#   23 | steps:   248 | steps_t:     0 | t: 0.187497 | r:  -505.000000 | e:   1.000000 | Q:        nan | won: False 
#   24 | steps:   255 | steps_t:     0 | t: 0.187497 | r:  -506.000000 | e:   1.000000 | Q:        nan | won: False 
#   25 | steps:   265 | steps_t:     0 | t: 0.203118 | r:  -509.000000 | e:   1.000000 | Q:        nan | won: False 
#   26 | steps:   271 | steps_t:     0 | t: 0.203118 | r:  -505.000000 | e:   1.000000 | Q:        nan | won: False 
#   27 | steps:   297 | steps_t:     0 | t: 0.218746 | r:  -514.000000 | e:   1.000000 | Q:        nan | won: False 
#   28 | steps:   305 | steps_t:     0 | t: 0.218746 | r:  -507.000000 | e:   1.000000 | Q:        nan | won: False 
#   29 | steps:   313 | steps_t:     0 | t: 0.234369 | r:  -507.000000 | e:   1.000000 | Q:        nan | won: False 
#   30 | steps:   323 | steps_t:     0 | t: 0.234369 | r:  -509.000000 | e:   1.000000 | Q:        nan | won: False 
#   31 | steps:   335 | steps_t:     0 | t: 0.234369 | r:  -511.000000 | e:   1.000000 | Q:        nan | won: False 
#   32 | steps:   341 | steps_t:     0 | t: 0.234369 | r:  -505.000000 | e:   1.000000 | Q:        nan | won: False 
#   33 | steps:   363 | steps_t:     0 | t: 0.249979 | r:  -521.000000 | e:   1.000000 | Q:        nan | won: False 
#   34 | steps:   372 | steps_t:     0 | t: 0.265616 | r:  -508.000000 | e:   1.000000 | Q:        nan | won: False 
#   35 | steps:   382 | steps_t:     0 | t: 0.265616 | r:  -509.000000 | e:   1.000000 | Q:        nan | won: False 
#   36 | steps:   390 | steps_t:     0 | t: 0.265616 | r:  -507.000000 | e:   1.000000 | Q:        nan | won: False 
#   37 | steps:   404 | steps_t:     0 | t: 0.281240 | r:  -502.000000 | e:   1.000000 | Q:        nan | won: False 
#   38 | steps:   409 | steps_t:     0 | t: 0.281240 | r:  -504.000000 | e:   1.000000 | Q:        nan | won: False 
#   39 | steps:   416 | steps_t:     0 | t: 0.281240 | r:  -506.000000 | e:   1.000000 | Q:        nan | won: False 
#   40 | steps:   433 | steps_t:     0 | t: 0.296865 | r:  -516.000000 | e:   1.000000 | Q:        nan | won: False 
#   41 | steps:   443 | steps_t:     0 | t: 0.296865 | r:  -509.000000 | e:   1.000000 | Q:        nan | won: False 
#   42 | steps:   459 | steps_t:     0 | t: 0.312489 | r:  -515.000000 | e:   1.000000 | Q:        nan | won: False 
#   43 | steps:   466 | steps_t:     0 | t: 0.312489 | r:  -506.000000 | e:   1.000000 | Q:        nan | won: False 
#   44 | steps:   473 | steps_t:     0 | t: 0.312489 | r:  -506.000000 | e:   1.000000 | Q:        nan | won: False 
#   45 | steps:   492 | steps_t:     0 | t: 0.328112 | r:  -518.000000 | e:   1.000000 | Q:        nan | won: False 
#   46 | steps:   503 | steps_t:     0 | t: 0.328112 | r:  -510.000000 | e:   1.000000 | Q:        nan | won: False 
#   47 | steps:   513 | steps_t:     0 | t: 0.328112 | r:  -509.000000 | e:   1.000000 | Q:        nan | won: False 
#   48 | steps:   523 | steps_t:     0 | t: 0.343741 | r:  -509.000000 | e:   1.000000 | Q:        nan | won: False 
#   49 | steps:   533 | steps_t:     0 | t: 0.343741 | r:  -509.000000 | e:   1.000000 | Q:        nan | won: False 
#   50 | steps:   544 | steps_t:     0 | t: 0.343741 | r:  -510.000000 | e:   1.000000 | Q:        nan | won: False 
#   51 | steps:   561 | steps_t:     0 | t: 0.359346 | r:  -505.000000 | e:   1.000000 | Q:        nan | won: False 
#   52 | steps:   569 | steps_t:     0 | t: 0.359346 | r:  -507.000000 | e:   1.000000 | Q:        nan | won: False 
#   53 | steps:   577 | steps_t:     0 | t: 0.374984 | r:  -507.000000 | e:   1.000000 | Q:        nan | won: False 
#   54 | steps:   588 | steps_t:     0 | t: 0.374984 | r:  -510.000000 | e:   1.000000 | Q:        nan | won: False 
#   55 | steps:   607 | steps_t:     0 | t: 0.390608 | r:  -518.000000 | e:   1.000000 | Q:        nan | won: False 
#   56 | steps:   613 | steps_t:     0 | t: 0.390608 | r:  -505.000000 | e:   1.000000 | Q:        nan | won: False 
#   57 | steps:   622 | steps_t:     0 | t: 0.390608 | r:  -508.000000 | e:   1.000000 | Q:        nan | won: False 
#   58 | steps:   633 | steps_t:     0 | t: 0.406231 | r:  -510.000000 | e:   1.000000 | Q:        nan | won: False 
#   59 | steps:   641 | steps_t:     0 | t: 0.406231 | r:  -507.000000 | e:   1.000000 | Q:        nan | won: False 
#   60 | steps:   650 | steps_t:     0 | t: 0.406231 | r:  -508.000000 | e:   1.000000 | Q:        nan | won: False 
#   61 | steps:   658 | steps_t:     0 | t: 0.406231 | r:  -507.000000 | e:   1.000000 | Q:        nan | won: False 
#   62 | steps:   666 | steps_t:     0 | t: 0.421860 | r:  -507.000000 | e:   1.000000 | Q:        nan | won: False 
#   63 | steps:   673 | steps_t:     0 | t: 0.421860 | r:  -506.000000 | e:   1.000000 | Q:        nan | won: False 
#   64 | steps:   682 | steps_t:     0 | t: 0.421860 | r:  -508.000000 | e:   1.000000 | Q:        nan | won: False 
#   65 | steps:   700 | steps_t:     0 | t: 0.437480 | r:  -517.000000 | e:   1.000000 | Q:        nan | won: False 
#   66 | steps:   709 | steps_t:     0 | t: 0.437480 | r:  -508.000000 | e:   1.000000 | Q:        nan | won: False 
#   67 | steps:   719 | steps_t:     0 | t: 0.453094 | r:  -509.000000 | e:   1.000000 | Q:        nan | won: False 
#   68 | steps:   726 | steps_t:     0 | t: 0.453094 | r:  -506.000000 | e:   1.000000 | Q:        nan | won: False 
#   69 | steps:   735 | steps_t:     0 | t: 0.453094 | r:  -508.000000 | e:   1.000000 | Q:        nan | won: False 
#   70 | steps:   742 | steps_t:     0 | t: 0.468713 | r:  -506.000000 | e:   1.000000 | Q:        nan | won: False 
#   71 | steps:   755 | steps_t:     0 | t: 0.468713 | r:  -512.000000 | e:   1.000000 | Q:        nan | won: False 
#   72 | steps:   762 | steps_t:     0 | t: 0.468713 | r:  -506.000000 | e:   1.000000 | Q:        nan | won: False 
#   73 | steps:   779 | steps_t:     0 | t: 0.484340 | r:  -516.000000 | e:   1.000000 | Q:        nan | won: False 
#   74 | steps:   786 | steps_t:     0 | t: 0.484340 | r:  -506.000000 | e:   1.000000 | Q:        nan | won: False 
#   75 | steps:   806 | steps_t:     0 | t: 0.499972 | r:  -519.000000 | e:   1.000000 | Q:        nan | won: False 
#   76 | steps:   813 | steps_t:     0 | t: 0.499972 | r:  -506.000000 | e:   1.000000 | Q:        nan | won: False 
#   77 | steps:   820 | steps_t:     0 | t: 0.515604 | r:  -506.000000 | e:   1.000000 | Q:        nan | won: False 
#   78 | steps:   833 | steps_t:     0 | t: 0.515604 | r:  -512.000000 | e:   1.000000 | Q:        nan | won: False 
#   79 | steps:   854 | steps_t:     0 | t: 0.531210 | r:  -520.000000 | e:   1.000000 | Q:        nan | won: False 
#   80 | steps:   862 | steps_t:     0 | t: 0.531210 | r:  -507.000000 | e:   1.000000 | Q:        nan | won: False 
#   81 | steps:   872 | steps_t:     0 | t: 0.546832 | r:  -509.000000 | e:   1.000000 | Q:        nan | won: False 
#   82 | steps:   893 | steps_t:     0 | t: 0.546832 | r:  -520.000000 | e:   1.000000 | Q:        nan | won: False 
#   83 | steps:   903 | steps_t:     0 | t: 0.562475 | r:  -509.000000 | e:   1.000000 | Q:        nan | won: False 
#   84 | steps:   909 | steps_t:     0 | t: 0.562475 | r:  -505.000000 | e:   1.000000 | Q:        nan | won: False 
#   85 | steps:   921 | steps_t:     0 | t: 0.562475 | r:  -511.000000 | e:   1.000000 | Q:        nan | won: False 
#   86 | steps:   942 | steps_t:     0 | t: 0.578099 | r:  -520.000000 | e:   1.000000 | Q:        nan | won: False 
#   87 | steps:   950 | steps_t:     0 | t: 0.578099 | r:  -507.000000 | e:   1.000000 | Q:        nan | won: False 
#   88 | steps:   959 | steps_t:     0 | t: 0.593723 | r:  -508.000000 | e:   1.000000 | Q:        nan | won: False 
#   89 | steps:   967 | steps_t:     0 | t: 0.593723 | r:  -507.000000 | e:   1.000000 | Q:        nan | won: False 
#   90 | steps:   977 | steps_t:     0 | t: 0.593723 | r:  -509.000000 | e:   1.000000 | Q:        nan | won: False 
#   91 | steps:   987 | steps_t:     0 | t: 0.609341 | r:  -509.000000 | e:   1.000000 | Q:        nan | won: False 
#   92 | steps:   996 | steps_t:     0 | t: 0.609341 | r:  -508.000000 | e:   1.000000 | Q:        nan | won: False 
#   93 | steps:  1009 | steps_t:     0 | t: 0.609341 | r:  -512.000000 | e:   1.000000 | Q:        nan | won: False 
#   94 | steps:  1016 | steps_t:     0 | t: 0.624952 | r:  -506.000000 | e:   1.000000 | Q:        nan | won: False 
#   95 | steps:  1024 | steps_t:     0 | t: 0.624952 | r:  -507.000000 | e:   1.000000 | Q:        nan | won: False 
#   96 | steps:  1042 | steps_t:     0 | t: 0.640589 | r:  -517.000000 | e:   1.000000 | Q:        nan | won: False 
#   97 | steps:  1068 | steps_t:     0 | t: 0.656214 | r:  -525.000000 | e:   1.000000 | Q:        nan | won: False 
#   98 | steps:  1078 | steps_t:     0 | t: 0.656214 | r:  -509.000000 | e:   1.000000 | Q:        nan | won: False 
#   99 | steps:  1087 | steps_t:     0 | t: 0.656214 | r:  -508.000000 | e:   1.000000 | Q:        nan | won: False 
#  100 | steps:  1097 | steps_t:     0 | t: 0.671837 | r:  -509.000000 | e:   1.000000 | Q:        nan | won: False 
#  101 | steps:  1105 | steps_t:     0 | t: 0.671837 | r:  -507.000000 | e:   1.000000 | Q:        nan | won: False 
#  102 | steps:  1113 | steps_t:     0 | t: 0.671837 | r:  -507.000000 | e:   1.000000 | Q:        nan | won: False 
#  103 | steps:  1125 | steps_t:     0 | t: 0.687462 | r:  -511.000000 | e:   1.000000 | Q:        nan | won: False 
#  104 | steps:  1135 | steps_t:     0 | t: 0.687462 | r:  -509.000000 | e:   1.000000 | Q:        nan | won: False 
#  105 | steps:  1140 | steps_t:     0 | t: 0.687462 | r:  -504.000000 | e:   1.000000 | Q:        nan | won: False 
#  106 | steps:  1161 | steps_t:     0 | t: 0.703093 | r:  -520.000000 | e:   1.000000 | Q:        nan | won: False 
#  107 | steps:  1176 | steps_t:     0 | t: 0.703093 | r:  -514.000000 | e:   1.000000 | Q:        nan | won: False 
#  108 | steps:  1184 | steps_t:     0 | t: 0.718697 | r:  -507.000000 | e:   1.000000 | Q:        nan | won: False 
#  109 | steps:  1193 | steps_t:     0 | t: 0.718697 | r:  -508.000000 | e:   1.000000 | Q:        nan | won: False 
#  110 | steps:  1199 | steps_t:     0 | t: 0.718697 | r:  -505.000000 | e:   1.000000 | Q:        nan | won: False 
#  111 | steps:  1205 | steps_t:     0 | t: 0.718697 | r:  -505.000000 | e:   1.000000 | Q:        nan | won: False 
#  112 | steps:  1218 | steps_t:     0 | t: 0.734333 | r:  -512.000000 | e:   1.000000 | Q:        nan | won: False 
#  113 | steps:  1228 | steps_t:     0 | t: 0.734333 | r:  -509.000000 | e:   1.000000 | Q:        nan | won: False 
#  114 | steps:  1236 | steps_t:     0 | t: 0.734333 | r:  -507.000000 | e:   1.000000 | Q:        nan | won: False 
#  115 | steps:  1254 | steps_t:     0 | t: 0.749961 | r:  -517.000000 | e:   1.000000 | Q:        nan | won: False 
#  116 | steps:  1263 | steps_t:     0 | t: 0.749961 | r:  -508.000000 | e:   1.000000 | Q:        nan | won: False 
#  117 | steps:  1270 | steps_t:     0 | t: 0.765585 | r:  -506.000000 | e:   1.000000 | Q:        nan | won: False 
#  118 | steps:  1277 | steps_t:     0 | t: 0.765585 | r:  -506.000000 | e:   1.000000 | Q:        nan | won: False 
#  119 | steps:  1287 | steps_t:     0 | t: 0.765585 | r:  -509.000000 | e:   1.000000 | Q:        nan | won: False 
#  120 | steps:  1296 | steps_t:     0 | t: 0.781204 | r:  -508.000000 | e:   1.000000 | Q:        nan | won: False 
#  121 | steps:  1302 | steps_t:     0 | t: 0.781204 | r:  -505.000000 | e:   1.000000 | Q:        nan | won: False 
#  122 | steps:  1313 | steps_t:     0 | t: 0.781204 | r:  -510.000000 | e:   1.000000 | Q:        nan | won: False 
#  123 | steps:  1328 | steps_t:     0 | t: 0.796816 | r:  -514.000000 | e:   1.000000 | Q:        nan | won: False 
#  124 | steps:  1339 | steps_t:     0 | t: 0.796816 | r:  -510.000000 | e:   1.000000 | Q:        nan | won: False 
#  125 | steps:  1346 | steps_t:     0 | t: 0.812452 | r:  -506.000000 | e:   1.000000 | Q:        nan | won: False 
#  126 | steps:  1352 | steps_t:     0 | t: 0.812452 | r:  -505.000000 | e:   1.000000 | Q:        nan | won: False 
#  127 | steps:  1360 | steps_t:     0 | t: 0.812452 | r:  -507.000000 | e:   1.000000 | Q:        nan | won: False 
#  128 | steps:  1376 | steps_t:     0 | t: 0.828076 | r:  -515.000000 | e:   1.000000 | Q:        nan | won: False 
#  129 | steps:  1384 | steps_t:     0 | t: 0.828076 | r:  -507.000000 | e:   1.000000 | Q:        nan | won: False 
#  130 | steps:  1404 | steps_t:     0 | t: 0.843688 | r:  -519.000000 | e:   1.000000 | Q:        nan | won: False 
#  131 | steps:  1423 | steps_t:     0 | t: 0.843688 | r:  -518.000000 | e:   1.000000 | Q:        nan | won: False 
#  132 | steps:  1441 | steps_t:     0 | t: 0.859329 | r:  -517.000000 | e:   1.000000 | Q:        nan | won: False 
#  133 | steps:  1450 | steps_t:     0 | t: 0.859329 | r:  -508.000000 | e:   1.000000 | Q:        nan | won: False 
#  134 | steps:  1462 | steps_t:     0 | t: 0.874953 | r:  -511.000000 | e:   1.000000 | Q:        nan | won: False 
#  135 | steps:  1470 | steps_t:     0 | t: 0.874953 | r:  -507.000000 | e:   1.000000 | Q:        nan | won: False 
#  136 | steps:  1481 | steps_t:     0 | t: 0.874953 | r:  -510.000000 | e:   1.000000 | Q:        nan | won: False 
#  137 | steps:  1498 | steps_t:     0 | t: 0.890577 | r:  -516.000000 | e:   1.000000 | Q:        nan | won: False 
#  138 | steps:  1505 | steps_t:     0 | t: 0.890577 | r:  -506.000000 | e:   1.000000 | Q:        nan | won: False 
#  139 | steps:  1520 | steps_t:     0 | t: 0.906195 | r:  -514.000000 | e:   1.000000 | Q:        nan | won: False 
#  140 | steps:  1527 | steps_t:     0 | t: 0.906195 | r:  -506.000000 | e:   1.000000 | Q:        nan | won: False 
#  141 | steps:  1538 | steps_t:     0 | t: 0.906195 | r:  -510.000000 | e:   1.000000 | Q:        nan | won: False 
#  142 | steps:  1553 | steps_t:     0 | t: 0.921824 | r:  -514.000000 | e:   1.000000 | Q:        nan | won: False 
#  143 | steps:  1563 | steps_t:     0 | t: 0.921824 | r:  -509.000000 | e:   1.000000 | Q:        nan | won: False 
#  144 | steps:  1573 | steps_t:     0 | t: 0.921824 | r:  -509.000000 | e:   1.000000 | Q:        nan | won: False 
#  145 | steps:  1581 | steps_t:     0 | t: 0.937444 | r:  -507.000000 | e:   1.000000 | Q:        nan | won: False 
#  146 | steps:  1593 | steps_t:     0 | t: 0.937444 | r:  -511.000000 | e:   1.000000 | Q:        nan | won: False 
#  147 | steps:  1616 | steps_t:     0 | t: 0.953067 | r:  -522.000000 | e:   1.000000 | Q:        nan | won: False 
#  148 | steps:  1623 | steps_t:     0 | t: 0.953067 | r:  -506.000000 | e:   1.000000 | Q:        nan | won: False 
#  149 | steps:  1644 | steps_t:     0 | t: 0.968695 | r:  -520.000000 | e:   1.000000 | Q:        nan | won: False 
#  150 | steps:  1656 | steps_t:     0 | t: 0.968695 | r:  -511.000000 | e:   1.000000 | Q:        nan | won: False 
#  151 | steps:  1663 | steps_t:     0 | t: 0.984314 | r:  -506.000000 | e:   1.000000 | Q:        nan | won: False 
#  152 | steps:  1674 | steps_t:     0 | t: 0.984314 | r:  -510.000000 | e:   1.000000 | Q:        nan | won: False 
#  153 | steps:  1685 | steps_t:     0 | t: 0.984314 | r:  -510.000000 | e:   1.000000 | Q:        nan | won: False 
#  154 | steps:  1692 | steps_t:     0 | t: 0.999938 | r:  -506.000000 | e:   1.000000 | Q:        nan | won: False 
#  155 | steps:  1702 | steps_t:     0 | t: 0.999938 | r:  -509.000000 | e:   1.000000 | Q:        nan | won: False 
#  156 | steps:  1710 | steps_t:     0 | t: 0.999938 | r:  -507.000000 | e:   1.000000 | Q:        nan | won: False 
#  157 | steps:  1715 | steps_t:     0 | t: 1.015563 | r:  -504.000000 | e:   1.000000 | Q:        nan | won: False 
#  158 | steps:  1720 | steps_t:     0 | t: 1.015563 | r:  -504.000000 | e:   1.000000 | Q:        nan | won: False 
#  159 | steps:  1726 | steps_t:     0 | t: 1.015563 | r:  -505.000000 | e:   1.000000 | Q:        nan | won: False 
#  160 | steps:  1734 | steps_t:     0 | t: 1.015563 | r:  -507.000000 | e:   1.000000 | Q:        nan | won: False 
#  161 | steps:  1744 | steps_t:     0 | t: 1.031191 | r:  -509.000000 | e:   1.000000 | Q:        nan | won: False 
#  162 | steps:  1758 | steps_t:     0 | t: 1.031191 | r:  -513.000000 | e:   1.000000 | Q:        nan | won: False 
#  163 | steps:  1764 | steps_t:     0 | t: 1.031191 | r:  -505.000000 | e:   1.000000 | Q:        nan | won: False 
#  164 | steps:  1776 | steps_t:     0 | t: 1.046815 | r:  -511.000000 | e:   1.000000 | Q:        nan | won: False 
#  165 | steps:  1783 | steps_t:     0 | t: 1.046815 | r:  -506.000000 | e:   1.000000 | Q:        nan | won: False 
#  166 | steps:  1794 | steps_t:     0 | t: 1.046815 | r:  -510.000000 | e:   1.000000 | Q:        nan | won: False 
#  167 | steps:  1808 | steps_t:     0 | t: 1.062439 | r:  -513.000000 | e:   1.000000 | Q:        nan | won: False 
#  168 | steps:  1822 | steps_t:     0 | t: 1.062439 | r:  -502.000000 | e:   1.000000 | Q:        nan | won: False 
#  169 | steps:  1830 | steps_t:     0 | t: 1.078062 | r:  -507.000000 | e:   1.000000 | Q:        nan | won: False 
#  170 | steps:  1840 | steps_t:     0 | t: 1.078062 | r:  -509.000000 | e:   1.000000 | Q:        nan | won: False 
#  171 | steps:  1849 | steps_t:     0 | t: 1.078062 | r:  -508.000000 | e:   1.000000 | Q:        nan | won: False 
#  172 | steps:  1858 | steps_t:     0 | t: 1.093682 | r:  -508.000000 | e:   1.000000 | Q:        nan | won: False 
#  173 | steps:  1870 | steps_t:     0 | t: 1.093682 | r:  -511.000000 | e:   1.000000 | Q:        nan | won: False 
#  174 | steps:  1880 | steps_t:     0 | t: 1.093682 | r:  -509.000000 | e:   1.000000 | Q:        nan | won: False 
#  175 | steps:  1890 | steps_t:     0 | t: 1.109310 | r:  -509.000000 | e:   1.000000 | Q:        nan | won: False 
#  176 | steps:  1897 | steps_t:     0 | t: 1.109310 | r:  -506.000000 | e:   1.000000 | Q:        nan | won: False 
#  177 | steps:  1905 | steps_t:     0 | t: 1.109310 | r:  -507.000000 | e:   1.000000 | Q:        nan | won: False 
#  178 | steps:  1918 | steps_t:     0 | t: 1.124929 | r:  -512.000000 | e:   1.000000 | Q:        nan | won: False 
#  179 | steps:  1943 | steps_t:     0 | t: 1.140558 | r:  -524.000000 | e:   1.000000 | Q:        nan | won: False 
#  180 | steps:  1960 | steps_t:     0 | t: 1.140558 | r:  -516.000000 | e:   1.000000 | Q:        nan | won: False 
#  181 | steps:  1967 | steps_t:     0 | t: 1.140558 | r:  -506.000000 | e:   1.000000 | Q:        nan | won: False 
#  182 | steps:  1977 | steps_t:     0 | t: 1.156184 | r:  -509.000000 | e:   1.000000 | Q:        nan | won: False 
#  183 | steps:  1989 | steps_t:     0 | t: 1.156184 | r:  -511.000000 | e:   1.000000 | Q:        nan | won: False 
#  184 | steps:  1999 | steps_t:     0 | t: 1.171801 | r:  -509.000000 | e:   1.000000 | Q:        nan | won: False 
#  185 | steps:  2021 | steps_t:     0 | t: 1.171801 | r:  -521.000000 | e:   1.000000 | Q:        nan | won: False 
#  186 | steps:  2029 | steps_t:     0 | t: 1.187429 | r:  -507.000000 | e:   1.000000 | Q:        nan | won: False 
#  187 | steps:  2042 | steps_t:     0 | t: 1.187429 | r:  -512.000000 | e:   1.000000 | Q:        nan | won: False 
#  188 | steps:  2054 | steps_t:     0 | t: 1.187429 | r:  -511.000000 | e:   1.000000 | Q:        nan | won: False 
#  189 | steps:  2063 | steps_t:     0 | t: 1.203036 | r:  -508.000000 | e:   1.000000 | Q:        nan | won: False 
#  190 | steps:  2075 | steps_t:     0 | t: 1.203036 | r:  -511.000000 | e:   1.000000 | Q:        nan | won: False 
#  191 | steps:  2083 | steps_t:     0 | t: 1.203036 | r:  -507.000000 | e:   1.000000 | Q:        nan | won: False 
#  192 | steps:  2092 | steps_t:     0 | t: 1.218677 | r:  -508.000000 | e:   1.000000 | Q:        nan | won: False 
#  193 | steps:  2103 | steps_t:     0 | t: 1.218677 | r:  -510.000000 | e:   1.000000 | Q:        nan | won: False 
#  194 | steps:  2122 | steps_t:     0 | t: 1.234296 | r:  -518.000000 | e:   1.000000 | Q:        nan | won: False 
#  195 | steps:  2128 | steps_t:     0 | t: 1.234296 | r:  -505.000000 | e:   1.000000 | Q:        nan | won: False 
#  196 | steps:  2135 | steps_t:     0 | t: 1.234296 | r:  -506.000000 | e:   1.000000 | Q:        nan | won: False 
#  197 | steps:  2150 | steps_t:     0 | t: 1.249920 | r:  -492.000000 | e:   1.000000 | Q:        nan | won: False 
#  198 | steps:  2158 | steps_t:     0 | t: 1.249920 | r:  -507.000000 | e:   1.000000 | Q:        nan | won: False 
#  199 | steps:  2166 | steps_t:     0 | t: 1.249920 | r:  -507.000000 | e:   1.000000 | Q:        nan | won: False 
#  200 | steps:  2175 | steps_t:     0 | t: 1.265549 | r:  -508.000000 | e:   1.000000 | Q:        nan | won: False 
#  201 | steps:  2183 | steps_t:     0 | t: 1.265549 | r:  -507.000000 | e:   1.000000 | Q:        nan | won: False 
#  202 | steps:  2190 | steps_t:     0 | t: 1.265549 | r:  -506.000000 | e:   1.000000 | Q:        nan | won: False 
#  203 | steps:  2209 | steps_t:     0 | t: 1.281168 | r:  -518.000000 | e:   1.000000 | Q:        nan | won: False 
#  204 | steps:  2219 | steps_t:     0 | t: 1.281168 | r:  -509.000000 | e:   1.000000 | Q:        nan | won: False 
#  205 | steps:  2226 | steps_t:     0 | t: 1.296778 | r:  -506.000000 | e:   1.000000 | Q:        nan | won: False 
#  206 | steps:  2236 | steps_t:     0 | t: 1.296778 | r:  -509.000000 | e:   1.000000 | Q:        nan | won: False 
#  207 | steps:  2243 | steps_t:     0 | t: 1.296778 | r:  -506.000000 | e:   1.000000 | Q:        nan | won: False 
#  208 | steps:  2249 | steps_t:     0 | t: 1.312421 | r:  -505.000000 | e:   1.000000 | Q:        nan | won: False 
#  209 | steps:  2260 | steps_t:     0 | t: 1.312421 | r:  -510.000000 | e:   1.000000 | Q:        nan | won: False 
#  210 | steps:  2269 | steps_t:     0 | t: 1.312421 | r:  -508.000000 | e:   1.000000 | Q:        nan | won: False 
#  211 | steps:  2277 | steps_t:     0 | t: 1.328039 | r:  -507.000000 | e:   1.000000 | Q:        nan | won: False 
#  212 | steps:  2285 | steps_t:     0 | t: 1.328039 | r:  -507.000000 | e:   1.000000 | Q:        nan | won: False 
#  213 | steps:  2295 | steps_t:     0 | t: 1.328039 | r:  -509.000000 | e:   1.000000 | Q:        nan | won: False 
#  214 | steps:  2305 | steps_t:     0 | t: 1.343664 | r:  -509.000000 | e:   1.000000 | Q:        nan | won: False 
#  215 | steps:  2325 | steps_t:     0 | t: 1.343664 | r:  -519.000000 | e:   1.000000 | Q:        nan | won: False 
#  216 | steps:  2350 | steps_t:     0 | t: 1.359274 | r:  -524.000000 | e:   1.000000 | Q:        nan | won: False 
#  217 | steps:  2360 | steps_t:     0 | t: 1.374911 | r:  -509.000000 | e:   1.000000 | Q:        nan | won: False 
#  218 | steps:  2368 | steps_t:     0 | t: 1.374911 | r:  -507.000000 | e:   1.000000 | Q:        nan | won: False 
#  219 | steps:  2377 | steps_t:     0 | t: 1.374911 | r:  -508.000000 | e:   1.000000 | Q:        nan | won: False 
#  220 | steps:  2384 | steps_t:     0 | t: 1.374911 | r:  -506.000000 | e:   1.000000 | Q:        nan | won: False 
#  221 | steps:  2398 | steps_t:     0 | t: 1.390540 | r:  -513.000000 | e:   1.000000 | Q:        nan | won: False 
#  222 | steps:  2405 | steps_t:     0 | t: 1.390540 | r:  -506.000000 | e:   1.000000 | Q:        nan | won: False 
#  223 | steps:  2412 | steps_t:     0 | t: 1.390540 | r:  -506.000000 | e:   1.000000 | Q:        nan | won: False 
#  224 | steps:  2422 | steps_t:     0 | t: 1.406164 | r:  -509.000000 | e:   1.000000 | Q:        nan | won: False 
#  225 | steps:  2439 | steps_t:     0 | t: 1.406164 | r:  -516.000000 | e:   1.000000 | Q:        nan | won: False 
#  226 | steps:  2446 | steps_t:     0 | t: 1.421784 | r:  -506.000000 | e:   1.000000 | Q:        nan | won: False 
#  227 | steps:  2455 | steps_t:     0 | t: 1.421784 | r:  -508.000000 | e:   1.000000 | Q:        nan | won: False 
#  228 | steps:  2463 | steps_t:     0 | t: 1.421784 | r:  -507.000000 | e:   1.000000 | Q:        nan | won: False 
#  229 | steps:  2477 | steps_t:     0 | t: 1.437406 | r:  -513.000000 | e:   1.000000 | Q:        nan | won: False 
#  230 | steps:  2484 | steps_t:     0 | t: 1.437406 | r:  -506.000000 | e:   1.000000 | Q:        nan | won: False 
#  231 | steps:  2492 | steps_t:     0 | t: 1.437406 | r:  -507.000000 | e:   1.000000 | Q:        nan | won: False 
#  232 | steps:  2515 | steps_t:     0 | t: 1.453031 | r:  -522.000000 | e:   1.000000 | Q:        nan | won: False 
#  233 | steps:  2523 | steps_t:     0 | t: 1.453031 | r:  -507.000000 | e:   1.000000 | Q:        nan | won: False 
#  234 | steps:  2531 | steps_t:     0 | t: 1.468691 | r:  -507.000000 | e:   1.000000 | Q:        nan | won: False 
#  235 | steps:  2547 | steps_t:     0 | t: 1.468691 | r:  -515.000000 | e:   1.000000 | Q:        nan | won: False 
#  236 | steps:  2556 | steps_t:     0 | t: 1.468691 | r:  -508.000000 | e:   1.000000 | Q:        nan | won: False 
#  237 | steps:  2576 | steps_t:     0 | t: 1.484266 | r:  -519.000000 | e:   1.000000 | Q:        nan | won: False 
#  238 | steps:  2584 | steps_t:     0 | t: 1.499892 | r:  -507.000000 | e:   1.000000 | Q:        nan | won: False 
#  239 | steps:  2594 | steps_t:     0 | t: 1.499892 | r:  -509.000000 | e:   1.000000 | Q:        nan | won: False 
#  240 | steps:  2602 | steps_t:     0 | t: 1.499892 | r:  -507.000000 | e:   1.000000 | Q:        nan | won: False 
#  241 | steps:  2611 | steps_t:     0 | t: 1.515526 | r:  -508.000000 | e:   1.000000 | Q:        nan | won: False 
#  242 | steps:  2623 | steps_t:     0 | t: 1.515526 | r:  -511.000000 | e:   1.000000 | Q:        nan | won: False 
#  243 | steps:  2636 | steps_t:     0 | t: 1.531150 | r:  -512.000000 | e:   1.000000 | Q:        nan | won: False 
#  244 | steps:  2644 | steps_t:     0 | t: 1.531150 | r:  -507.000000 | e:   1.000000 | Q:        nan | won: False 
#  245 | steps:  2653 | steps_t:     0 | t: 1.531150 | r:  -508.000000 | e:   1.000000 | Q:        nan | won: False 
#  246 | steps:  2673 | steps_t:     0 | t: 1.546774 | r:  -519.000000 | e:   1.000000 | Q:        nan | won: False 
#  247 | steps:  2684 | steps_t:     0 | t: 1.546774 | r:  -510.000000 | e:   1.000000 | Q:        nan | won: False 
#  248 | steps:  2690 | steps_t:     0 | t: 1.546774 | r:  -505.000000 | e:   1.000000 | Q:        nan | won: False 
#  249 | steps:  2696 | steps_t:     0 | t: 1.562385 | r:  -505.000000 | e:   1.000000 | Q:        nan | won: False 
#  250 | steps:  2704 | steps_t:     0 | t: 1.562385 | r:  -507.000000 | e:   1.000000 | Q:        nan | won: False 
#  251 | steps:  2713 | steps_t:     0 | t: 1.562385 | r:  -508.000000 | e:   1.000000 | Q:        nan | won: False 
#  252 | steps:  2722 | steps_t:     0 | t: 1.578021 | r:  -508.000000 | e:   1.000000 | Q:        nan | won: False 
#  253 | steps:  2731 | steps_t:     0 | t: 1.578021 | r:  -508.000000 | e:   1.000000 | Q:        nan | won: False 
#  254 | steps:  2749 | steps_t:     0 | t: 1.593646 | r:  -517.000000 | e:   1.000000 | Q:        nan | won: False 
#  255 | steps:  2757 | steps_t:     0 | t: 1.593646 | r:  -507.000000 | e:   1.000000 | Q:        nan | won: False 
#  256 | steps:  2765 | steps_t:     0 | t: 1.593646 | r:  -507.000000 | e:   1.000000 | Q:        nan | won: False 
#  257 | steps:  2773 | steps_t:     0 | t: 1.593646 | r:  -507.000000 | e:   1.000000 | Q:        nan | won: False 
#  258 | steps:  2780 | steps_t:     0 | t: 1.609255 | r:  -506.000000 | e:   1.000000 | Q:        nan | won: False 
#  259 | steps:  2794 | steps_t:     0 | t: 1.609255 | r:  -513.000000 | e:   1.000000 | Q:        nan | won: False 
#  260 | steps:  2803 | steps_t:     0 | t: 1.609255 | r:  -508.000000 | e:   1.000000 | Q:        nan | won: False 
#  261 | steps:  2814 | steps_t:     0 | t: 1.624889 | r:  -510.000000 | e:   1.000000 | Q:        nan | won: False 
#  262 | steps:  2822 | steps_t:     0 | t: 1.624889 | r:  -507.000000 | e:   1.000000 | Q:        nan | won: False 
#  263 | steps:  2832 | steps_t:     0 | t: 1.640518 | r:  -509.000000 | e:   1.000000 | Q:        nan | won: False 
#  264 | steps:  2838 | steps_t:     0 | t: 1.640518 | r:  -505.000000 | e:   1.000000 | Q:        nan | won: False 
#  265 | steps:  2847 | steps_t:     0 | t: 1.640518 | r:  -508.000000 | e:   1.000000 | Q:        nan | won: False 
#  266 | steps:  2865 | steps_t:     0 | t: 1.656141 | r:  -517.000000 | e:   1.000000 | Q:        nan | won: False 
#  267 | steps:  2871 | steps_t:     0 | t: 1.656141 | r:  -505.000000 | e:   1.000000 | Q:        nan | won: False 
#  268 | steps:  2881 | steps_t:     0 | t: 1.656141 | r:  -509.000000 | e:   1.000000 | Q:        nan | won: False 
#  269 | steps:  2890 | steps_t:     0 | t: 1.671751 | r:  -508.000000 | e:   1.000000 | Q:        nan | won: False 
#  270 | steps:  2897 | steps_t:     0 | t: 1.671751 | r:  -506.000000 | e:   1.000000 | Q:        nan | won: False 
#  271 | steps:  2907 | steps_t:     0 | t: 1.671751 | r:  -509.000000 | e:   1.000000 | Q:        nan | won: False 
#  272 | steps:  2918 | steps_t:     0 | t: 1.687388 | r:  -510.000000 | e:   1.000000 | Q:        nan | won: False 
#  273 | steps:  2923 | steps_t:     0 | t: 1.687388 | r:  -504.000000 | e:   1.000000 | Q:        nan | won: False 
#  274 | steps:  2934 | steps_t:     0 | t: 1.687388 | r:  -510.000000 | e:   1.000000 | Q:        nan | won: False 
#  275 | steps:  2951 | steps_t:     0 | t: 1.703007 | r:  -516.000000 | e:   1.000000 | Q:        nan | won: False 
#  276 | steps:  2963 | steps_t:     0 | t: 1.718623 | r:  -511.000000 | e:   1.000000 | Q:        nan | won: False 
#  277 | steps:  2978 | steps_t:     0 | t: 1.718623 | r:  -514.000000 | e:   1.000000 | Q:        nan | won: False 
#  278 | steps:  2991 | steps_t:     0 | t: 1.734262 | r:  -512.000000 | e:   1.000000 | Q:        nan | won: False 
#  279 | steps:  3007 | steps_t:     0 | t: 1.749890 | r:  -515.000000 | e:   1.000000 | Q:        nan | won: False 
#  280 | steps:  3016 | steps_t:     0 | t: 1.749890 | r:  -508.000000 | e:   1.000000 | Q:        nan | won: False 
#  281 | steps:  3024 | steps_t:     0 | t: 1.749890 | r:  -507.000000 | e:   1.000000 | Q:        nan | won: False 
#  282 | steps:  3038 | steps_t:     0 | t: 1.765497 | r:  -513.000000 | e:   1.000000 | Q:        nan | won: False 
#  283 | steps:  3055 | steps_t:     0 | t: 1.781132 | r:  -516.000000 | e:   1.000000 | Q:        nan | won: False 
#  284 | steps:  3066 | steps_t:     0 | t: 1.781132 | r:  -510.000000 | e:   1.000000 | Q:        nan | won: False 
#  285 | steps:  3077 | steps_t:     0 | t: 1.781132 | r:  -510.000000 | e:   1.000000 | Q:        nan | won: False 
#  286 | steps:  3087 | steps_t:     0 | t: 1.796755 | r:  -509.000000 | e:   1.000000 | Q:        nan | won: False 
#  287 | steps:  3107 | steps_t:     0 | t: 1.796755 | r:  -519.000000 | e:   1.000000 | Q:        nan | won: False 
#  288 | steps:  3117 | steps_t:     0 | t: 1.812384 | r:  -509.000000 | e:   1.000000 | Q:        nan | won: False 
#  289 | steps:  3126 | steps_t:     0 | t: 1.812384 | r:  -508.000000 | e:   1.000000 | Q:        nan | won: False 
#  290 | steps:  3135 | steps_t:     0 | t: 1.812384 | r:  -508.000000 | e:   1.000000 | Q:        nan | won: False 
#  291 | steps:  3155 | steps_t:     0 | t: 1.828003 | r:  -519.000000 | e:   1.000000 | Q:        nan | won: False 
#  292 | steps:  3164 | steps_t:     0 | t: 1.828003 | r:  -508.000000 | e:   1.000000 | Q:        nan | won: False 
#  293 | steps:  3175 | steps_t:     0 | t: 1.843628 | r:  -510.000000 | e:   1.000000 | Q:        nan | won: False 
#  294 | steps:  3191 | steps_t:     0 | t: 1.843628 | r:  -515.000000 | e:   1.000000 | Q:        nan | won: False 
#  295 | steps:  3200 | steps_t:     0 | t: 1.859251 | r:  -508.000000 | e:   1.000000 | Q:        nan | won: False 
#  296 | steps:  3209 | steps_t:     0 | t: 1.859251 | r:  -508.000000 | e:   1.000000 | Q:        nan | won: False 
#  297 | steps:  3216 | steps_t:     0 | t: 1.859251 | r:  -506.000000 | e:   1.000000 | Q:        nan | won: False 
#  298 | steps:  3232 | steps_t:     0 | t: 1.874876 | r:  -515.000000 | e:   1.000000 | Q:        nan | won: False 
#  299 | steps:  3242 | steps_t:     0 | t: 1.874876 | r:  -509.000000 | e:   1.000000 | Q:        nan | won: False 
#  300 | steps:  3253 | steps_t:     0 | t: 1.874876 | r:  -510.000000 | e:   1.000000 | Q:        nan | won: False 
#  301 | steps:  3268 | steps_t:     0 | t: 1.890485 | r:  -514.000000 | e:   1.000000 | Q:        nan | won: False 
#  302 | steps:  3278 | steps_t:     0 | t: 1.890485 | r:  -509.000000 | e:   1.000000 | Q:        nan | won: False 
#  303 | steps:  3288 | steps_t:     0 | t: 1.906122 | r:  -509.000000 | e:   1.000000 | Q:        nan | won: False 
#  304 | steps:  3294 | steps_t:     0 | t: 1.906122 | r:  -505.000000 | e:   1.000000 | Q:        nan | won: False 
#  305 | steps:  3301 | steps_t:     0 | t: 1.906122 | r:  -506.000000 | e:   1.000000 | Q:        nan | won: False 
#  306 | steps:  3307 | steps_t:     0 | t: 1.906122 | r:  -505.000000 | e:   1.000000 | Q:        nan | won: False 
#  307 | steps:  3316 | steps_t:     0 | t: 1.921746 | r:  -508.000000 | e:   1.000000 | Q:        nan | won: False 
#  308 | steps:  3329 | steps_t:     0 | t: 1.921746 | r:  -512.000000 | e:   1.000000 | Q:        nan | won: False 
#  309 | steps:  3348 | steps_t:     0 | t: 1.937370 | r:  -518.000000 | e:   1.000000 | Q:        nan | won: False 
#  310 | steps:  3354 | steps_t:     0 | t: 1.937370 | r:  -505.000000 | e:   1.000000 | Q:        nan | won: False 
#  311 | steps:  3373 | steps_t:     0 | t: 1.952996 | r:  -518.000000 | e:   1.000000 | Q:        nan | won: False 
#  312 | steps:  3380 | steps_t:     0 | t: 1.952996 | r:  -506.000000 | e:   1.000000 | Q:        nan | won: False 
#  313 | steps:  3388 | steps_t:     0 | t: 1.952996 | r:  -507.000000 | e:   1.000000 | Q:        nan | won: False 
#  314 | steps:  3399 | steps_t:     0 | t: 1.968618 | r:  -510.000000 | e:   1.000000 | Q:        nan | won: False 
#  315 | steps:  3408 | steps_t:     0 | t: 1.968618 | r:  -508.000000 | e:   1.000000 | Q:        nan | won: False 
#  316 | steps:  3424 | steps_t:     0 | t: 1.968618 | r:  -515.000000 | e:   1.000000 | Q:        nan | won: False 
#  317 | steps:  3442 | steps_t:     0 | t: 1.984242 | r:  -517.000000 | e:   1.000000 | Q:        nan | won: False 
#  318 | steps:  3448 | steps_t:     0 | t: 1.984242 | r:  -505.000000 | e:   1.000000 | Q:        nan | won: False 
#  319 | steps:  3456 | steps_t:     0 | t: 1.999870 | r:  -507.000000 | e:   1.000000 | Q:        nan | won: False 
#  320 | steps:  3466 | steps_t:     0 | t: 1.999870 | r:  -509.000000 | e:   1.000000 | Q:        nan | won: False 
#  321 | steps:  3473 | steps_t:     0 | t: 1.999870 | r:  -506.000000 | e:   1.000000 | Q:        nan | won: False 
#  322 | steps:  3485 | steps_t:     0 | t: 2.015490 | r:  -511.000000 | e:   1.000000 | Q:        nan | won: False 
#  323 | steps:  3495 | steps_t:     0 | t: 2.015490 | r:  -509.000000 | e:   1.000000 | Q:        nan | won: False 
#  324 | steps:  3515 | steps_t:     0 | t: 2.031114 | r:  -519.000000 | e:   1.000000 | Q:        nan | won: False 
#  325 | steps:  3524 | steps_t:     0 | t: 2.031114 | r:  -508.000000 | e:   1.000000 | Q:        nan | won: False 
#  326 | steps:  3534 | steps_t:     0 | t: 2.031114 | r:  -509.000000 | e:   1.000000 | Q:        nan | won: False 
#  327 | steps:  3541 | steps_t:     0 | t: 2.046737 | r:  -506.000000 | e:   1.000000 | Q:        nan | won: False 
#  328 | steps:  3550 | steps_t:     0 | t: 2.046737 | r:  -508.000000 | e:   1.000000 | Q:        nan | won: False 
#  329 | steps:  3557 | steps_t:     0 | t: 2.046737 | r:  -506.000000 | e:   1.000000 | Q:        nan | won: False 
#  330 | steps:  3569 | steps_t:     0 | t: 2.062361 | r:  -511.000000 | e:   1.000000 | Q:        nan | won: False 
#  331 | steps:  3605 | steps_t:     0 | t: 2.077990 | r:  -535.000000 | e:   1.000000 | Q:        nan | won: False 
#  332 | steps:  3614 | steps_t:     0 | t: 2.077990 | r:  -508.000000 | e:   1.000000 | Q:        nan | won: False 
#  333 | steps:  3625 | steps_t:     0 | t: 2.093614 | r:  -510.000000 | e:   1.000000 | Q:        nan | won: False 
#  334 | steps:  3633 | steps_t:     0 | t: 2.093614 | r:  -507.000000 | e:   1.000000 | Q:        nan | won: False 
#  335 | steps:  3646 | steps_t:     0 | t: 2.093614 | r:  -512.000000 | e:   1.000000 | Q:        nan | won: False 
#  336 | steps:  3655 | steps_t:     0 | t: 2.109237 | r:  -508.000000 | e:   1.000000 | Q:        nan | won: False 
#  337 | steps:  3660 | steps_t:     0 | t: 2.109237 | r:  -504.000000 | e:   1.000000 | Q:        nan | won: False 
#  338 | steps:  3682 | steps_t:     0 | t: 2.124857 | r:  -521.000000 | e:   1.000000 | Q:        nan | won: False 
#  339 | steps:  3693 | steps_t:     0 | t: 2.124857 | r:  -510.000000 | e:   1.000000 | Q:        nan | won: False 
#  340 | steps:  3701 | steps_t:     0 | t: 2.124857 | r:  -507.000000 | e:   1.000000 | Q:        nan | won: False 
#  341 | steps:  3717 | steps_t:     0 | t: 2.140480 | r:  -504.000000 | e:   1.000000 | Q:        nan | won: False 
#  342 | steps:  3723 | steps_t:     0 | t: 2.140480 | r:  -505.000000 | e:   1.000000 | Q:        nan | won: False 
#  343 | steps:  3744 | steps_t:     0 | t: 2.156105 | r:  -520.000000 | e:   1.000000 | Q:        nan | won: False 
#  344 | steps:  3752 | steps_t:     0 | t: 2.156105 | r:  -507.000000 | e:   1.000000 | Q:        nan | won: False 
#  345 | steps:  3760 | steps_t:     0 | t: 2.156105 | r:  -507.000000 | e:   1.000000 | Q:        nan | won: False 
#  346 | steps:  3779 | steps_t:     0 | t: 2.171728 | r:  -518.000000 | e:   1.000000 | Q:        nan | won: False 
#  347 | steps:  3788 | steps_t:     0 | t: 2.171728 | r:  -508.000000 | e:   1.000000 | Q:        nan | won: False 
#  348 | steps:  3798 | steps_t:     0 | t: 2.187340 | r:  -509.000000 | e:   1.000000 | Q:        nan | won: False 
#  349 | steps:  3808 | steps_t:     0 | t: 2.187340 | r:  -509.000000 | e:   1.000000 | Q:        nan | won: False 
#  350 | steps:  3814 | steps_t:     0 | t: 2.187340 | r:  -505.000000 | e:   1.000000 | Q:        nan | won: False 
#  351 | steps:  3824 | steps_t:     0 | t: 2.202981 | r:  -509.000000 | e:   1.000000 | Q:        nan | won: False 
#  352 | steps:  3848 | steps_t:     0 | t: 2.218608 | r:  -523.000000 | e:   1.000000 | Q:        nan | won: False 
#  353 | steps:  3857 | steps_t:     0 | t: 2.218608 | r:  -508.000000 | e:   1.000000 | Q:        nan | won: False 
#  354 | steps:  3869 | steps_t:     0 | t: 2.218608 | r:  -511.000000 | e:   1.000000 | Q:        nan | won: False 
#  355 | steps:  3882 | steps_t:     0 | t: 2.234229 | r:  -512.000000 | e:   1.000000 | Q:        nan | won: False 
#  356 | steps:  3901 | steps_t:     0 | t: 2.234229 | r:  -518.000000 | e:   1.000000 | Q:        nan | won: False 
#  357 | steps:  3913 | steps_t:     0 | t: 2.249852 | r:  -511.000000 | e:   1.000000 | Q:        nan | won: False 
#  358 | steps:  3922 | steps_t:     0 | t: 2.249852 | r:  -508.000000 | e:   1.000000 | Q:        nan | won: False 
#  359 | steps:  3942 | steps_t:     0 | t: 2.265471 | r:  -508.000000 | e:   1.000000 | Q:        nan | won: False 
#  360 | steps:  3951 | steps_t:     0 | t: 2.265471 | r:  -508.000000 | e:   1.000000 | Q:        nan | won: False 
#  361 | steps:  3958 | steps_t:     0 | t: 2.265471 | r:  -506.000000 | e:   1.000000 | Q:        nan | won: False 
#  362 | steps:  3971 | steps_t:     0 | t: 2.281096 | r:  -512.000000 | e:   1.000000 | Q:        nan | won: False 
#  363 | steps:  3980 | steps_t:     0 | t: 2.281096 | r:  -508.000000 | e:   1.000000 | Q:        nan | won: False 
#  364 | steps:  3995 | steps_t:     0 | t: 2.296719 | r:  -514.000000 | e:   1.000000 | Q:        nan | won: False 
#  365 | steps:  4003 | steps_t:     0 | t: 2.296719 | r:  -507.000000 | e:   1.000000 | Q:        nan | won: False 
#  366 | steps:  4015 | steps_t:     0 | t: 2.296719 | r:  -511.000000 | e:   1.000000 | Q:        nan | won: False 
#  367 | steps:  4027 | steps_t:     0 | t: 2.312348 | r:  -511.000000 | e:   1.000000 | Q:        nan | won: False 
#  368 | steps:  4048 | steps_t:     0 | t: 2.327966 | r:  -520.000000 | e:   1.000000 | Q:        nan | won: False 
#  369 | steps:  4054 | steps_t:     0 | t: 2.327966 | r:  -505.000000 | e:   1.000000 | Q:        nan | won: False 
#  370 | steps:  4063 | steps_t:     0 | t: 2.327966 | r:  -508.000000 | e:   1.000000 | Q:        nan | won: False 
#  371 | steps:  4074 | steps_t:     0 | t: 2.343578 | r:  -510.000000 | e:   1.000000 | Q:        nan | won: False 
#  372 | steps:  4084 | steps_t:     0 | t: 2.343578 | r:  -509.000000 | e:   1.000000 | Q:        nan | won: False 
#  373 | steps:  4093 | steps_t:     0 | t: 2.343578 | r:  -508.000000 | e:   1.000000 | Q:        nan | won: False 
#  374 | steps:  4104 | steps_t:     0 | t: 2.359215 | r:  -510.000000 | e:   1.000000 | Q:        nan | won: False 
#  375 | steps:  4110 | steps_t:     0 | t: 2.359215 | r:  -505.000000 | e:   1.000000 | Q:        nan | won: False 
#  376 | steps:  4120 | steps_t:     0 | t: 2.359215 | r:  -509.000000 | e:   1.000000 | Q:        nan | won: False 
#  377 | steps:  4133 | steps_t:     0 | t: 2.374839 | r:  -501.000000 | e:   1.000000 | Q:        nan | won: False 
#  378 | steps:  4153 | steps_t:     0 | t: 2.374839 | r:  -519.000000 | e:   1.000000 | Q:        nan | won: False 
#  379 | steps:  4164 | steps_t:     0 | t: 2.390462 | r:  -510.000000 | e:   1.000000 | Q:        nan | won: False 
#  380 | steps:  4177 | steps_t:     0 | t: 2.390462 | r:  -512.000000 | e:   1.000000 | Q:        nan | won: False 
#  381 | steps:  4188 | steps_t:     0 | t: 2.406086 | r:  -510.000000 | e:   1.000000 | Q:        nan | won: False 
#  382 | steps:  4210 | steps_t:     0 | t: 2.406086 | r:  -521.000000 | e:   1.000000 | Q:        nan | won: False 
#  383 | steps:  4217 | steps_t:     0 | t: 2.421715 | r:  -506.000000 | e:   1.000000 | Q:        nan | won: False 
#  384 | steps:  4236 | steps_t:     0 | t: 2.421715 | r:  -518.000000 | e:   1.000000 | Q:        nan | won: False 
#  385 | steps:  4246 | steps_t:     0 | t: 2.437334 | r:  -509.000000 | e:   1.000000 | Q:        nan | won: False 
#  386 | steps:  4255 | steps_t:     0 | t: 2.437334 | r:  -508.000000 | e:   1.000000 | Q:        nan | won: False 
#  387 | steps:  4266 | steps_t:     0 | t: 2.437334 | r:  -510.000000 | e:   1.000000 | Q:        nan | won: False 
#  388 | steps:  4274 | steps_t:     0 | t: 2.452958 | r:  -507.000000 | e:   1.000000 | Q:        nan | won: False 
#  389 | steps:  4291 | steps_t:     0 | t: 2.452958 | r:  -516.000000 | e:   1.000000 | Q:        nan | won: False 
#  390 | steps:  4308 | steps_t:     0 | t: 2.468582 | r:  -516.000000 | e:   1.000000 | Q:        nan | won: False 
#  391 | steps:  4317 | steps_t:     0 | t: 2.468582 | r:  -508.000000 | e:   1.000000 | Q:        nan | won: False 
#  392 | steps:  4326 | steps_t:     0 | t: 2.468582 | r:  -508.000000 | e:   1.000000 | Q:        nan | won: False 
#  393 | steps:  4334 | steps_t:     0 | t: 2.484208 | r:  -507.000000 | e:   1.000000 | Q:        nan | won: False 
#  394 | steps:  4348 | steps_t:     0 | t: 2.484208 | r:  -513.000000 | e:   1.000000 | Q:        nan | won: False 
#  395 | steps:  4357 | steps_t:     0 | t: 2.484208 | r:  -508.000000 | e:   1.000000 | Q:        nan | won: False 
#  396 | steps:  4369 | steps_t:     0 | t: 2.499834 | r:  -511.000000 | e:   1.000000 | Q:        nan | won: False 
#  397 | steps:  4381 | steps_t:     0 | t: 2.499834 | r:  -511.000000 | e:   1.000000 | Q:        nan | won: False 
#  398 | steps:  4397 | steps_t:     0 | t: 2.515454 | r:  -515.000000 | e:   1.000000 | Q:        nan | won: False 
#  399 | steps:  4405 | steps_t:     0 | t: 2.515454 | r:  -507.000000 | e:   1.000000 | Q:        nan | won: False 
#  400 | steps:  4412 | steps_t:     0 | t: 2.515454 | r:  -506.000000 | e:   1.000000 | Q:        nan | won: False 
#  401 | steps:  4423 | steps_t:     0 | t: 2.531078 | r:  -510.000000 | e:   1.000000 | Q:        nan | won: False 
#  402 | steps:  4441 | steps_t:     0 | t: 2.531078 | r:  -517.000000 | e:   1.000000 | Q:        nan | won: False 
#  403 | steps:  4457 | steps_t:     0 | t: 2.546707 | r:  -515.000000 | e:   1.000000 | Q:        nan | won: False 
#  404 | steps:  4479 | steps_t:     0 | t: 2.562325 | r:  -521.000000 | e:   1.000000 | Q:        nan | won: False 
#  405 | steps:  4502 | steps_t:     0 | t: 2.577953 | r:  -522.000000 | e:   1.000000 | Q:        nan | won: False 
#  406 | steps:  4514 | steps_t:     0 | t: 2.577953 | r:  -511.000000 | e:   1.000000 | Q:        nan | won: False 
#  407 | steps:  4534 | steps_t:     0 | t: 2.593577 | r:  -519.000000 | e:   1.000000 | Q:        nan | won: False 
#  408 | steps:  4541 | steps_t:     0 | t: 2.593577 | r:  -506.000000 | e:   1.000000 | Q:        nan | won: False 
#  409 | steps:  4551 | steps_t:     0 | t: 2.593577 | r:  -509.000000 | e:   1.000000 | Q:        nan | won: False 
#  410 | steps:  4558 | steps_t:     0 | t: 2.609197 | r:  -506.000000 | e:   1.000000 | Q:        nan | won: False 
#  411 | steps:  4566 | steps_t:     0 | t: 2.609197 | r:  -507.000000 | e:   1.000000 | Q:        nan | won: False 
#  412 | steps:  4597 | steps_t:     0 | t: 2.624820 | r:  -519.000000 | e:   1.000000 | Q:        nan | won: False 
#  413 | steps:  4609 | steps_t:     0 | t: 2.624820 | r:  -511.000000 | e:   1.000000 | Q:        nan | won: False 
#  414 | steps:  4615 | steps_t:     0 | t: 2.640444 | r:  -505.000000 | e:   1.000000 | Q:        nan | won: False 
#  415 | steps:  4626 | steps_t:     0 | t: 2.640444 | r:  -510.000000 | e:   1.000000 | Q:        nan | won: False 
#  416 | steps:  4634 | steps_t:     0 | t: 2.640444 | r:  -507.000000 | e:   1.000000 | Q:        nan | won: False 
#  417 | steps:  4643 | steps_t:     0 | t: 2.656068 | r:  -508.000000 | e:   1.000000 | Q:        nan | won: False 
#  418 | steps:  4657 | steps_t:     0 | t: 2.656068 | r:  -513.000000 | e:   1.000000 | Q:        nan | won: False 
#  419 | steps:  4665 | steps_t:     0 | t: 2.656068 | r:  -507.000000 | e:   1.000000 | Q:        nan | won: False 
#  420 | steps:  4675 | steps_t:     0 | t: 2.671693 | r:  -509.000000 | e:   1.000000 | Q:        nan | won: False 
#  421 | steps:  4680 | steps_t:     0 | t: 2.671693 | r:  -504.000000 | e:   1.000000 | Q:        nan | won: False 
#  422 | steps:  4689 | steps_t:     0 | t: 2.671693 | r:  -508.000000 | e:   1.000000 | Q:        nan | won: False 
#  423 | steps:  4703 | steps_t:     0 | t: 2.687317 | r:  -502.000000 | e:   1.000000 | Q:        nan | won: False 
#  424 | steps:  4711 | steps_t:     0 | t: 2.687317 | r:  -507.000000 | e:   1.000000 | Q:        nan | won: False 
#  425 | steps:  4717 | steps_t:     0 | t: 2.687317 | r:  -505.000000 | e:   1.000000 | Q:        nan | won: False 
#  426 | steps:  4725 | steps_t:     0 | t: 2.687317 | r:  -507.000000 | e:   1.000000 | Q:        nan | won: False 
#  427 | steps:  4733 | steps_t:     0 | t: 2.702927 | r:  -507.000000 | e:   1.000000 | Q:        nan | won: False 
#  428 | steps:  4741 | steps_t:     0 | t: 2.702927 | r:  -507.000000 | e:   1.000000 | Q:        nan | won: False 
#  429 | steps:  4752 | steps_t:     0 | t: 2.702927 | r:  -510.000000 | e:   1.000000 | Q:        nan | won: False 
#  430 | steps:  4760 | steps_t:     0 | t: 2.718551 | r:  -507.000000 | e:   1.000000 | Q:        nan | won: False 
#  431 | steps:  4768 | steps_t:     0 | t: 2.718551 | r:  -507.000000 | e:   1.000000 | Q:        nan | won: False 
#  432 | steps:  4783 | steps_t:     0 | t: 2.734188 | r:  -503.000000 | e:   1.000000 | Q:        nan | won: False 
#  433 | steps:  4793 | steps_t:     0 | t: 2.734188 | r:  -509.000000 | e:   1.000000 | Q:        nan | won: False 
#  434 | steps:  4802 | steps_t:     0 | t: 2.734188 | r:  -508.000000 | e:   1.000000 | Q:        nan | won: False 
#  435 | steps:  4827 | steps_t:     0 | t: 2.749812 | r:  -513.000000 | e:   1.000000 | Q:        nan | won: False 
#  436 | steps:  4839 | steps_t:     0 | t: 2.749812 | r:  -511.000000 | e:   1.000000 | Q:        nan | won: False 
#  437 | steps:  4851 | steps_t:     0 | t: 2.765421 | r:  -511.000000 | e:   1.000000 | Q:        nan | won: False 
#  438 | steps:  4858 | steps_t:     0 | t: 2.765421 | r:  -506.000000 | e:   1.000000 | Q:        nan | won: False 
#  439 | steps:  4871 | steps_t:     0 | t: 2.781059 | r:  -501.000000 | e:   1.000000 | Q:        nan | won: False 
#  440 | steps:  4880 | steps_t:     0 | t: 2.781059 | r:  -508.000000 | e:   1.000000 | Q:        nan | won: False 
#  441 | steps:  4886 | steps_t:     0 | t: 2.781059 | r:  -505.000000 | e:   1.000000 | Q:        nan | won: False 
#  442 | steps:  4896 | steps_t:     0 | t: 2.796683 | r:  -509.000000 | e:   1.000000 | Q:        nan | won: False 
#  443 | steps:  4914 | steps_t:     0 | t: 2.796683 | r:  -517.000000 | e:   1.000000 | Q:        nan | won: False 
#  444 | steps:  4920 | steps_t:     0 | t: 2.796683 | r:  -505.000000 | e:   1.000000 | Q:        nan | won: False 
#  445 | steps:  4930 | steps_t:     0 | t: 2.812294 | r:  -509.000000 | e:   1.000000 | Q:        nan | won: False 
#  446 | steps:  4943 | steps_t:     0 | t: 2.812294 | r:  -512.000000 | e:   1.000000 | Q:        nan | won: False 
#  447 | steps:  4951 | steps_t:     0 | t: 2.827931 | r:  -507.000000 | e:   1.000000 | Q:        nan | won: False 
#  448 | steps:  4967 | steps_t:     0 | t: 2.827931 | r:  -515.000000 | e:   1.000000 | Q:        nan | won: False 
#  449 | steps:  4976 | steps_t:     0 | t: 2.843560 | r:  -508.000000 | e:   1.000000 | Q:        nan | won: False 
#  450 | steps:  4985 | steps_t:     0 | t: 2.843560 | r:  -508.000000 | e:   1.000000 | Q:        nan | won: False 
#  451 | steps:  5002 | steps_t:     1 | t: 2.952911 | r:  -516.000000 | e:   0.999900 | Q:        nan | won: False 
#  452 | steps:  5018 | steps_t:    16 | t: 3.077904 | r:  -515.000000 | e:   0.998400 | Q:        nan | won: False 
#  453 | steps:  5028 | steps_t:    25 | t: 3.156020 | r:  -509.000000 | e:   0.997500 | Q:        nan | won: False 
#  454 | steps:  5038 | steps_t:    34 | t: 3.234144 | r:  -509.000000 | e:   0.996600 | Q:  -1.440097 | won: False 
#  455 | steps:  5058 | steps_t:    53 | t: 3.406000 | r:  -519.000000 | e:   0.994700 | Q:        nan | won: False 
#  456 | steps:  5075 | steps_t:    69 | t: 3.546624 | r:  -505.000000 | e:   0.993100 | Q:        nan | won: False 
#  457 | steps:  5099 | steps_t:    92 | t: 3.765351 | r:  -523.000000 | e:   0.990800 | Q:        nan | won: False 
#  458 | steps:  5106 | steps_t:    98 | t: 3.827856 | r:  -506.000000 | e:   0.990200 | Q:        nan | won: False 
#  459 | steps:  5115 | steps_t:   106 | t: 3.905966 | r:  -508.000000 | e:   0.989400 | Q: -169.189072 | won: False 
#  460 | steps:  5125 | steps_t:   115 | t: 4.015331 | r:  -509.000000 | e:   0.988500 | Q:        nan | won: False 
#  461 | steps:  5136 | steps_t:   125 | t: 4.109076 | r:  -510.000000 | e:   0.987500 | Q:        nan | won: False 
#  462 | steps:  5142 | steps_t:   130 | t: 4.140322 | r:  -505.000000 | e:   0.987000 | Q:        nan | won: False 
#  463 | steps:  5154 | steps_t:   141 | t: 4.234066 | r:  -511.000000 | e:   0.985900 | Q:        nan | won: False 
#  464 | steps:  5162 | steps_t:   148 | t: 4.296571 | r:  -507.000000 | e:   0.985200 | Q:        nan | won: False 
#  465 | steps:  5173 | steps_t:   158 | t: 4.374682 | r:  -510.000000 | e:   0.984200 | Q:        nan | won: False 
#  466 | steps:  5181 | steps_t:   165 | t: 4.437176 | r:  -507.000000 | e:   0.983500 | Q:        nan | won: False 
#  467 | steps:  5190 | steps_t:   173 | t: 4.499682 | r:  -508.000000 | e:   0.982700 | Q:        nan | won: False 
#  468 | steps:  5198 | steps_t:   180 | t: 4.562167 | r:  -507.000000 | e:   0.982000 | Q:        nan | won: False 
#  469 | steps:  5219 | steps_t:   200 | t: 4.718405 | r:  -520.000000 | e:   0.980000 | Q:        nan | won: False 
#  470 | steps:  5230 | steps_t:   210 | t: 4.812149 | r:  -510.000000 | e:   0.979000 | Q:        nan | won: False 
#  471 | steps:  5237 | steps_t:   216 | t: 4.874644 | r:  -506.000000 | e:   0.978400 | Q:        nan | won: False 
#  472 | steps:  5243 | steps_t:   221 | t: 4.921516 | r:  -505.000000 | e:   0.977900 | Q:        nan | won: False 
#  473 | steps:  5250 | steps_t:   227 | t: 4.968390 | r:  -506.000000 | e:   0.977300 | Q:        nan | won: False 
#  474 | steps:  5260 | steps_t:   236 | t: 5.062142 | r:  -509.000000 | e:   0.976400 | Q:        nan | won: False 
#  475 | steps:  5270 | steps_t:   245 | t: 5.140250 | r:  -509.000000 | e:   0.975500 | Q:        nan | won: False 
#  476 | steps:  5277 | steps_t:   251 | t: 5.187122 | r:  -506.000000 | e:   0.974900 | Q:        nan | won: False 
#  477 | steps:  5289 | steps_t:   262 | t: 5.280864 | r:  -511.000000 | e:   0.973800 | Q: -325.727020 | won: False 
#  478 | steps:  5298 | steps_t:   270 | t: 5.343360 | r:  -508.000000 | e:   0.973000 | Q: -322.172577 | won: False 
#  479 | steps:  5306 | steps_t:   277 | t: 5.405856 | r:  -507.000000 | e:   0.972300 | Q:        nan | won: False 
#  480 | steps:  5314 | steps_t:   284 | t: 5.468359 | r:  -507.000000 | e:   0.971600 | Q:        nan | won: False 
#  481 | steps:  5321 | steps_t:   290 | t: 5.515236 | r:  -506.000000 | e:   0.971000 | Q:        nan | won: False 
#  482 | steps:  5327 | steps_t:   295 | t: 5.562094 | r:  -505.000000 | e:   0.970500 | Q:        nan | won: False 
#  483 | steps:  5336 | steps_t:   303 | t: 5.624589 | r:  -508.000000 | e:   0.969700 | Q:        nan | won: False 
#  484 | steps:  5346 | steps_t:   312 | t: 5.702713 | r:  -509.000000 | e:   0.968800 | Q:        nan | won: False 
#  485 | steps:  5355 | steps_t:   320 | t: 5.780835 | r:  -508.000000 | e:   0.968000 | Q:        nan | won: False 
#  486 | steps:  5363 | steps_t:   327 | t: 5.827699 | r:  -507.000000 | e:   0.967300 | Q:        nan | won: False 
#  487 | steps:  5369 | steps_t:   332 | t: 5.874584 | r:  -505.000000 | e:   0.966800 | Q:        nan | won: False 
#  488 | steps:  5378 | steps_t:   340 | t: 5.952691 | r:  -508.000000 | e:   0.966000 | Q:        nan | won: False 
#  489 | steps:  5384 | steps_t:   345 | t: 5.983938 | r:  -505.000000 | e:   0.965500 | Q: -300.486206 | won: False 
#  490 | steps:  5390 | steps_t:   350 | t: 6.046446 | r:  -505.000000 | e:   0.965000 | Q: -295.513275 | won: False 
#  491 | steps:  5401 | steps_t:   360 | t: 6.155802 | r:  -510.000000 | e:   0.964000 | Q:        nan | won: False 
#  492 | steps:  5414 | steps_t:   372 | t: 6.249546 | r:  -512.000000 | e:   0.962800 | Q:        nan | won: False 
#  493 | steps:  5421 | steps_t:   378 | t: 6.296416 | r:  -506.000000 | e:   0.962200 | Q:        nan | won: False 
#  494 | steps:  5429 | steps_t:   385 | t: 6.358911 | r:  -507.000000 | e:   0.961500 | Q:        nan | won: False 
#  495 | steps:  5435 | steps_t:   390 | t: 6.405789 | r:  -505.000000 | e:   0.961000 | Q:        nan | won: False 
#  496 | steps:  5447 | steps_t:   401 | t: 6.499527 | r:  -511.000000 | e:   0.959900 | Q:        nan | won: False 
#  497 | steps:  5454 | steps_t:   407 | t: 6.546397 | r:  -506.000000 | e:   0.959300 | Q:        nan | won: False 
#  498 | steps:  5461 | steps_t:   413 | t: 6.593269 | r:  -506.000000 | e:   0.958700 | Q:        nan | won: False 
#  499 | steps:  5467 | steps_t:   418 | t: 6.640146 | r:  -505.000000 | e:   0.958200 | Q:        nan | won: False 
#  500 | steps:  5477 | steps_t:   427 | t: 6.718261 | r:  -509.000000 | e:   0.957300 | Q:        nan | won: False 
#  501 | steps:  5490 | steps_t:   439 | t: 6.827628 | r:  -512.000000 | e:   0.956100 | Q:        nan | won: False 
#  502 | steps:  5499 | steps_t:   447 | t: 6.890128 | r:  -508.000000 | e:   0.955300 | Q:        nan | won: False 
#  503 | steps:  5513 | steps_t:   460 | t: 6.999495 | r:  -513.000000 | e:   0.954000 | Q:        nan | won: False 
#  504 | steps:  5520 | steps_t:   466 | t: 7.046361 | r:  -506.000000 | e:   0.953400 | Q:        nan | won: False 
#  505 | steps:  5538 | steps_t:   483 | t: 7.186977 | r:  -517.000000 | e:   0.951700 | Q:        nan | won: False 
#  506 | steps:  5548 | steps_t:   492 | t: 7.249471 | r:  -509.000000 | e:   0.950800 | Q:        nan | won: False 
#  507 | steps:  5567 | steps_t:   510 | t: 7.390086 | r:  -518.000000 | e:   0.949000 | Q: -351.663330 | won: False 
#  508 | steps:  5574 | steps_t:   516 | t: 7.452582 | r:  -506.000000 | e:   0.948400 | Q:        nan | won: False 
#  509 | steps:  5580 | steps_t:   521 | t: 7.483844 | r:  -505.000000 | e:   0.947900 | Q:        nan | won: False 
#  510 | steps:  5595 | steps_t:   535 | t: 7.593197 | r:  -514.000000 | e:   0.946500 | Q:        nan | won: False 
#  511 | steps:  5618 | steps_t:   557 | t: 7.780683 | r:  -522.000000 | e:   0.944300 | Q: -343.335907 | won: False 
#  512 | steps:  5627 | steps_t:   565 | t: 7.858803 | r:  -508.000000 | e:   0.943500 | Q:        nan | won: False 
#  513 | steps:  5633 | steps_t:   570 | t: 7.890065 | r:  -505.000000 | e:   0.943000 | Q:        nan | won: False 
#  514 | steps:  5649 | steps_t:   585 | t: 8.015047 | r:  -515.000000 | e:   0.941500 | Q: -302.270416 | won: False 
#  515 | steps:  5657 | steps_t:   592 | t: 8.061914 | r:  -507.000000 | e:   0.940800 | Q:        nan | won: False 
#  516 | steps:  5671 | steps_t:   605 | t: 8.171281 | r:  -513.000000 | e:   0.939500 | Q:        nan | won: False 
#  517 | steps:  5678 | steps_t:   611 | t: 8.218152 | r:  -506.000000 | e:   0.938900 | Q:        nan | won: False 
#  518 | steps:  5687 | steps_t:   619 | t: 8.280656 | r:  -508.000000 | e:   0.938100 | Q:        nan | won: False 
#  519 | steps:  5693 | steps_t:   624 | t: 8.327518 | r:  -505.000000 | e:   0.937600 | Q:        nan | won: False 
#  520 | steps:  5703 | steps_t:   633 | t: 8.390014 | r:  -509.000000 | e:   0.936700 | Q:        nan | won: False 
#  521 | steps:  5710 | steps_t:   639 | t: 8.452512 | r:  -506.000000 | e:   0.936100 | Q:        nan | won: False 
#  522 | steps:  5724 | steps_t:   652 | t: 8.561893 | r:  -513.000000 | e:   0.934800 | Q:        nan | won: False 
#  523 | steps:  5739 | steps_t:   666 | t: 8.671243 | r:  -514.000000 | e:   0.933400 | Q:        nan | won: False 
#  524 | steps:  5746 | steps_t:   672 | t: 8.718126 | r:  -506.000000 | e:   0.932800 | Q:        nan | won: False 
#  525 | steps:  5752 | steps_t:   677 | t: 8.764987 | r:  -505.000000 | e:   0.932300 | Q:        nan | won: False 
#  526 | steps:  5775 | steps_t:   699 | t: 8.936849 | r:  -522.000000 | e:   0.930100 | Q: -315.895050 | won: False 
#  527 | steps:  5782 | steps_t:   705 | t: 8.983721 | r:  -506.000000 | e:   0.929500 | Q:        nan | won: False 
#  528 | steps:  5793 | steps_t:   715 | t: 9.061841 | r:  -510.000000 | e:   0.928500 | Q:        nan | won: False 
#  529 | steps:  5802 | steps_t:   723 | t: 9.139960 | r:  -508.000000 | e:   0.927700 | Q:        nan | won: False 
#  530 | steps:  5808 | steps_t:   728 | t: 9.171207 | r:  -505.000000 | e:   0.927200 | Q: -305.020782 | won: False 
#  531 | steps:  5835 | steps_t:   754 | t: 9.374317 | r:  -515.000000 | e:   0.924600 | Q: -279.666565 | won: False 
#  532 | steps:  5844 | steps_t:   762 | t: 9.452440 | r:  -508.000000 | e:   0.923800 | Q:        nan | won: False 
#  533 | steps:  5853 | steps_t:   770 | t: 9.514932 | r:  -508.000000 | e:   0.923000 | Q:        nan | won: False 
#  534 | steps:  5861 | steps_t:   777 | t: 9.577432 | r:  -507.000000 | e:   0.922300 | Q:        nan | won: False 
#  535 | steps:  5869 | steps_t:   784 | t: 9.624299 | r:  -507.000000 | e:   0.921600 | Q: -294.313477 | won: False 
#  536 | steps:  5886 | steps_t:   800 | t: 9.764919 | r:  -516.000000 | e:   0.920000 | Q: -303.423218 | won: False 
#  537 | steps:  5899 | steps_t:   812 | t: 9.858658 | r:  -512.000000 | e:   0.918800 | Q: -308.148712 | won: False 
#  538 | steps:  5905 | steps_t:   817 | t: 9.905529 | r:  -505.000000 | e:   0.918300 | Q:        nan | won: False 
#  539 | steps:  5916 | steps_t:   827 | t: 9.983652 | r:  -510.000000 | e:   0.917300 | Q: -339.794891 | won: False 
#  540 | steps:  5927 | steps_t:   837 | t: 10.061767 | r:  -510.000000 | e:   0.916300 | Q:        nan | won: False 
#  541 | steps:  5937 | steps_t:   846 | t: 10.139886 | r:  -509.000000 | e:   0.915400 | Q: -316.591492 | won: False 
#  542 | steps:  5947 | steps_t:   855 | t: 10.218018 | r:  -509.000000 | e:   0.914500 | Q: -320.053070 | won: False 
#  543 | steps:  5958 | steps_t:   865 | t: 10.296125 | r:  -510.000000 | e:   0.913500 | Q:        nan | won: False 
#  544 | steps:  5967 | steps_t:   873 | t: 10.374246 | r:  -508.000000 | e:   0.912700 | Q:        nan | won: False 
#  545 | steps:  5979 | steps_t:   884 | t: 10.467989 | r:  -511.000000 | e:   0.911600 | Q:        nan | won: False 
#  546 | steps:  5988 | steps_t:   892 | t: 10.546113 | r:  -508.000000 | e:   0.910800 | Q:        nan | won: False 
#  547 | steps:  5999 | steps_t:   902 | t: 10.624227 | r:  -510.000000 | e:   0.909800 | Q: -270.089264 | won: False 
#  548 | steps:  6008 | steps_t:   910 | t: 10.686722 | r:  -508.000000 | e:   0.909000 | Q: -329.446991 | won: False 
#  549 | steps:  6018 | steps_t:   919 | t: 10.764842 | r:  -509.000000 | e:   0.908100 | Q: -354.620544 | won: False 
#  550 | steps:  6027 | steps_t:   927 | t: 10.827347 | r:  -508.000000 | e:   0.907300 | Q:        nan | won: False 
#  551 | steps:  6036 | steps_t:   935 | t: 10.905463 | r:  -508.000000 | e:   0.906500 | Q: -366.653656 | won: False 
#  552 | steps:  6046 | steps_t:   944 | t: 10.983575 | r:  -509.000000 | e:   0.905600 | Q:        nan | won: False 
#  553 | steps:  6055 | steps_t:   952 | t: 11.061695 | r:  -508.000000 | e:   0.904800 | Q:        nan | won: False 
#  554 | steps:  6062 | steps_t:   958 | t: 11.124191 | r:  -506.000000 | e:   0.904200 | Q:        nan | won: False 
#  555 | steps:  6070 | steps_t:   965 | t: 11.186687 | r:  -507.000000 | e:   0.903500 | Q:        nan | won: False 
#  556 | steps:  6078 | steps_t:   972 | t: 11.264807 | r:  -507.000000 | e:   0.902800 | Q: -335.602600 | won: False 
#  557 | steps:  6087 | steps_t:   980 | t: 11.359029 | r:  -508.000000 | e:   0.902000 | Q: -370.178864 | won: False 
#  558 | steps:  6097 | steps_t:   989 | t: 11.452694 | r:  -509.000000 | e:   0.901100 | Q:        nan | won: False 
#  559 | steps:  6106 | steps_t:   997 | t: 11.530811 | r:  -508.000000 | e:   0.900300 | Q:        nan | won: False 
#  560 | steps:  6127 | steps_t:  1017 | t: 11.702673 | r:  -520.000000 | e:   0.898300 | Q: -332.056671 | won: False 
#  561 | steps:  6137 | steps_t:  1026 | t: 11.796416 | r:  -509.000000 | e:   0.897400 | Q:        nan | won: False 
#  562 | steps:  6158 | steps_t:  1046 | t: 11.968289 | r:  -520.000000 | e:   0.895400 | Q: -359.269409 | won: False 
#  563 | steps:  6178 | steps_t:  1065 | t: 12.124517 | r:  -519.000000 | e:   0.893500 | Q:        nan | won: False 
#  564 | steps:  6189 | steps_t:  1075 | t: 12.218260 | r:  -510.000000 | e:   0.892500 | Q: -381.470673 | won: False 
#  565 | steps:  6196 | steps_t:  1081 | t: 12.265132 | r:  -506.000000 | e:   0.891900 | Q:        nan | won: False 
#  566 | steps:  6202 | steps_t:  1086 | t: 12.318558 | r:  -505.000000 | e:   0.891400 | Q:        nan | won: False 
#  567 | steps:  6211 | steps_t:  1094 | t: 12.385542 | r:  -508.000000 | e:   0.890600 | Q: -392.610565 | won: False 
#  568 | steps:  6220 | steps_t:  1102 | t: 12.463684 | r:  -508.000000 | e:   0.889800 | Q:        nan | won: False 
#  569 | steps:  6227 | steps_t:  1108 | t: 12.526176 | r:  -506.000000 | e:   0.889200 | Q: -359.896637 | won: False 
#  570 | steps:  6237 | steps_t:  1117 | t: 12.619928 | r:  -509.000000 | e:   0.888300 | Q: -307.894745 | won: False 
#  571 | steps:  6246 | steps_t:  1125 | t: 12.698039 | r:  -508.000000 | e:   0.887500 | Q:        nan | won: False 
#  572 | steps:  6257 | steps_t:  1135 | t: 12.791782 | r:  -510.000000 | e:   0.886500 | Q:        nan | won: False 
#  573 | steps:  6273 | steps_t:  1150 | t: 12.916773 | r:  -515.000000 | e:   0.885000 | Q: -358.321655 | won: False 
#  574 | steps:  6280 | steps_t:  1156 | t: 12.979275 | r:  -506.000000 | e:   0.884400 | Q: -364.220001 | won: False 
#  575 | steps:  6286 | steps_t:  1161 | t: 13.041765 | r:  -505.000000 | e:   0.883900 | Q:        nan | won: False 
#  576 | steps:  6294 | steps_t:  1168 | t: 13.104261 | r:  -507.000000 | e:   0.883200 | Q: -301.838989 | won: False 
#  577 | steps:  6303 | steps_t:  1176 | t: 13.166764 | r:  -508.000000 | e:   0.882400 | Q: -309.234314 | won: False 
#  578 | steps:  6310 | steps_t:  1182 | t: 13.229251 | r:  -506.000000 | e:   0.881800 | Q: -294.283905 | won: False 
#  579 | steps:  6325 | steps_t:  1196 | t: 13.354241 | r:  -514.000000 | e:   0.880400 | Q: -310.255157 | won: False 
#  580 | steps:  6341 | steps_t:  1211 | t: 13.494857 | r:  -504.000000 | e:   0.878900 | Q: -315.059723 | won: False 
#  581 | steps:  6348 | steps_t:  1217 | t: 13.557352 | r:  -506.000000 | e:   0.878300 | Q:        nan | won: False 
#  582 | steps:  6359 | steps_t:  1227 | t: 13.666723 | r:  -510.000000 | e:   0.877300 | Q: -393.186646 | won: False 
#  583 | steps:  6369 | steps_t:  1236 | t: 13.760464 | r:  -509.000000 | e:   0.876400 | Q:        nan | won: False 
#  584 | steps:  6379 | steps_t:  1245 | t: 13.838581 | r:  -509.000000 | e:   0.875500 | Q: -399.529236 | won: False 
#  585 | steps:  6388 | steps_t:  1253 | t: 13.932328 | r:  -508.000000 | e:   0.874700 | Q:        nan | won: False 
#  586 | steps:  6393 | steps_t:  1257 | t: 13.979195 | r:  -504.000000 | e:   0.874300 | Q:        nan | won: False 
#  587 | steps:  6406 | steps_t:  1269 | t: 14.072952 | r:  -512.000000 | e:   0.873100 | Q:        nan | won: False 
#  588 | steps:  6418 | steps_t:  1280 | t: 14.166682 | r:  -511.000000 | e:   0.872000 | Q: -334.663269 | won: False 
#  589 | steps:  6434 | steps_t:  1295 | t: 14.302553 | r:  -515.000000 | e:   0.870500 | Q: -331.723602 | won: False 
#  590 | steps:  6440 | steps_t:  1300 | t: 14.333801 | r:  -505.000000 | e:   0.870000 | Q: -329.154205 | won: False 
#  591 | steps:  6457 | steps_t:  1316 | t: 14.490052 | r:  -516.000000 | e:   0.868400 | Q: -303.052124 | won: False 
#  592 | steps:  6464 | steps_t:  1322 | t: 14.536919 | r:  -506.000000 | e:   0.867800 | Q:        nan | won: False 
#  593 | steps:  6473 | steps_t:  1330 | t: 14.615031 | r:  -508.000000 | e:   0.867000 | Q:        nan | won: False 
#  594 | steps:  6484 | steps_t:  1340 | t: 14.708774 | r:  -510.000000 | e:   0.866000 | Q: -409.020844 | won: False 
#  595 | steps:  6494 | steps_t:  1349 | t: 14.786893 | r:  -509.000000 | e:   0.865100 | Q: -309.996490 | won: False 
#  596 | steps:  6505 | steps_t:  1359 | t: 14.880640 | r:  -510.000000 | e:   0.864100 | Q: -319.156708 | won: False 
#  597 | steps:  6517 | steps_t:  1370 | t: 14.974379 | r:  -511.000000 | e:   0.863000 | Q: -426.002899 | won: False 
#  598 | steps:  6525 | steps_t:  1377 | t: 15.036888 | r:  -507.000000 | e:   0.862300 | Q: -394.536194 | won: False 
#  599 | steps:  6532 | steps_t:  1383 | t: 15.099373 | r:  -506.000000 | e:   0.861700 | Q: -402.663086 | won: False 
#  600 | steps:  6541 | steps_t:  1391 | t: 15.177490 | r:  -508.000000 | e:   0.860900 | Q: -320.567322 | won: False 
#  601 | steps:  6550 | steps_t:  1399 | t: 15.259618 | r:  -508.000000 | e:   0.860100 | Q: -323.543579 | won: False 
#  602 | steps:  6559 | steps_t:  1407 | t: 15.343258 | r:  -508.000000 | e:   0.859300 | Q: -401.530426 | won: False 
#  603 | steps:  6568 | steps_t:  1415 | t: 15.421378 | r:  -508.000000 | e:   0.858500 | Q:        nan | won: False 
#  604 | steps:  6575 | steps_t:  1421 | t: 15.468249 | r:  -506.000000 | e:   0.857900 | Q:        nan | won: False 
#  605 | steps:  6587 | steps_t:  1432 | t: 15.561995 | r:  -511.000000 | e:   0.856800 | Q: -372.699768 | won: False 
#  606 | steps:  6597 | steps_t:  1441 | t: 15.640124 | r:  -509.000000 | e:   0.855900 | Q:        nan | won: False 
#  607 | steps:  6621 | steps_t:  1464 | t: 15.827596 | r:  -523.000000 | e:   0.853600 | Q: -288.855865 | won: False 
#  608 | steps:  6633 | steps_t:  1475 | t: 15.921341 | r:  -511.000000 | e:   0.852500 | Q: -273.790985 | won: False 
#  609 | steps:  6657 | steps_t:  1498 | t: 16.108843 | r:  -523.000000 | e:   0.850200 | Q: -273.069489 | won: False 
#  610 | steps:  6665 | steps_t:  1505 | t: 16.171322 | r:  -507.000000 | e:   0.849500 | Q:        nan | won: False 
#  611 | steps:  6680 | steps_t:  1519 | t: 16.280689 | r:  -503.000000 | e:   0.848100 | Q: -314.028168 | won: False 
#  612 | steps:  6700 | steps_t:  1538 | t: 16.452553 | r:  -519.000000 | e:   0.846200 | Q: -318.536987 | won: False 
#  613 | steps:  6718 | steps_t:  1555 | t: 16.593166 | r:  -517.000000 | e:   0.844500 | Q: -311.804474 | won: False 
#  614 | steps:  6733 | steps_t:  1569 | t: 16.702534 | r:  -514.000000 | e:   0.843100 | Q: -331.677979 | won: False 
#  615 | steps:  6744 | steps_t:  1579 | t: 16.780653 | r:  -510.000000 | e:   0.842100 | Q: -325.990143 | won: False 
#  616 | steps:  6766 | steps_t:  1600 | t: 16.952517 | r:  -521.000000 | e:   0.840000 | Q: -305.156006 | won: False 
#  617 | steps:  6772 | steps_t:  1605 | t: 16.999386 | r:  -505.000000 | e:   0.839500 | Q:        nan | won: False 
#  618 | steps:  6782 | steps_t:  1614 | t: 17.077507 | r:  -509.000000 | e:   0.838600 | Q: -275.476166 | won: False 
#  619 | steps:  6799 | steps_t:  1630 | t: 17.214583 | r:  -505.000000 | e:   0.837000 | Q: -423.738861 | won: False 
#  620 | steps:  6804 | steps_t:  1634 | t: 17.261460 | r:  -504.000000 | e:   0.836600 | Q: -323.040100 | won: False 
#  621 | steps:  6812 | steps_t:  1641 | t: 17.323953 | r:  -507.000000 | e:   0.835900 | Q: -380.848846 | won: False 
#  622 | steps:  6819 | steps_t:  1647 | t: 17.370822 | r:  -506.000000 | e:   0.835300 | Q: -324.498779 | won: False 
#  623 | steps:  6826 | steps_t:  1653 | t: 17.433318 | r:  -506.000000 | e:   0.834700 | Q: -389.141968 | won: False 
#  624 | steps:  6835 | steps_t:  1661 | t: 17.495819 | r:  -508.000000 | e:   0.833900 | Q: -432.461151 | won: False 
#  625 | steps:  6842 | steps_t:  1667 | t: 17.573933 | r:  -506.000000 | e:   0.833300 | Q:        nan | won: False 
#  626 | steps:  6863 | steps_t:  1687 | t: 17.777043 | r:  -520.000000 | e:   0.831300 | Q: -308.777435 | won: False 
#  627 | steps:  6871 | steps_t:  1694 | t: 17.839538 | r:  -507.000000 | e:   0.830600 | Q: -311.292877 | won: False 
#  628 | steps:  6881 | steps_t:  1703 | t: 17.917661 | r:  -509.000000 | e:   0.829700 | Q: -309.163208 | won: False 
#  629 | steps:  6891 | steps_t:  1712 | t: 18.011402 | r:  -509.000000 | e:   0.828800 | Q: -323.830688 | won: False 
#  630 | steps:  6900 | steps_t:  1720 | t: 18.089523 | r:  -508.000000 | e:   0.828000 | Q: -371.644531 | won: False 
#  631 | steps:  6923 | steps_t:  1742 | t: 18.303646 | r:  -522.000000 | e:   0.825800 | Q: -297.187683 | won: False 
#  632 | steps:  6931 | steps_t:  1749 | t: 18.366142 | r:  -507.000000 | e:   0.825100 | Q:        nan | won: False 
#  633 | steps:  6947 | steps_t:  1764 | t: 18.506756 | r:  -515.000000 | e:   0.823600 | Q: -310.312805 | won: False 
#  634 | steps:  6956 | steps_t:  1772 | t: 18.584875 | r:  -508.000000 | e:   0.822800 | Q:        nan | won: False 
#  635 | steps:  6968 | steps_t:  1783 | t: 18.678619 | r:  -511.000000 | e:   0.821700 | Q:        nan | won: False 
#  636 | steps:  6975 | steps_t:  1789 | t: 18.725504 | r:  -506.000000 | e:   0.821100 | Q:        nan | won: False 
#  637 | steps:  6982 | steps_t:  1795 | t: 18.787985 | r:  -506.000000 | e:   0.820500 | Q:        nan | won: False 
#  638 | steps:  6988 | steps_t:  1800 | t: 18.819233 | r:  -505.000000 | e:   0.820000 | Q:        nan | won: False 
#  639 | steps:  7008 | steps_t:  1819 | t: 18.975472 | r:  -508.000000 | e:   0.818100 | Q: -292.952789 | won: False 
#  640 | steps:  7017 | steps_t:  1827 | t: 19.053591 | r:  -508.000000 | e:   0.817300 | Q: -344.119476 | won: False 
#  641 | steps:  7026 | steps_t:  1835 | t: 19.116086 | r:  -508.000000 | e:   0.816500 | Q: -314.487976 | won: False 
#  642 | steps:  7034 | steps_t:  1842 | t: 19.178583 | r:  -507.000000 | e:   0.815800 | Q: -436.683014 | won: False 
#  643 | steps:  7058 | steps_t:  1865 | t: 19.366071 | r:  -523.000000 | e:   0.813500 | Q: -276.802521 | won: False 
#  644 | steps:  7066 | steps_t:  1872 | t: 19.412940 | r:  -507.000000 | e:   0.812800 | Q: -280.295258 | won: False 
#  645 | steps:  7072 | steps_t:  1877 | t: 19.459818 | r:  -505.000000 | e:   0.812300 | Q: -374.093994 | won: False 
#  646 | steps:  7082 | steps_t:  1886 | t: 19.537930 | r:  -509.000000 | e:   0.811400 | Q: -277.977173 | won: False 
#  647 | steps:  7089 | steps_t:  1892 | t: 19.584804 | r:  -506.000000 | e:   0.810800 | Q:        nan | won: False 
#  648 | steps:  7109 | steps_t:  1911 | t: 19.741041 | r:  -519.000000 | e:   0.808900 | Q: -307.446533 | won: False 
#  649 | steps:  7119 | steps_t:  1920 | t: 19.819161 | r:  -509.000000 | e:   0.808000 | Q: -446.908539 | won: False 
#  650 | steps:  7152 | steps_t:  1952 | t: 20.076099 | r:  -532.000000 | e:   0.804800 | Q: -278.100037 | won: False 
#  651 | steps:  7160 | steps_t:  1959 | t: 20.138594 | r:  -507.000000 | e:   0.804100 | Q: -392.428223 | won: False 
#  652 | steps:  7168 | steps_t:  1966 | t: 20.201088 | r:  -507.000000 | e:   0.803400 | Q:        nan | won: False 
#  653 | steps:  7175 | steps_t:  1972 | t: 20.263584 | r:  -506.000000 | e:   0.802800 | Q:        nan | won: False 
#  654 | steps:  7184 | steps_t:  1980 | t: 20.326083 | r:  -508.000000 | e:   0.802000 | Q: -442.341553 | won: False 
#  655 | steps:  7195 | steps_t:  1990 | t: 20.435458 | r:  -510.000000 | e:   0.801000 | Q: -318.348877 | won: False 
#  656 | steps:  7207 | steps_t:  2001 | t: 20.544815 | r:  -511.000000 | e:   0.799900 | Q: -367.190582 | won: False 
#  657 | steps:  7215 | steps_t:  2008 | t: 20.622932 | r:  -507.000000 | e:   0.799200 | Q: -287.968353 | won: False 
#  658 | steps:  7227 | steps_t:  2019 | t: 20.732304 | r:  -511.000000 | e:   0.798100 | Q: -287.676453 | won: False 
#  659 | steps:  7236 | steps_t:  2027 | t: 20.810427 | r:  -508.000000 | e:   0.797300 | Q: -434.581451 | won: False 
#  660 | steps:  7246 | steps_t:  2036 | t: 20.888540 | r:  -509.000000 | e:   0.796400 | Q: -445.559448 | won: False 
#  661 | steps:  7258 | steps_t:  2047 | t: 21.001884 | r:  -511.000000 | e:   0.795300 | Q: -303.522156 | won: False 
#  662 | steps:  7265 | steps_t:  2053 | t: 21.053790 | r:  -506.000000 | e:   0.794700 | Q: -313.946533 | won: False 
#  663 | steps:  7273 | steps_t:  2060 | t: 21.131917 | r:  -507.000000 | e:   0.794000 | Q: -322.236969 | won: False 
#  664 | steps:  7282 | steps_t:  2068 | t: 21.210030 | r:  -508.000000 | e:   0.793200 | Q: -463.757568 | won: False 
#  665 | steps:  7290 | steps_t:  2075 | t: 21.272529 | r:  -507.000000 | e:   0.792500 | Q:        nan | won: False 
#  666 | steps:  7303 | steps_t:  2087 | t: 21.381892 | r:  -512.000000 | e:   0.791300 | Q: -341.347412 | won: False 
#  667 | steps:  7309 | steps_t:  2092 | t: 21.413142 | r:  -505.000000 | e:   0.790800 | Q:        nan | won: False 
#  668 | steps:  7320 | steps_t:  2102 | t: 21.506882 | r:  -510.000000 | e:   0.789800 | Q: -454.579315 | won: False 
#  669 | steps:  7331 | steps_t:  2112 | t: 21.585009 | r:  -510.000000 | e:   0.788800 | Q: -398.151917 | won: False 
#  670 | steps:  7340 | steps_t:  2120 | t: 21.663127 | r:  -508.000000 | e:   0.788000 | Q: -426.658936 | won: False 
#  671 | steps:  7360 | steps_t:  2139 | t: 21.834986 | r:  -519.000000 | e:   0.786100 | Q: -348.147888 | won: False 
#  672 | steps:  7369 | steps_t:  2147 | t: 21.913105 | r:  -508.000000 | e:   0.785300 | Q: -480.665192 | won: False 
#  673 | steps:  7385 | steps_t:  2162 | t: 22.038095 | r:  -515.000000 | e:   0.783800 | Q: -313.070099 | won: False 
#  674 | steps:  7406 | steps_t:  2182 | t: 22.209963 | r:  -520.000000 | e:   0.781800 | Q: -286.607880 | won: False 
#  675 | steps:  7413 | steps_t:  2188 | t: 22.256829 | r:  -506.000000 | e:   0.781200 | Q:        nan | won: False 
#  676 | steps:  7435 | steps_t:  2209 | t: 22.475564 | r:  -521.000000 | e:   0.779100 | Q: -286.264435 | won: False 
#  677 | steps:  7445 | steps_t:  2218 | t: 22.553681 | r:  -509.000000 | e:   0.778200 | Q: -285.157867 | won: False 
#  678 | steps:  7462 | steps_t:  2234 | t: 22.741168 | r:  -516.000000 | e:   0.776600 | Q: -292.312225 | won: False 
#  679 | steps:  7473 | steps_t:  2244 | t: 22.850535 | r:  -510.000000 | e:   0.775600 | Q: -294.703064 | won: False 
#  680 | steps:  7480 | steps_t:  2250 | t: 22.927060 | r:  -506.000000 | e:   0.775000 | Q:        nan | won: False 
#  681 | steps:  7488 | steps_t:  2257 | t: 23.000134 | r:  -507.000000 | e:   0.774300 | Q: -417.464325 | won: False 
#  682 | steps:  7511 | steps_t:  2279 | t: 23.234491 | r:  -522.000000 | e:   0.772100 | Q: -309.752289 | won: False 
#  683 | steps:  7520 | steps_t:  2287 | t: 23.296995 | r:  -508.000000 | e:   0.771300 | Q: -297.295959 | won: False 
#  684 | steps:  7529 | steps_t:  2295 | t: 23.375105 | r:  -508.000000 | e:   0.770500 | Q: -384.111267 | won: False 
#  685 | steps:  7551 | steps_t:  2316 | t: 23.562604 | r:  -521.000000 | e:   0.768400 | Q: -294.144348 | won: False 
#  686 | steps:  7564 | steps_t:  2328 | t: 23.656336 | r:  -512.000000 | e:   0.767200 | Q: -301.708771 | won: False 
#  687 | steps:  7576 | steps_t:  2339 | t: 23.781328 | r:  -511.000000 | e:   0.766100 | Q: -418.137451 | won: False 
#  688 | steps:  7593 | steps_t:  2355 | t: 23.925880 | r:  -516.000000 | e:   0.764500 | Q: -286.571716 | won: False 
#  689 | steps:  7600 | steps_t:  2361 | t: 23.993903 | r:  -506.000000 | e:   0.763900 | Q:        nan | won: False 
#  690 | steps:  7611 | steps_t:  2371 | t: 24.087646 | r:  -510.000000 | e:   0.762900 | Q: -428.477966 | won: False 
#  691 | steps:  7634 | steps_t:  2393 | t: 24.275132 | r:  -522.000000 | e:   0.760700 | Q: -287.550537 | won: False 
#  692 | steps:  7665 | steps_t:  2423 | t: 24.526107 | r:  -530.000000 | e:   0.757700 | Q: -280.694580 | won: False 
#  693 | steps:  7674 | steps_t:  2431 | t: 24.588613 | r:  -508.000000 | e:   0.756900 | Q: -433.394348 | won: False 
#  694 | steps:  7690 | steps_t:  2446 | t: 24.713598 | r:  -504.000000 | e:   0.755400 | Q: -382.239044 | won: False 
#  695 | steps:  7700 | steps_t:  2455 | t: 24.791715 | r:  -509.000000 | e:   0.754500 | Q: -340.215942 | won: False 
#  696 | steps:  7708 | steps_t:  2462 | t: 24.865218 | r:  -507.000000 | e:   0.753800 | Q: -287.990112 | won: False 
#  697 | steps:  7716 | steps_t:  2469 | t: 24.927689 | r:  -507.000000 | e:   0.753100 | Q: -342.963470 | won: False 
#  698 | steps:  7734 | steps_t:  2486 | t: 25.073342 | r:  -517.000000 | e:   0.751400 | Q: -284.946472 | won: False 
#  699 | steps:  7741 | steps_t:  2492 | t: 25.135831 | r:  -506.000000 | e:   0.750800 | Q: -295.054840 | won: False 
#  700 | steps:  7753 | steps_t:  2503 | t: 25.213950 | r:  -511.000000 | e:   0.749700 | Q: -336.801117 | won: False 
#  701 | steps:  7769 | steps_t:  2518 | t: 25.354565 | r:  -515.000000 | e:   0.748200 | Q: -428.072754 | won: False 
#  702 | steps:  7781 | steps_t:  2529 | t: 25.448313 | r:  -511.000000 | e:   0.747100 | Q: -278.595642 | won: False 
#  703 | steps:  7788 | steps_t:  2535 | t: 25.510806 | r:  -506.000000 | e:   0.746500 | Q: -268.791321 | won: False 
#  704 | steps:  7800 | steps_t:  2546 | t: 25.604547 | r:  -511.000000 | e:   0.745400 | Q: -448.153442 | won: False 
#  705 | steps:  7823 | steps_t:  2568 | t: 25.807678 | r:  -522.000000 | e:   0.743200 | Q: -280.260132 | won: False 
#  706 | steps:  7839 | steps_t:  2583 | t: 25.947658 | r:  -515.000000 | e:   0.741700 | Q: -290.645020 | won: False 
#  707 | steps:  7849 | steps_t:  2592 | t: 26.034336 | r:  -509.000000 | e:   0.740800 | Q: -296.816498 | won: False 
#  708 | steps:  7859 | steps_t:  2601 | t: 26.128085 | r:  -509.000000 | e:   0.739900 | Q: -298.907074 | won: False 
#  709 | steps:  7867 | steps_t:  2608 | t: 26.190575 | r:  -507.000000 | e:   0.739200 | Q: -384.665039 | won: False 
#  710 | steps:  7878 | steps_t:  2618 | t: 26.284333 | r:  -510.000000 | e:   0.738200 | Q: -317.350739 | won: False 
#  711 | steps:  7888 | steps_t:  2627 | t: 26.362442 | r:  -509.000000 | e:   0.737300 | Q: -366.473328 | won: False 
#  712 | steps:  7897 | steps_t:  2635 | t: 26.440556 | r:  -508.000000 | e:   0.736500 | Q: -389.882874 | won: False 
#  713 | steps:  7920 | steps_t:  2657 | t: 26.690542 | r:  -522.000000 | e:   0.734300 | Q: -369.029572 | won: False 
#  714 | steps:  7927 | steps_t:  2663 | t: 26.753033 | r:  -506.000000 | e:   0.733700 | Q: -293.925293 | won: False 
#  715 | steps:  7945 | steps_t:  2680 | t: 26.948598 | r:  -517.000000 | e:   0.732000 | Q: -298.007355 | won: False 
#  716 | steps:  7957 | steps_t:  2691 | t: 27.057974 | r:  -511.000000 | e:   0.730900 | Q: -294.390717 | won: False 
#  717 | steps:  7983 | steps_t:  2716 | t: 27.276709 | r:  -525.000000 | e:   0.728400 | Q: -281.559631 | won: False 
#  718 | steps:  7990 | steps_t:  2722 | t: 27.339204 | r:  -506.000000 | e:   0.727800 | Q: -410.134613 | won: False 
#  719 | steps:  7996 | steps_t:  2727 | t: 27.386078 | r:  -505.000000 | e:   0.727300 | Q: -339.290894 | won: False 
#  720 | steps:  8003 | steps_t:  2733 | t: 27.432947 | r:  -506.000000 | e:   0.726700 | Q: -307.511627 | won: False 
#  721 | steps:  8015 | steps_t:  2744 | t: 27.526690 | r:  -511.000000 | e:   0.725600 | Q: -309.149384 | won: False 
#  722 | steps:  8024 | steps_t:  2752 | t: 27.589186 | r:  -508.000000 | e:   0.724800 | Q: -326.222809 | won: False 
#  723 | steps:  8032 | steps_t:  2759 | t: 27.651680 | r:  -507.000000 | e:   0.724100 | Q: -257.283539 | won: False 
#  724 | steps:  8044 | steps_t:  2770 | t: 27.745425 | r:  -511.000000 | e:   0.723000 | Q: -406.773438 | won: False 
#  725 | steps:  8055 | steps_t:  2780 | t: 27.823543 | r:  -510.000000 | e:   0.722000 | Q: -354.642548 | won: False 
#  726 | steps:  8064 | steps_t:  2788 | t: 27.890548 | r:  -508.000000 | e:   0.721200 | Q: -413.902039 | won: False 
#  727 | steps:  8074 | steps_t:  2797 | t: 27.953057 | r:  -509.000000 | e:   0.720300 | Q: -399.660034 | won: False 
#  728 | steps:  8085 | steps_t:  2807 | t: 28.031170 | r:  -510.000000 | e:   0.719300 | Q: -391.837646 | won: False 
#  729 | steps:  8093 | steps_t:  2814 | t: 28.093665 | r:  -507.000000 | e:   0.718600 | Q: -370.963562 | won: False 
#  730 | steps:  8116 | steps_t:  2836 | t: 28.296780 | r:  -522.000000 | e:   0.716400 | Q: -262.837738 | won: False 
#  731 | steps:  8127 | steps_t:  2846 | t: 28.390519 | r:  -510.000000 | e:   0.715400 | Q: -416.239288 | won: False 
#  732 | steps:  8137 | steps_t:  2855 | t: 28.468638 | r:  -509.000000 | e:   0.714500 | Q: -278.052734 | won: False 
#  733 | steps:  8147 | steps_t:  2864 | t: 28.546757 | r:  -509.000000 | e:   0.713600 | Q: -313.707855 | won: False 
#  734 | steps:  8155 | steps_t:  2871 | t: 28.593630 | r:  -507.000000 | e:   0.712900 | Q: -472.069244 | won: False 
#  735 | steps:  8163 | steps_t:  2878 | t: 28.656137 | r:  -507.000000 | e:   0.712200 | Q: -364.070953 | won: False 
#  736 | steps:  8172 | steps_t:  2886 | t: 28.718625 | r:  -508.000000 | e:   0.711400 | Q: -285.678925 | won: False 
#  737 | steps:  8186 | steps_t:  2899 | t: 28.827987 | r:  -513.000000 | e:   0.710100 | Q: -292.799927 | won: False 
#  738 | steps:  8199 | steps_t:  2911 | t: 28.921732 | r:  -512.000000 | e:   0.708900 | Q: -433.144653 | won: False 
#  739 | steps:  8205 | steps_t:  2916 | t: 28.968602 | r:  -505.000000 | e:   0.708400 | Q: -284.388367 | won: False 
#  740 | steps:  8216 | steps_t:  2926 | t: 29.046722 | r:  -510.000000 | e:   0.707400 | Q: -402.217316 | won: False 
#  741 | steps:  8227 | steps_t:  2936 | t: 29.124841 | r:  -510.000000 | e:   0.706400 | Q: -298.958679 | won: False 
#  742 | steps:  8235 | steps_t:  2943 | t: 29.187343 | r:  -507.000000 | e:   0.705700 | Q: -278.209534 | won: False 
#  743 | steps:  8242 | steps_t:  2949 | t: 29.234208 | r:  -506.000000 | e:   0.705100 | Q: -274.799377 | won: False 
#  744 | steps:  8265 | steps_t:  2971 | t: 29.421694 | r:  -522.000000 | e:   0.702900 | Q: -271.421997 | won: False 
#  745 | steps:  8271 | steps_t:  2976 | t: 29.468566 | r:  -505.000000 | e:   0.702400 | Q: -414.594757 | won: False 
#  746 | steps:  8283 | steps_t:  2987 | t: 29.546685 | r:  -511.000000 | e:   0.701300 | Q: -325.007812 | won: False 
#  747 | steps:  8306 | steps_t:  3009 | t: 29.734172 | r:  -522.000000 | e:   0.699100 | Q: -314.734192 | won: False 
#  748 | steps:  8315 | steps_t:  3017 | t: 29.796667 | r:  -508.000000 | e:   0.698300 | Q:        nan | won: False 
#  749 | steps:  8336 | steps_t:  3037 | t: 29.937282 | r:  -520.000000 | e:   0.696300 | Q: -276.831390 | won: False 
#  750 | steps:  8342 | steps_t:  3042 | t: 29.984163 | r:  -505.000000 | e:   0.695800 | Q: -282.052368 | won: False 
#  751 | steps:  8353 | steps_t:  3052 | t: 30.062273 | r:  -510.000000 | e:   0.694800 | Q: -286.558167 | won: False 
#  752 | steps:  8361 | steps_t:  3059 | t: 30.124768 | r:  -507.000000 | e:   0.694100 | Q: -396.007324 | won: False 
#  753 | steps:  8370 | steps_t:  3067 | t: 30.187263 | r:  -508.000000 | e:   0.693300 | Q: -289.192230 | won: False 
#  754 | steps:  8379 | steps_t:  3075 | t: 30.265383 | r:  -508.000000 | e:   0.692500 | Q: -430.141846 | won: False 
#  755 | steps:  8387 | steps_t:  3082 | t: 30.327880 | r:  -507.000000 | e:   0.691800 | Q: -286.184326 | won: False 
#  756 | steps:  8393 | steps_t:  3087 | t: 30.374750 | r:  -505.000000 | e:   0.691300 | Q:        nan | won: False 
#  757 | steps:  8414 | steps_t:  3107 | t: 30.530989 | r:  -509.000000 | e:   0.689300 | Q: -276.878479 | won: False 
#  758 | steps:  8420 | steps_t:  3112 | t: 30.562236 | r:  -505.000000 | e:   0.688800 | Q: -285.146637 | won: False 
#  759 | steps:  8430 | steps_t:  3121 | t: 30.640367 | r:  -509.000000 | e:   0.687900 | Q: -268.944427 | won: False 
#  760 | steps:  8441 | steps_t:  3131 | t: 30.718476 | r:  -510.000000 | e:   0.686900 | Q: -405.663116 | won: False 
#  761 | steps:  8453 | steps_t:  3142 | t: 30.812225 | r:  -511.000000 | e:   0.685800 | Q: -378.485291 | won: False 
#  762 | steps:  8460 | steps_t:  3148 | t: 30.859090 | r:  -506.000000 | e:   0.685200 | Q:        nan | won: False 
#  763 | steps:  8471 | steps_t:  3158 | t: 30.952833 | r:  -510.000000 | e:   0.684200 | Q: -340.791534 | won: False 
#  764 | steps:  8481 | steps_t:  3167 | t: 31.030952 | r:  -509.000000 | e:   0.683300 | Q: -386.871124 | won: False 
#  765 | steps:  8488 | steps_t:  3173 | t: 31.077824 | r:  -506.000000 | e:   0.682700 | Q: -266.067261 | won: False 
#  766 | steps:  8501 | steps_t:  3185 | t: 31.171567 | r:  -512.000000 | e:   0.681500 | Q: -280.500702 | won: False 
#  767 | steps:  8513 | steps_t:  3196 | t: 31.265311 | r:  -511.000000 | e:   0.680400 | Q: -359.391083 | won: False 
#  768 | steps:  8525 | steps_t:  3207 | t: 31.359053 | r:  -511.000000 | e:   0.679300 | Q: -258.771484 | won: False 
#  769 | steps:  8534 | steps_t:  3215 | t: 31.421549 | r:  -508.000000 | e:   0.678500 | Q: -277.384705 | won: False 
#  770 | steps:  8545 | steps_t:  3225 | t: 31.499668 | r:  -510.000000 | e:   0.677500 | Q: -279.719055 | won: False 
#  771 | steps:  8552 | steps_t:  3231 | t: 31.562166 | r:  -506.000000 | e:   0.676900 | Q: -297.080353 | won: False 
#  772 | steps:  8562 | steps_t:  3240 | t: 31.640283 | r:  -509.000000 | e:   0.676000 | Q: -303.872070 | won: False 
#  773 | steps:  8568 | steps_t:  3245 | t: 31.687154 | r:  -505.000000 | e:   0.675500 | Q: -323.314453 | won: False 
#  774 | steps:  8587 | steps_t:  3263 | t: 31.827770 | r:  -518.000000 | e:   0.673700 | Q: -298.484711 | won: False 
#  775 | steps:  8608 | steps_t:  3283 | t: 32.015257 | r:  -509.000000 | e:   0.671700 | Q: -285.211639 | won: False 
#  776 | steps:  8617 | steps_t:  3291 | t: 32.109000 | r:  -508.000000 | e:   0.670900 | Q: -285.490082 | won: False 
#  777 | steps:  8626 | steps_t:  3299 | t: 32.202743 | r:  -508.000000 | e:   0.670100 | Q: -326.044220 | won: False 
#  778 | steps:  8634 | steps_t:  3306 | t: 32.265238 | r:  -507.000000 | e:   0.669400 | Q: -264.948578 | won: False 
#  779 | steps:  8659 | steps_t:  3330 | t: 32.452724 | r:  -524.000000 | e:   0.667000 | Q: -272.207733 | won: False 
#  780 | steps:  8667 | steps_t:  3337 | t: 32.515219 | r:  -507.000000 | e:   0.666300 | Q: -283.445648 | won: False 
#  781 | steps:  8679 | steps_t:  3348 | t: 32.608974 | r:  -511.000000 | e:   0.665200 | Q: -283.332245 | won: False 
#  782 | steps:  8692 | steps_t:  3360 | t: 32.702706 | r:  -512.000000 | e:   0.664000 | Q: -315.401886 | won: False 
#  783 | steps:  8699 | steps_t:  3366 | t: 32.749578 | r:  -506.000000 | e:   0.663400 | Q: -248.666870 | won: False 
#  784 | steps:  8714 | steps_t:  3380 | t: 32.874582 | r:  -514.000000 | e:   0.662000 | Q: -332.102509 | won: False 
#  785 | steps:  8724 | steps_t:  3389 | t: 32.952688 | r:  -509.000000 | e:   0.661100 | Q: -300.766663 | won: False 
#  786 | steps:  8733 | steps_t:  3397 | t: 33.015183 | r:  -508.000000 | e:   0.660300 | Q: -398.014435 | won: False 
#  787 | steps:  8744 | steps_t:  3407 | t: 33.108927 | r:  -510.000000 | e:   0.659300 | Q: -305.254669 | won: False 
#  788 | steps:  8756 | steps_t:  3418 | t: 33.202670 | r:  -511.000000 | e:   0.658200 | Q: -410.717010 | won: False 
#  789 | steps:  8768 | steps_t:  3429 | t: 33.296425 | r:  -511.000000 | e:   0.657100 | Q: -287.109131 | won: False 
#  790 | steps:  8790 | steps_t:  3450 | t: 33.468275 | r:  -521.000000 | e:   0.655000 | Q: -270.281311 | won: False 
#  791 | steps:  8802 | steps_t:  3461 | t: 33.562018 | r:  -511.000000 | e:   0.653900 | Q: -310.028381 | won: False 
#  792 | steps:  8812 | steps_t:  3470 | t: 33.655762 | r:  -509.000000 | e:   0.653000 | Q: -424.335632 | won: False 
#  793 | steps:  8819 | steps_t:  3476 | t: 33.702633 | r:  -506.000000 | e:   0.652400 | Q:        nan | won: False 
#  794 | steps:  8828 | steps_t:  3484 | t: 33.780753 | r:  -508.000000 | e:   0.651600 | Q: -271.915497 | won: False 
#  795 | steps:  8836 | steps_t:  3491 | t: 33.843255 | r:  -507.000000 | e:   0.650900 | Q: -297.986298 | won: False 
#  796 | steps:  8845 | steps_t:  3499 | t: 33.905744 | r:  -508.000000 | e:   0.650100 | Q: -316.128998 | won: False 
#  797 | steps:  8857 | steps_t:  3510 | t: 33.999489 | r:  -511.000000 | e:   0.649000 | Q: -285.347992 | won: False 
#  798 | steps:  8875 | steps_t:  3527 | t: 34.140111 | r:  -506.000000 | e:   0.647300 | Q: -267.811615 | won: False 
#  799 | steps:  8884 | steps_t:  3535 | t: 34.218221 | r:  -508.000000 | e:   0.646500 | Q: -427.896057 | won: False 
#  800 | steps:  8895 | steps_t:  3545 | t: 34.311965 | r:  -510.000000 | e:   0.645500 | Q: -407.910950 | won: False 
#  801 | steps:  8907 | steps_t:  3556 | t: 36.245565 | r:  -511.000000 | e:   0.644400 | Q: -293.082947 | won: False 
#  802 | steps:  8920 | steps_t:  3568 | t: 39.304974 | r:  -512.000000 | e:   0.643200 | Q: -314.219727 | won: False 
#  803 | steps:  8930 | steps_t:  3577 | t: 41.789168 | r:  -509.000000 | e:   0.642300 | Q: -296.948242 | won: False 
#  804 | steps:  8941 | steps_t:  3587 | t: 44.310546 | r:  -510.000000 | e:   0.641300 | Q: -339.237823 | won: False 
#  805 | steps:  8952 | steps_t:  3597 | t: 46.847062 | r:  -510.000000 | e:   0.640300 | Q: -282.614899 | won: False 
#  806 | steps:  8962 | steps_t:  3606 | t: 49.233587 | r:  -509.000000 | e:   0.639400 | Q: -434.911194 | won: False 
#  807 | steps:  8977 | steps_t:  3620 | t: 52.207124 | r:  -514.000000 | e:   0.638000 | Q: -274.373901 | won: False 
#  808 | steps:  8986 | steps_t:  3628 | t: 54.563936 | r:  -508.000000 | e:   0.637200 | Q: -289.022034 | won: False 
#  809 | steps:  8995 | steps_t:  3636 | t: 56.907568 | r:  -508.000000 | e:   0.636400 | Q: -398.813507 | won: False 
#  810 | steps:  9002 | steps_t:  3642 | t: 58.928109 | r:  -506.000000 | e:   0.635800 | Q: -275.127472 | won: False 
#  811 | steps:  9026 | steps_t:  3665 | t: 63.521526 | r:  -523.000000 | e:   0.633500 | Q: -269.585022 | won: False 
#  812 | steps:  9049 | steps_t:  3687 | t: 67.989563 | r:  -522.000000 | e:   0.631300 | Q: -290.176605 | won: False 
#  813 | steps:  9058 | steps_t:  3695 | t: 70.372268 | r:  -508.000000 | e:   0.630500 | Q: -307.708832 | won: False 
#  814 | steps:  9079 | steps_t:  3715 | t: 74.418886 | r:  -520.000000 | e:   0.628500 | Q: -266.764496 | won: False 
#  815 | steps:  9092 | steps_t:  3727 | t: 77.350949 | r:  -512.000000 | e:   0.627300 | Q: -415.562592 | won: False 
#  816 | steps:  9097 | steps_t:  3731 | t: 79.050181 | r:  -504.000000 | e:   0.626900 | Q:        nan | won: False 
