#    1 | steps:    20 | steps_t:     0 | t: 0.015619 | r:  -508.000000 | e:   1.000000 | Q:        nan | won: False 
#    2 | steps:    28 | steps_t:     0 | t: 0.031244 | r:  -507.000000 | e:   1.000000 | Q:        nan | won: False 
#    3 | steps:    36 | steps_t:     0 | t: 0.031244 | r:  -507.000000 | e:   1.000000 | Q:        nan | won: False 
#    4 | steps:    43 | steps_t:     0 | t: 0.031244 | r:  -506.000000 | e:   1.000000 | Q:        nan | won: False 
#    5 | steps:    59 | steps_t:     0 | t: 0.046870 | r:  -515.000000 | e:   1.000000 | Q:        nan | won: False 
#    6 | steps:    70 | steps_t:     0 | t: 0.046870 | r:  -510.000000 | e:   1.000000 | Q:        nan | won: False 
#    7 | steps:    77 | steps_t:     0 | t: 0.046870 | r:  -506.000000 | e:   1.000000 | Q:        nan | won: False 
#    8 | steps:    94 | steps_t:     0 | t: 0.062489 | r:  -516.000000 | e:   1.000000 | Q:        nan | won: False 
#    9 | steps:   107 | steps_t:     0 | t: 0.062489 | r:  -512.000000 | e:   1.000000 | Q:        nan | won: False 
#   10 | steps:   128 | steps_t:     0 | t: 0.078113 | r:  -520.000000 | e:   1.000000 | Q:        nan | won: False 
#   11 | steps:   142 | steps_t:     0 | t: 0.093737 | r:  -502.000000 | e:   1.000000 | Q:        nan | won: False 
#   12 | steps:   162 | steps_t:     0 | t: 0.093737 | r:  -508.000000 | e:   1.000000 | Q:        nan | won: False 
#   13 | steps:   182 | steps_t:     0 | t: 0.109362 | r:  -519.000000 | e:   1.000000 | Q:        nan | won: False 
#   14 | steps:   192 | steps_t:     0 | t: 0.109362 | r:  -509.000000 | e:   1.000000 | Q:        nan | won: False 
#   15 | steps:   199 | steps_t:     0 | t: 0.109362 | r:  -506.000000 | e:   1.000000 | Q:        nan | won: False 
#   16 | steps:   208 | steps_t:     0 | t: 0.124982 | r:  -508.000000 | e:   1.000000 | Q:        nan | won: False 
#   17 | steps:   230 | steps_t:     0 | t: 0.140609 | r:  -521.000000 | e:   1.000000 | Q:        nan | won: False 
#   18 | steps:   243 | steps_t:     0 | t: 0.140609 | r:  -512.000000 | e:   1.000000 | Q:        nan | won: False 
#   19 | steps:   256 | steps_t:     0 | t: 0.140609 | r:  -512.000000 | e:   1.000000 | Q:        nan | won: False 
#   20 | steps:   277 | steps_t:     0 | t: 0.156220 | r:  -520.000000 | e:   1.000000 | Q:        nan | won: False 
#   21 | steps:   299 | steps_t:     0 | t: 0.171862 | r:  -521.000000 | e:   1.000000 | Q:        nan | won: False 
#   22 | steps:   313 | steps_t:     0 | t: 0.187485 | r:  -513.000000 | e:   1.000000 | Q:        nan | won: False 
#   23 | steps:   321 | steps_t:     0 | t: 0.187485 | r:  -507.000000 | e:   1.000000 | Q:        nan | won: False 
#   24 | steps:   326 | steps_t:     0 | t: 0.187485 | r:  -504.000000 | e:   1.000000 | Q:        nan | won: False 
#   25 | steps:   336 | steps_t:     0 | t: 0.187485 | r:  -509.000000 | e:   1.000000 | Q:        nan | won: False 
#   26 | steps:   347 | steps_t:     0 | t: 0.203105 | r:  -510.000000 | e:   1.000000 | Q:        nan | won: False 
#   27 | steps:   358 | steps_t:     0 | t: 0.203105 | r:  -510.000000 | e:   1.000000 | Q:        nan | won: False 
#   28 | steps:   367 | steps_t:     0 | t: 0.203105 | r:  -508.000000 | e:   1.000000 | Q:        nan | won: False 
#   29 | steps:   376 | steps_t:     0 | t: 0.218733 | r:  -508.000000 | e:   1.000000 | Q:        nan | won: False 
#   30 | steps:   388 | steps_t:     0 | t: 0.218733 | r:  -511.000000 | e:   1.000000 | Q:        nan | won: False 
#   31 | steps:   408 | steps_t:     0 | t: 0.234352 | r:  -519.000000 | e:   1.000000 | Q:        nan | won: False 
#   32 | steps:   416 | steps_t:     0 | t: 0.234352 | r:  -507.000000 | e:   1.000000 | Q:        nan | won: False 
#   33 | steps:   432 | steps_t:     0 | t: 0.249976 | r:  -515.000000 | e:   1.000000 | Q:        nan | won: False 
#   34 | steps:   439 | steps_t:     0 | t: 0.249976 | r:  -506.000000 | e:   1.000000 | Q:        nan | won: False 
#   35 | steps:   450 | steps_t:     0 | t: 0.249976 | r:  -510.000000 | e:   1.000000 | Q:        nan | won: False 
#   36 | steps:   455 | steps_t:     0 | t: 0.249976 | r:  -504.000000 | e:   1.000000 | Q:        nan | won: False 
#   37 | steps:   467 | steps_t:     0 | t: 0.265604 | r:  -511.000000 | e:   1.000000 | Q:        nan | won: False 
#   38 | steps:   474 | steps_t:     0 | t: 0.265604 | r:  -506.000000 | e:   1.000000 | Q:        nan | won: False 
#   39 | steps:   484 | steps_t:     0 | t: 0.265604 | r:  -509.000000 | e:   1.000000 | Q:        nan | won: False 
#   40 | steps:   504 | steps_t:     0 | t: 0.281229 | r:  -519.000000 | e:   1.000000 | Q:        nan | won: False 
#   41 | steps:   515 | steps_t:     0 | t: 0.281229 | r:  -510.000000 | e:   1.000000 | Q:        nan | won: False 
#   42 | steps:   528 | steps_t:     0 | t: 0.296852 | r:  -512.000000 | e:   1.000000 | Q:        nan | won: False 
#   43 | steps:   535 | steps_t:     0 | t: 0.296852 | r:  -506.000000 | e:   1.000000 | Q:        nan | won: False 
#   44 | steps:   557 | steps_t:     0 | t: 0.312472 | r:  -521.000000 | e:   1.000000 | Q:        nan | won: False 
#   45 | steps:   565 | steps_t:     0 | t: 0.312472 | r:  -507.000000 | e:   1.000000 | Q:        nan | won: False 
#   46 | steps:   586 | steps_t:     0 | t: 0.328100 | r:  -520.000000 | e:   1.000000 | Q:        nan | won: False 
#   47 | steps:   591 | steps_t:     0 | t: 0.328100 | r:  -504.000000 | e:   1.000000 | Q:        nan | won: False 
#   48 | steps:   599 | steps_t:     0 | t: 0.328100 | r:  -507.000000 | e:   1.000000 | Q:        nan | won: False 
#   49 | steps:   610 | steps_t:     0 | t: 0.343713 | r:  -510.000000 | e:   1.000000 | Q:        nan | won: False 
#   50 | steps:   629 | steps_t:     0 | t: 0.359343 | r:  -507.000000 | e:   1.000000 | Q:        nan | won: False 
#   51 | steps:   641 | steps_t:     0 | t: 0.359343 | r:  -511.000000 | e:   1.000000 | Q:        nan | won: False 
#   52 | steps:   647 | steps_t:     0 | t: 0.359343 | r:  -505.000000 | e:   1.000000 | Q:        nan | won: False 
#   53 | steps:   655 | steps_t:     0 | t: 0.374976 | r:  -507.000000 | e:   1.000000 | Q:        nan | won: False 
#   54 | steps:   679 | steps_t:     0 | t: 0.374976 | r:  -523.000000 | e:   1.000000 | Q:        nan | won: False 
#   55 | steps:   687 | steps_t:     0 | t: 0.390590 | r:  -507.000000 | e:   1.000000 | Q:        nan | won: False 
#   56 | steps:   694 | steps_t:     0 | t: 0.390590 | r:  -506.000000 | e:   1.000000 | Q:        nan | won: False 
#   57 | steps:   702 | steps_t:     0 | t: 0.390590 | r:  -507.000000 | e:   1.000000 | Q:        nan | won: False 
#   58 | steps:   712 | steps_t:     0 | t: 0.406215 | r:  -509.000000 | e:   1.000000 | Q:        nan | won: False 
#   59 | steps:   719 | steps_t:     0 | t: 0.406215 | r:  -506.000000 | e:   1.000000 | Q:        nan | won: False 
#   60 | steps:   728 | steps_t:     0 | t: 0.406215 | r:  -508.000000 | e:   1.000000 | Q:        nan | won: False 
#   61 | steps:   737 | steps_t:     0 | t: 0.406215 | r:  -508.000000 | e:   1.000000 | Q:        nan | won: False 
#   62 | steps:   746 | steps_t:     0 | t: 0.421827 | r:  -508.000000 | e:   1.000000 | Q:        nan | won: False 
#   63 | steps:   756 | steps_t:     0 | t: 0.421827 | r:  -509.000000 | e:   1.000000 | Q:        nan | won: False 
#   64 | steps:   763 | steps_t:     0 | t: 0.421827 | r:  -506.000000 | e:   1.000000 | Q:        nan | won: False 
#   65 | steps:   774 | steps_t:     0 | t: 0.437463 | r:  -510.000000 | e:   1.000000 | Q:        nan | won: False 
#   66 | steps:   781 | steps_t:     0 | t: 0.437463 | r:  -506.000000 | e:   1.000000 | Q:        nan | won: False 
#   67 | steps:   789 | steps_t:     0 | t: 0.437463 | r:  -507.000000 | e:   1.000000 | Q:        nan | won: False 
#   68 | steps:   805 | steps_t:     0 | t: 0.453086 | r:  -515.000000 | e:   1.000000 | Q:        nan | won: False 
#   69 | steps:   816 | steps_t:     0 | t: 0.453086 | r:  -510.000000 | e:   1.000000 | Q:        nan | won: False 
#   70 | steps:   822 | steps_t:     0 | t: 0.453086 | r:  -505.000000 | e:   1.000000 | Q:        nan | won: False 
#   71 | steps:   834 | steps_t:     0 | t: 0.468698 | r:  -511.000000 | e:   1.000000 | Q:        nan | won: False 
#   72 | steps:   846 | steps_t:     0 | t: 0.468698 | r:  -511.000000 | e:   1.000000 | Q:        nan | won: False 
#   73 | steps:   855 | steps_t:     0 | t: 0.484334 | r:  -508.000000 | e:   1.000000 | Q:        nan | won: False 
#   74 | steps:   874 | steps_t:     0 | t: 0.484334 | r:  -518.000000 | e:   1.000000 | Q:        nan | won: False 
#   75 | steps:   886 | steps_t:     0 | t: 0.499958 | r:  -511.000000 | e:   1.000000 | Q:        nan | won: False 
#   76 | steps:   896 | steps_t:     0 | t: 0.499958 | r:  -509.000000 | e:   1.000000 | Q:        nan | won: False 
#   77 | steps:   902 | steps_t:     0 | t: 0.499958 | r:  -505.000000 | e:   1.000000 | Q:        nan | won: False 
#   78 | steps:   909 | steps_t:     0 | t: 0.515581 | r:  -506.000000 | e:   1.000000 | Q:        nan | won: False 
#   79 | steps:   921 | steps_t:     0 | t: 0.515581 | r:  -511.000000 | e:   1.000000 | Q:        nan | won: False 
#   80 | steps:   929 | steps_t:     0 | t: 0.515581 | r:  -507.000000 | e:   1.000000 | Q:        nan | won: False 
#   81 | steps:   939 | steps_t:     0 | t: 0.531205 | r:  -509.000000 | e:   1.000000 | Q:        nan | won: False 
#   82 | steps:   946 | steps_t:     0 | t: 0.531205 | r:  -506.000000 | e:   1.000000 | Q:        nan | won: False 
#   83 | steps:   954 | steps_t:     0 | t: 0.531205 | r:  -507.000000 | e:   1.000000 | Q:        nan | won: False 
#   84 | steps:   961 | steps_t:     0 | t: 0.531205 | r:  -506.000000 | e:   1.000000 | Q:        nan | won: False 
#   85 | steps:   974 | steps_t:     0 | t: 0.546834 | r:  -512.000000 | e:   1.000000 | Q:        nan | won: False 
#   86 | steps:   982 | steps_t:     0 | t: 0.546834 | r:  -507.000000 | e:   1.000000 | Q:        nan | won: False 
#   87 | steps:   989 | steps_t:     0 | t: 0.546834 | r:  -506.000000 | e:   1.000000 | Q:        nan | won: False 
#   88 | steps:   999 | steps_t:     0 | t: 0.562458 | r:  -509.000000 | e:   1.000000 | Q:        nan | won: False 
#   89 | steps:  1010 | steps_t:     0 | t: 0.562458 | r:  -510.000000 | e:   1.000000 | Q:        nan | won: False 
#   90 | steps:  1022 | steps_t:     0 | t: 0.578078 | r:  -511.000000 | e:   1.000000 | Q:        nan | won: False 
#   91 | steps:  1033 | steps_t:     0 | t: 0.578078 | r:  -510.000000 | e:   1.000000 | Q:        nan | won: False 
#   92 | steps:  1052 | steps_t:     0 | t: 0.593701 | r:  -518.000000 | e:   1.000000 | Q:        nan | won: False 
#   93 | steps:  1059 | steps_t:     0 | t: 0.593701 | r:  -506.000000 | e:   1.000000 | Q:        nan | won: False 
#   94 | steps:  1068 | steps_t:     0 | t: 0.593701 | r:  -508.000000 | e:   1.000000 | Q:        nan | won: False 
#   95 | steps:  1094 | steps_t:     0 | t: 0.609330 | r:  -525.000000 | e:   1.000000 | Q:        nan | won: False 
#   96 | steps:  1104 | steps_t:     0 | t: 0.624954 | r:  -509.000000 | e:   1.000000 | Q:        nan | won: False 
#   97 | steps:  1112 | steps_t:     0 | t: 0.624954 | r:  -507.000000 | e:   1.000000 | Q:        nan | won: False 
#   98 | steps:  1130 | steps_t:     0 | t: 0.640560 | r:  -517.000000 | e:   1.000000 | Q:        nan | won: False 
#   99 | steps:  1137 | steps_t:     0 | t: 0.640560 | r:  -506.000000 | e:   1.000000 | Q:        nan | won: False 
#  100 | steps:  1148 | steps_t:     0 | t: 0.640560 | r:  -510.000000 | e:   1.000000 | Q:        nan | won: False 
#  101 | steps:  1165 | steps_t:     0 | t: 0.656197 | r:  -516.000000 | e:   1.000000 | Q:        nan | won: False 
#  102 | steps:  1172 | steps_t:     0 | t: 0.656197 | r:  -506.000000 | e:   1.000000 | Q:        nan | won: False 
#  103 | steps:  1182 | steps_t:     0 | t: 0.656197 | r:  -509.000000 | e:   1.000000 | Q:        nan | won: False 
#  104 | steps:  1196 | steps_t:     0 | t: 0.671826 | r:  -513.000000 | e:   1.000000 | Q:        nan | won: False 
#  105 | steps:  1205 | steps_t:     0 | t: 0.671826 | r:  -508.000000 | e:   1.000000 | Q:        nan | won: False 
#  106 | steps:  1212 | steps_t:     0 | t: 0.671826 | r:  -506.000000 | e:   1.000000 | Q:        nan | won: False 
#  107 | steps:  1222 | steps_t:     0 | t: 0.687449 | r:  -509.000000 | e:   1.000000 | Q:        nan | won: False 
#  108 | steps:  1230 | steps_t:     0 | t: 0.687449 | r:  -507.000000 | e:   1.000000 | Q:        nan | won: False 
#  109 | steps:  1241 | steps_t:     0 | t: 0.687449 | r:  -510.000000 | e:   1.000000 | Q:        nan | won: False 
#  110 | steps:  1251 | steps_t:     0 | t: 0.703068 | r:  -509.000000 | e:   1.000000 | Q:        nan | won: False 
#  111 | steps:  1260 | steps_t:     0 | t: 0.703068 | r:  -508.000000 | e:   1.000000 | Q:        nan | won: False 
#  112 | steps:  1269 | steps_t:     0 | t: 0.703068 | r:  -508.000000 | e:   1.000000 | Q:        nan | won: False 
#  113 | steps:  1289 | steps_t:     0 | t: 0.718697 | r:  -519.000000 | e:   1.000000 | Q:        nan | won: False 
#  114 | steps:  1295 | steps_t:     0 | t: 0.718697 | r:  -505.000000 | e:   1.000000 | Q:        nan | won: False 
#  115 | steps:  1302 | steps_t:     0 | t: 0.734316 | r:  -506.000000 | e:   1.000000 | Q:        nan | won: False 
#  116 | steps:  1312 | steps_t:     0 | t: 0.734316 | r:  -509.000000 | e:   1.000000 | Q:        nan | won: False 
#  117 | steps:  1330 | steps_t:     0 | t: 0.749940 | r:  -517.000000 | e:   1.000000 | Q:        nan | won: False 
#  118 | steps:  1340 | steps_t:     0 | t: 0.749940 | r:  -509.000000 | e:   1.000000 | Q:        nan | won: False 
#  119 | steps:  1346 | steps_t:     0 | t: 0.749940 | r:  -505.000000 | e:   1.000000 | Q:        nan | won: False 
#  120 | steps:  1353 | steps_t:     0 | t: 0.749940 | r:  -506.000000 | e:   1.000000 | Q:        nan | won: False 
#  121 | steps:  1374 | steps_t:     0 | t: 0.765568 | r:  -520.000000 | e:   1.000000 | Q:        nan | won: False 
#  122 | steps:  1385 | steps_t:     0 | t: 0.781192 | r:  -510.000000 | e:   1.000000 | Q:        nan | won: False 
#  123 | steps:  1393 | steps_t:     0 | t: 0.781192 | r:  -507.000000 | e:   1.000000 | Q:        nan | won: False 
#  124 | steps:  1402 | steps_t:     0 | t: 0.781192 | r:  -508.000000 | e:   1.000000 | Q:        nan | won: False 
#  125 | steps:  1408 | steps_t:     0 | t: 0.781192 | r:  -505.000000 | e:   1.000000 | Q:        nan | won: False 
#  126 | steps:  1417 | steps_t:     0 | t: 0.796811 | r:  -508.000000 | e:   1.000000 | Q:        nan | won: False 
#  127 | steps:  1425 | steps_t:     0 | t: 0.796811 | r:  -507.000000 | e:   1.000000 | Q:        nan | won: False 
#  128 | steps:  1455 | steps_t:     0 | t: 0.812435 | r:  -518.000000 | e:   1.000000 | Q:        nan | won: False 
#  129 | steps:  1467 | steps_t:     0 | t: 0.812435 | r:  -511.000000 | e:   1.000000 | Q:        nan | won: False 
#  130 | steps:  1475 | steps_t:     0 | t: 0.828063 | r:  -507.000000 | e:   1.000000 | Q:        nan | won: False 
#  131 | steps:  1482 | steps_t:     0 | t: 0.828063 | r:  -506.000000 | e:   1.000000 | Q:        nan | won: False 
#  132 | steps:  1503 | steps_t:     0 | t: 0.843683 | r:  -520.000000 | e:   1.000000 | Q:        nan | won: False 
#  133 | steps:  1511 | steps_t:     0 | t: 0.843683 | r:  -507.000000 | e:   1.000000 | Q:        nan | won: False 
#  134 | steps:  1520 | steps_t:     0 | t: 0.843683 | r:  -508.000000 | e:   1.000000 | Q:        nan | won: False 
#  135 | steps:  1526 | steps_t:     0 | t: 0.843683 | r:  -505.000000 | e:   1.000000 | Q:        nan | won: False 
#  136 | steps:  1539 | steps_t:     0 | t: 0.859311 | r:  -512.000000 | e:   1.000000 | Q:        nan | won: False 
#  137 | steps:  1549 | steps_t:     0 | t: 0.859311 | r:  -509.000000 | e:   1.000000 | Q:        nan | won: False 
#  138 | steps:  1557 | steps_t:     0 | t: 0.874930 | r:  -507.000000 | e:   1.000000 | Q:        nan | won: False 
#  139 | steps:  1570 | steps_t:     0 | t: 0.874930 | r:  -512.000000 | e:   1.000000 | Q:        nan | won: False 
#  140 | steps:  1581 | steps_t:     0 | t: 0.874930 | r:  -510.000000 | e:   1.000000 | Q:        nan | won: False 
#  141 | steps:  1600 | steps_t:     0 | t: 0.890543 | r:  -507.000000 | e:   1.000000 | Q:        nan | won: False 
#  142 | steps:  1607 | steps_t:     0 | t: 0.890543 | r:  -506.000000 | e:   1.000000 | Q:        nan | won: False 
#  143 | steps:  1621 | steps_t:     0 | t: 0.906178 | r:  -513.000000 | e:   1.000000 | Q:        nan | won: False 
#  144 | steps:  1631 | steps_t:     0 | t: 0.906178 | r:  -509.000000 | e:   1.000000 | Q:        nan | won: False 
#  145 | steps:  1647 | steps_t:     0 | t: 0.921803 | r:  -515.000000 | e:   1.000000 | Q:        nan | won: False 
#  146 | steps:  1655 | steps_t:     0 | t: 0.921803 | r:  -507.000000 | e:   1.000000 | Q:        nan | won: False 
#  147 | steps:  1664 | steps_t:     0 | t: 0.921803 | r:  -508.000000 | e:   1.000000 | Q:        nan | won: False 
#  148 | steps:  1672 | steps_t:     0 | t: 0.937427 | r:  -507.000000 | e:   1.000000 | Q:        nan | won: False 
#  149 | steps:  1678 | steps_t:     0 | t: 0.937427 | r:  -505.000000 | e:   1.000000 | Q:        nan | won: False 
#  150 | steps:  1702 | steps_t:     0 | t: 0.953049 | r:  -523.000000 | e:   1.000000 | Q:        nan | won: False 
#  151 | steps:  1729 | steps_t:     0 | t: 0.953049 | r:  -526.000000 | e:   1.000000 | Q:        nan | won: False 
#  152 | steps:  1743 | steps_t:     0 | t: 0.968662 | r:  -513.000000 | e:   1.000000 | Q:        nan | won: False 
#  153 | steps:  1750 | steps_t:     0 | t: 0.968662 | r:  -506.000000 | e:   1.000000 | Q:        nan | won: False 
#  154 | steps:  1761 | steps_t:     0 | t: 0.984298 | r:  -510.000000 | e:   1.000000 | Q:        nan | won: False 
#  155 | steps:  1768 | steps_t:     0 | t: 0.984298 | r:  -506.000000 | e:   1.000000 | Q:        nan | won: False 
#  156 | steps:  1778 | steps_t:     0 | t: 0.984298 | r:  -509.000000 | e:   1.000000 | Q:        nan | won: False 
#  157 | steps:  1793 | steps_t:     0 | t: 0.999922 | r:  -503.000000 | e:   1.000000 | Q:        nan | won: False 
#  158 | steps:  1801 | steps_t:     0 | t: 0.999922 | r:  -507.000000 | e:   1.000000 | Q:        nan | won: False 
#  159 | steps:  1817 | steps_t:     0 | t: 1.015546 | r:  -515.000000 | e:   1.000000 | Q:        nan | won: False 
#  160 | steps:  1825 | steps_t:     0 | t: 1.015546 | r:  -507.000000 | e:   1.000000 | Q:        nan | won: False 
#  161 | steps:  1841 | steps_t:     0 | t: 1.015546 | r:  -515.000000 | e:   1.000000 | Q:        nan | won: False 
#  162 | steps:  1849 | steps_t:     0 | t: 1.031157 | r:  -507.000000 | e:   1.000000 | Q:        nan | won: False 
#  163 | steps:  1858 | steps_t:     0 | t: 1.031157 | r:  -508.000000 | e:   1.000000 | Q:        nan | won: False 
#  164 | steps:  1882 | steps_t:     0 | t: 1.046794 | r:  -523.000000 | e:   1.000000 | Q:        nan | won: False 
#  165 | steps:  1900 | steps_t:     0 | t: 1.046794 | r:  -517.000000 | e:   1.000000 | Q:        nan | won: False 
#  166 | steps:  1913 | steps_t:     0 | t: 1.062405 | r:  -512.000000 | e:   1.000000 | Q:        nan | won: False 
#  167 | steps:  1925 | steps_t:     0 | t: 1.062405 | r:  -511.000000 | e:   1.000000 | Q:        nan | won: False 
#  168 | steps:  1932 | steps_t:     0 | t: 1.078046 | r:  -506.000000 | e:   1.000000 | Q:        nan | won: False 
#  169 | steps:  1938 | steps_t:     0 | t: 1.078046 | r:  -505.000000 | e:   1.000000 | Q:        nan | won: False 
#  170 | steps:  1945 | steps_t:     0 | t: 1.078046 | r:  -506.000000 | e:   1.000000 | Q:        nan | won: False 
#  171 | steps:  1953 | steps_t:     0 | t: 1.078046 | r:  -507.000000 | e:   1.000000 | Q:        nan | won: False 
#  172 | steps:  1962 | steps_t:     0 | t: 1.093670 | r:  -508.000000 | e:   1.000000 | Q:        nan | won: False 
#  173 | steps:  1970 | steps_t:     0 | t: 1.093670 | r:  -507.000000 | e:   1.000000 | Q:        nan | won: False 
#  174 | steps:  1992 | steps_t:     0 | t: 1.109288 | r:  -521.000000 | e:   1.000000 | Q:        nan | won: False 
#  175 | steps:  2001 | steps_t:     0 | t: 1.109288 | r:  -508.000000 | e:   1.000000 | Q:        nan | won: False 
#  176 | steps:  2008 | steps_t:     0 | t: 1.109288 | r:  -506.000000 | e:   1.000000 | Q:        nan | won: False 
#  177 | steps:  2023 | steps_t:     0 | t: 1.124912 | r:  -503.000000 | e:   1.000000 | Q:        nan | won: False 
#  178 | steps:  2032 | steps_t:     0 | t: 1.124912 | r:  -508.000000 | e:   1.000000 | Q:        nan | won: False 
#  179 | steps:  2043 | steps_t:     0 | t: 1.140523 | r:  -510.000000 | e:   1.000000 | Q:        nan | won: False 
#  180 | steps:  2051 | steps_t:     0 | t: 1.140523 | r:  -507.000000 | e:   1.000000 | Q:        nan | won: False 
#  181 | steps:  2058 | steps_t:     0 | t: 1.140523 | r:  -506.000000 | e:   1.000000 | Q:        nan | won: False 
#  182 | steps:  2073 | steps_t:     0 | t: 1.156148 | r:  -514.000000 | e:   1.000000 | Q:        nan | won: False 
#  183 | steps:  2089 | steps_t:     0 | t: 1.171784 | r:  -515.000000 | e:   1.000000 | Q:        nan | won: False 
#  184 | steps:  2098 | steps_t:     0 | t: 1.171784 | r:  -508.000000 | e:   1.000000 | Q:        nan | won: False 
#  185 | steps:  2109 | steps_t:     0 | t: 1.171784 | r:  -510.000000 | e:   1.000000 | Q:        nan | won: False 
#  186 | steps:  2131 | steps_t:     0 | t: 1.187395 | r:  -521.000000 | e:   1.000000 | Q:        nan | won: False 
#  187 | steps:  2141 | steps_t:     0 | t: 1.203035 | r:  -509.000000 | e:   1.000000 | Q:        nan | won: False 
#  188 | steps:  2151 | steps_t:     0 | t: 1.203035 | r:  -509.000000 | e:   1.000000 | Q:        nan | won: False 
#  189 | steps:  2160 | steps_t:     0 | t: 1.203035 | r:  -508.000000 | e:   1.000000 | Q:        nan | won: False 
#  190 | steps:  2180 | steps_t:     0 | t: 1.218660 | r:  -519.000000 | e:   1.000000 | Q:        nan | won: False 
#  191 | steps:  2187 | steps_t:     0 | t: 1.218660 | r:  -506.000000 | e:   1.000000 | Q:        nan | won: False 
#  192 | steps:  2194 | steps_t:     0 | t: 1.234284 | r:  -506.000000 | e:   1.000000 | Q:        nan | won: False 
#  193 | steps:  2207 | steps_t:     0 | t: 1.234284 | r:  -512.000000 | e:   1.000000 | Q:        nan | won: False 
#  194 | steps:  2212 | steps_t:     0 | t: 1.234284 | r:  -504.000000 | e:   1.000000 | Q:        nan | won: False 
#  195 | steps:  2230 | steps_t:     0 | t: 1.249909 | r:  -517.000000 | e:   1.000000 | Q:        nan | won: False 
#  196 | steps:  2240 | steps_t:     0 | t: 1.249909 | r:  -509.000000 | e:   1.000000 | Q:        nan | won: False 
#  197 | steps:  2254 | steps_t:     0 | t: 1.265528 | r:  -513.000000 | e:   1.000000 | Q:        nan | won: False 
#  198 | steps:  2265 | steps_t:     0 | t: 1.265528 | r:  -510.000000 | e:   1.000000 | Q:        nan | won: False 
#  199 | steps:  2274 | steps_t:     0 | t: 1.265528 | r:  -508.000000 | e:   1.000000 | Q:        nan | won: False 
#  200 | steps:  2282 | steps_t:     0 | t: 1.281156 | r:  -507.000000 | e:   1.000000 | Q:        nan | won: False 
#  201 | steps:  2306 | steps_t:     0 | t: 1.296780 | r:  -523.000000 | e:   1.000000 | Q:        nan | won: False 
#  202 | steps:  2312 | steps_t:     0 | t: 1.296780 | r:  -505.000000 | e:   1.000000 | Q:        nan | won: False 
#  203 | steps:  2317 | steps_t:     0 | t: 1.296780 | r:  -504.000000 | e:   1.000000 | Q:        nan | won: False 
#  204 | steps:  2322 | steps_t:     0 | t: 1.296780 | r:  -504.000000 | e:   1.000000 | Q:        nan | won: False 
#  205 | steps:  2330 | steps_t:     0 | t: 1.296780 | r:  -507.000000 | e:   1.000000 | Q:        nan | won: False 
#  206 | steps:  2352 | steps_t:     0 | t: 1.313928 | r:  -521.000000 | e:   1.000000 | Q:        nan | won: False 
#  207 | steps:  2359 | steps_t:     0 | t: 1.313928 | r:  -506.000000 | e:   1.000000 | Q:        nan | won: False 
#  208 | steps:  2367 | steps_t:     0 | t: 1.329575 | r:  -507.000000 | e:   1.000000 | Q:        nan | won: False 
#  209 | steps:  2378 | steps_t:     0 | t: 1.334594 | r:  -510.000000 | e:   1.000000 | Q:        nan | won: False 
#  210 | steps:  2385 | steps_t:     0 | t: 1.334594 | r:  -506.000000 | e:   1.000000 | Q:        nan | won: False 
#  211 | steps:  2402 | steps_t:     0 | t: 1.350239 | r:  -505.000000 | e:   1.000000 | Q:        nan | won: False 
#  212 | steps:  2410 | steps_t:     0 | t: 1.355247 | r:  -507.000000 | e:   1.000000 | Q:        nan | won: False 
#  213 | steps:  2419 | steps_t:     0 | t: 1.355247 | r:  -508.000000 | e:   1.000000 | Q:        nan | won: False 
#  214 | steps:  2430 | steps_t:     0 | t: 1.370877 | r:  -510.000000 | e:   1.000000 | Q:        nan | won: False 
#  215 | steps:  2441 | steps_t:     0 | t: 1.375894 | r:  -510.000000 | e:   1.000000 | Q:        nan | won: False 
#  216 | steps:  2455 | steps_t:     0 | t: 1.375894 | r:  -513.000000 | e:   1.000000 | Q:        nan | won: False 
#  217 | steps:  2465 | steps_t:     0 | t: 1.375894 | r:  -509.000000 | e:   1.000000 | Q:        nan | won: False 
#  218 | steps:  2479 | steps_t:     0 | t: 1.396547 | r:  -513.000000 | e:   1.000000 | Q:        nan | won: False 
#  219 | steps:  2488 | steps_t:     0 | t: 1.396547 | r:  -508.000000 | e:   1.000000 | Q:        nan | won: False 
#  220 | steps:  2500 | steps_t:     0 | t: 1.412190 | r:  -511.000000 | e:   1.000000 | Q:        nan | won: False 
#  221 | steps:  2509 | steps_t:     0 | t: 1.417211 | r:  -508.000000 | e:   1.000000 | Q:        nan | won: False 
#  222 | steps:  2519 | steps_t:     0 | t: 1.417211 | r:  -509.000000 | e:   1.000000 | Q:        nan | won: False 
#  223 | steps:  2525 | steps_t:     0 | t: 1.417211 | r:  -505.000000 | e:   1.000000 | Q:        nan | won: False 
#  224 | steps:  2533 | steps_t:     0 | t: 1.417211 | r:  -507.000000 | e:   1.000000 | Q:        nan | won: False 
#  225 | steps:  2547 | steps_t:     0 | t: 1.432858 | r:  -513.000000 | e:   1.000000 | Q:        nan | won: False 
#  226 | steps:  2554 | steps_t:     0 | t: 1.432858 | r:  -506.000000 | e:   1.000000 | Q:        nan | won: False 
#  227 | steps:  2567 | steps_t:     0 | t: 1.448465 | r:  -512.000000 | e:   1.000000 | Q:        nan | won: False 
#  228 | steps:  2573 | steps_t:     0 | t: 1.448465 | r:  -505.000000 | e:   1.000000 | Q:        nan | won: False 
#  229 | steps:  2596 | steps_t:     0 | t: 1.464097 | r:  -522.000000 | e:   1.000000 | Q:        nan | won: False 
#  230 | steps:  2606 | steps_t:     0 | t: 1.464097 | r:  -509.000000 | e:   1.000000 | Q:        nan | won: False 
#  231 | steps:  2614 | steps_t:     0 | t: 1.479712 | r:  -507.000000 | e:   1.000000 | Q:        nan | won: False 
#  232 | steps:  2625 | steps_t:     0 | t: 1.479712 | r:  -510.000000 | e:   1.000000 | Q:        nan | won: False 
#  233 | steps:  2635 | steps_t:     0 | t: 1.495337 | r:  -509.000000 | e:   1.000000 | Q:        nan | won: False 
#  234 | steps:  2648 | steps_t:     0 | t: 1.495337 | r:  -512.000000 | e:   1.000000 | Q:        nan | won: False 
#  235 | steps:  2657 | steps_t:     0 | t: 1.510959 | r:  -508.000000 | e:   1.000000 | Q:        nan | won: False 
#  236 | steps:  2663 | steps_t:     0 | t: 1.510959 | r:  -505.000000 | e:   1.000000 | Q:        nan | won: False 
#  237 | steps:  2684 | steps_t:     0 | t: 1.526582 | r:  -520.000000 | e:   1.000000 | Q:        nan | won: False 
#  238 | steps:  2691 | steps_t:     0 | t: 1.542207 | r:  -506.000000 | e:   1.000000 | Q:        nan | won: False 
#  239 | steps:  2699 | steps_t:     0 | t: 1.542207 | r:  -507.000000 | e:   1.000000 | Q:        nan | won: False 
#  240 | steps:  2708 | steps_t:     0 | t: 1.557830 | r:  -508.000000 | e:   1.000000 | Q:        nan | won: False 
#  241 | steps:  2741 | steps_t:     0 | t: 1.573457 | r:  -521.000000 | e:   1.000000 | Q:        nan | won: False 
#  242 | steps:  2749 | steps_t:     0 | t: 1.573457 | r:  -507.000000 | e:   1.000000 | Q:        nan | won: False 
#  243 | steps:  2755 | steps_t:     0 | t: 1.573457 | r:  -505.000000 | e:   1.000000 | Q:        nan | won: False 
#  244 | steps:  2765 | steps_t:     0 | t: 1.589078 | r:  -509.000000 | e:   1.000000 | Q:        nan | won: False 
#  245 | steps:  2775 | steps_t:     0 | t: 1.589078 | r:  -509.000000 | e:   1.000000 | Q:        nan | won: False 
#  246 | steps:  2781 | steps_t:     0 | t: 1.604702 | r:  -505.000000 | e:   1.000000 | Q:        nan | won: False 
#  247 | steps:  2790 | steps_t:     0 | t: 1.604702 | r:  -508.000000 | e:   1.000000 | Q:        nan | won: False 
#  248 | steps:  2799 | steps_t:     0 | t: 1.604702 | r:  -508.000000 | e:   1.000000 | Q:        nan | won: False 
#  249 | steps:  2805 | steps_t:     0 | t: 1.620327 | r:  -505.000000 | e:   1.000000 | Q:        nan | won: False 
#  250 | steps:  2812 | steps_t:     0 | t: 1.620327 | r:  -506.000000 | e:   1.000000 | Q:        nan | won: False 
#  251 | steps:  2820 | steps_t:     0 | t: 1.620327 | r:  -507.000000 | e:   1.000000 | Q:        nan | won: False 
#  252 | steps:  2828 | steps_t:     0 | t: 1.635950 | r:  -507.000000 | e:   1.000000 | Q:        nan | won: False 
#  253 | steps:  2837 | steps_t:     0 | t: 1.635950 | r:  -508.000000 | e:   1.000000 | Q:        nan | won: False 
#  254 | steps:  2856 | steps_t:     0 | t: 1.651588 | r:  -518.000000 | e:   1.000000 | Q:        nan | won: False 
#  255 | steps:  2866 | steps_t:     0 | t: 1.651588 | r:  -509.000000 | e:   1.000000 | Q:        nan | won: False 
#  256 | steps:  2875 | steps_t:     0 | t: 1.667217 | r:  -508.000000 | e:   1.000000 | Q:        nan | won: False 
#  257 | steps:  2889 | steps_t:     0 | t: 1.667217 | r:  -513.000000 | e:   1.000000 | Q:        nan | won: False 
#  258 | steps:  2898 | steps_t:     0 | t: 1.682835 | r:  -508.000000 | e:   1.000000 | Q:        nan | won: False 
#  259 | steps:  2904 | steps_t:     0 | t: 1.682835 | r:  -505.000000 | e:   1.000000 | Q:        nan | won: False 
#  260 | steps:  2919 | steps_t:     0 | t: 1.698446 | r:  -514.000000 | e:   1.000000 | Q:        nan | won: False 
#  261 | steps:  2936 | steps_t:     0 | t: 1.698446 | r:  -516.000000 | e:   1.000000 | Q:        nan | won: False 
#  262 | steps:  2943 | steps_t:     0 | t: 1.698446 | r:  -506.000000 | e:   1.000000 | Q:        nan | won: False 
#  263 | steps:  2951 | steps_t:     0 | t: 1.714071 | r:  -507.000000 | e:   1.000000 | Q:        nan | won: False 
#  264 | steps:  2958 | steps_t:     0 | t: 1.714071 | r:  -506.000000 | e:   1.000000 | Q:        nan | won: False 
#  265 | steps:  2966 | steps_t:     0 | t: 1.714071 | r:  -507.000000 | e:   1.000000 | Q:        nan | won: False 
#  266 | steps:  2975 | steps_t:     0 | t: 1.729696 | r:  -508.000000 | e:   1.000000 | Q:        nan | won: False 
#  267 | steps:  2982 | steps_t:     0 | t: 1.729696 | r:  -506.000000 | e:   1.000000 | Q:        nan | won: False 
#  268 | steps:  2989 | steps_t:     0 | t: 1.729696 | r:  -506.000000 | e:   1.000000 | Q:        nan | won: False 
#  269 | steps:  3008 | steps_t:     0 | t: 1.745319 | r:  -507.000000 | e:   1.000000 | Q:        nan | won: False 
#  270 | steps:  3026 | steps_t:     0 | t: 1.760955 | r:  -517.000000 | e:   1.000000 | Q:        nan | won: False 
#  271 | steps:  3034 | steps_t:     0 | t: 1.760955 | r:  -507.000000 | e:   1.000000 | Q:        nan | won: False 
#  272 | steps:  3043 | steps_t:     0 | t: 1.760955 | r:  -508.000000 | e:   1.000000 | Q:        nan | won: False 
#  273 | steps:  3054 | steps_t:     0 | t: 1.776583 | r:  -510.000000 | e:   1.000000 | Q:        nan | won: False 
#  274 | steps:  3072 | steps_t:     0 | t: 1.776583 | r:  -517.000000 | e:   1.000000 | Q:        nan | won: False 
#  275 | steps:  3087 | steps_t:     0 | t: 1.792190 | r:  -514.000000 | e:   1.000000 | Q:        nan | won: False 
#  276 | steps:  3095 | steps_t:     0 | t: 1.792190 | r:  -507.000000 | e:   1.000000 | Q:        nan | won: False 
#  277 | steps:  3103 | steps_t:     0 | t: 1.792190 | r:  -507.000000 | e:   1.000000 | Q:        nan | won: False 
#  278 | steps:  3125 | steps_t:     0 | t: 1.807813 | r:  -521.000000 | e:   1.000000 | Q:        nan | won: False 
#  279 | steps:  3132 | steps_t:     0 | t: 1.823438 | r:  -506.000000 | e:   1.000000 | Q:        nan | won: False 
#  280 | steps:  3139 | steps_t:     0 | t: 1.823438 | r:  -506.000000 | e:   1.000000 | Q:        nan | won: False 
#  281 | steps:  3147 | steps_t:     0 | t: 1.823438 | r:  -507.000000 | e:   1.000000 | Q:        nan | won: False 
#  282 | steps:  3154 | steps_t:     0 | t: 1.839062 | r:  -506.000000 | e:   1.000000 | Q:        nan | won: False 
#  283 | steps:  3161 | steps_t:     0 | t: 1.839062 | r:  -506.000000 | e:   1.000000 | Q:        nan | won: False 
#  284 | steps:  3172 | steps_t:     0 | t: 1.839062 | r:  -510.000000 | e:   1.000000 | Q:        nan | won: False 
#  285 | steps:  3182 | steps_t:     0 | t: 1.854698 | r:  -509.000000 | e:   1.000000 | Q:        nan | won: False 
#  286 | steps:  3189 | steps_t:     0 | t: 1.854698 | r:  -506.000000 | e:   1.000000 | Q:        nan | won: False 
#  287 | steps:  3199 | steps_t:     0 | t: 1.854698 | r:  -509.000000 | e:   1.000000 | Q:        nan | won: False 
#  288 | steps:  3205 | steps_t:     0 | t: 1.870322 | r:  -505.000000 | e:   1.000000 | Q:        nan | won: False 
#  289 | steps:  3226 | steps_t:     0 | t: 1.870322 | r:  -520.000000 | e:   1.000000 | Q:        nan | won: False 
#  290 | steps:  3238 | steps_t:     0 | t: 1.885934 | r:  -511.000000 | e:   1.000000 | Q:        nan | won: False 
#  291 | steps:  3246 | steps_t:     0 | t: 1.885934 | r:  -507.000000 | e:   1.000000 | Q:        nan | won: False 
#  292 | steps:  3254 | steps_t:     0 | t: 1.885934 | r:  -507.000000 | e:   1.000000 | Q:        nan | won: False 
#  293 | steps:  3260 | steps_t:     0 | t: 1.901569 | r:  -505.000000 | e:   1.000000 | Q:        nan | won: False 
#  294 | steps:  3271 | steps_t:     0 | t: 1.901569 | r:  -510.000000 | e:   1.000000 | Q:        nan | won: False 
#  295 | steps:  3278 | steps_t:     0 | t: 1.917193 | r:  -506.000000 | e:   1.000000 | Q:        nan | won: False 
#  296 | steps:  3297 | steps_t:     0 | t: 1.917193 | r:  -518.000000 | e:   1.000000 | Q:        nan | won: False 
#  297 | steps:  3306 | steps_t:     0 | t: 1.932805 | r:  -508.000000 | e:   1.000000 | Q:        nan | won: False 
#  298 | steps:  3316 | steps_t:     0 | t: 1.932805 | r:  -509.000000 | e:   1.000000 | Q:        nan | won: False 
#  299 | steps:  3327 | steps_t:     0 | t: 1.932805 | r:  -510.000000 | e:   1.000000 | Q:        nan | won: False 
#  300 | steps:  3337 | steps_t:     0 | t: 1.948446 | r:  -509.000000 | e:   1.000000 | Q:        nan | won: False 
#  301 | steps:  3365 | steps_t:     0 | t: 1.964054 | r:  -516.000000 | e:   1.000000 | Q:        nan | won: False 
#  302 | steps:  3372 | steps_t:     0 | t: 1.964054 | r:  -506.000000 | e:   1.000000 | Q:        nan | won: False 
#  303 | steps:  3381 | steps_t:     0 | t: 1.979688 | r:  -508.000000 | e:   1.000000 | Q:        nan | won: False 
#  304 | steps:  3386 | steps_t:     0 | t: 1.979688 | r:  -504.000000 | e:   1.000000 | Q:        nan | won: False 
#  305 | steps:  3397 | steps_t:     0 | t: 1.979688 | r:  -510.000000 | e:   1.000000 | Q:        nan | won: False 
#  306 | steps:  3405 | steps_t:     0 | t: 1.979688 | r:  -507.000000 | e:   1.000000 | Q:        nan | won: False 
#  307 | steps:  3415 | steps_t:     0 | t: 1.995299 | r:  -509.000000 | e:   1.000000 | Q:        nan | won: False 
#  308 | steps:  3424 | steps_t:     0 | t: 1.995299 | r:  -508.000000 | e:   1.000000 | Q:        nan | won: False 
#  309 | steps:  3434 | steps_t:     0 | t: 2.010923 | r:  -509.000000 | e:   1.000000 | Q:        nan | won: False 
#  310 | steps:  3444 | steps_t:     0 | t: 2.010923 | r:  -509.000000 | e:   1.000000 | Q:        nan | won: False 
#  311 | steps:  3452 | steps_t:     0 | t: 2.026548 | r:  -507.000000 | e:   1.000000 | Q:        nan | won: False 
#  312 | steps:  3459 | steps_t:     0 | t: 2.026548 | r:  -506.000000 | e:   1.000000 | Q:        nan | won: False 
#  313 | steps:  3466 | steps_t:     0 | t: 2.026548 | r:  -506.000000 | e:   1.000000 | Q:        nan | won: False 
#  314 | steps:  3476 | steps_t:     0 | t: 2.042171 | r:  -509.000000 | e:   1.000000 | Q:        nan | won: False 
#  315 | steps:  3482 | steps_t:     0 | t: 2.042171 | r:  -505.000000 | e:   1.000000 | Q:        nan | won: False 
#  316 | steps:  3490 | steps_t:     0 | t: 2.042171 | r:  -507.000000 | e:   1.000000 | Q:        nan | won: False 
#  317 | steps:  3501 | steps_t:     0 | t: 2.057795 | r:  -510.000000 | e:   1.000000 | Q:        nan | won: False 
#  318 | steps:  3511 | steps_t:     0 | t: 2.057795 | r:  -509.000000 | e:   1.000000 | Q:        nan | won: False 
#  319 | steps:  3519 | steps_t:     0 | t: 2.057795 | r:  -507.000000 | e:   1.000000 | Q:        nan | won: False 
#  320 | steps:  3527 | steps_t:     0 | t: 2.073431 | r:  -507.000000 | e:   1.000000 | Q:        nan | won: False 
#  321 | steps:  3545 | steps_t:     0 | t: 2.089043 | r:  -517.000000 | e:   1.000000 | Q:        nan | won: False 
#  322 | steps:  3556 | steps_t:     0 | t: 2.089043 | r:  -510.000000 | e:   1.000000 | Q:        nan | won: False 
#  323 | steps:  3565 | steps_t:     0 | t: 2.089043 | r:  -508.000000 | e:   1.000000 | Q:        nan | won: False 
#  324 | steps:  3572 | steps_t:     0 | t: 2.104685 | r:  -506.000000 | e:   1.000000 | Q:        nan | won: False 
#  325 | steps:  3581 | steps_t:     0 | t: 2.104685 | r:  -508.000000 | e:   1.000000 | Q:        nan | won: False 
#  326 | steps:  3588 | steps_t:     0 | t: 2.120308 | r:  -506.000000 | e:   1.000000 | Q:        nan | won: False 
#  327 | steps:  3595 | steps_t:     0 | t: 2.120308 | r:  -506.000000 | e:   1.000000 | Q:        nan | won: False 
#  328 | steps:  3613 | steps_t:     0 | t: 2.135933 | r:  -517.000000 | e:   1.000000 | Q:        nan | won: False 
#  329 | steps:  3631 | steps_t:     0 | t: 2.135933 | r:  -517.000000 | e:   1.000000 | Q:        nan | won: False 
#  330 | steps:  3638 | steps_t:     0 | t: 2.151556 | r:  -506.000000 | e:   1.000000 | Q:        nan | won: False 
#  331 | steps:  3647 | steps_t:     0 | t: 2.151556 | r:  -508.000000 | e:   1.000000 | Q:        nan | won: False 
#  332 | steps:  3666 | steps_t:     0 | t: 2.167176 | r:  -518.000000 | e:   1.000000 | Q:        nan | won: False 
#  333 | steps:  3674 | steps_t:     0 | t: 2.167176 | r:  -507.000000 | e:   1.000000 | Q:        nan | won: False 
#  334 | steps:  3683 | steps_t:     0 | t: 2.182787 | r:  -508.000000 | e:   1.000000 | Q:        nan | won: False 
#  335 | steps:  3702 | steps_t:     0 | t: 2.198427 | r:  -507.000000 | e:   1.000000 | Q:        nan | won: False 
#  336 | steps:  3714 | steps_t:     0 | t: 2.198427 | r:  -511.000000 | e:   1.000000 | Q:        nan | won: False 
#  337 | steps:  3727 | steps_t:     0 | t: 2.214036 | r:  -512.000000 | e:   1.000000 | Q:        nan | won: False 
#  338 | steps:  3736 | steps_t:     0 | t: 2.214036 | r:  -508.000000 | e:   1.000000 | Q:        nan | won: False 
#  339 | steps:  3748 | steps_t:     0 | t: 2.229676 | r:  -511.000000 | e:   1.000000 | Q:        nan | won: False 
#  340 | steps:  3761 | steps_t:     0 | t: 2.229676 | r:  -512.000000 | e:   1.000000 | Q:        nan | won: False 
#  341 | steps:  3777 | steps_t:     0 | t: 2.245299 | r:  -515.000000 | e:   1.000000 | Q:        nan | won: False 
#  342 | steps:  3794 | steps_t:     0 | t: 2.245299 | r:  -516.000000 | e:   1.000000 | Q:        nan | won: False 
#  343 | steps:  3802 | steps_t:     0 | t: 2.260907 | r:  -507.000000 | e:   1.000000 | Q:        nan | won: False 
#  344 | steps:  3810 | steps_t:     0 | t: 2.260907 | r:  -507.000000 | e:   1.000000 | Q:        nan | won: False 
#  345 | steps:  3836 | steps_t:     0 | t: 2.276546 | r:  -514.000000 | e:   1.000000 | Q:        nan | won: False 
#  346 | steps:  3855 | steps_t:     0 | t: 2.292154 | r:  -518.000000 | e:   1.000000 | Q:        nan | won: False 
#  347 | steps:  3862 | steps_t:     0 | t: 2.292154 | r:  -506.000000 | e:   1.000000 | Q:        nan | won: False 
#  348 | steps:  3868 | steps_t:     0 | t: 2.292154 | r:  -505.000000 | e:   1.000000 | Q:        nan | won: False 
#  349 | steps:  3875 | steps_t:     0 | t: 2.307794 | r:  -506.000000 | e:   1.000000 | Q:        nan | won: False 
#  350 | steps:  3884 | steps_t:     0 | t: 2.314319 | r:  -508.000000 | e:   1.000000 | Q:        nan | won: False 
#  351 | steps:  3892 | steps_t:     0 | t: 2.314319 | r:  -507.000000 | e:   1.000000 | Q:        nan | won: False 
#  352 | steps:  3900 | steps_t:     0 | t: 2.314319 | r:  -507.000000 | e:   1.000000 | Q:        nan | won: False 
#  353 | steps:  3907 | steps_t:     0 | t: 2.314319 | r:  -506.000000 | e:   1.000000 | Q:        nan | won: False 
#  354 | steps:  3915 | steps_t:     0 | t: 2.329962 | r:  -507.000000 | e:   1.000000 | Q:        nan | won: False 
#  355 | steps:  3923 | steps_t:     0 | t: 2.334982 | r:  -507.000000 | e:   1.000000 | Q:        nan | won: False 
#  356 | steps:  3933 | steps_t:     0 | t: 2.334982 | r:  -509.000000 | e:   1.000000 | Q:        nan | won: False 
#  357 | steps:  3947 | steps_t:     0 | t: 2.350626 | r:  -513.000000 | e:   1.000000 | Q:        nan | won: False 
#  358 | steps:  3955 | steps_t:     0 | t: 2.355146 | r:  -507.000000 | e:   1.000000 | Q:        nan | won: False 
#  359 | steps:  3966 | steps_t:     0 | t: 2.355146 | r:  -510.000000 | e:   1.000000 | Q:        nan | won: False 
#  360 | steps:  3973 | steps_t:     0 | t: 2.355146 | r:  -506.000000 | e:   1.000000 | Q:        nan | won: False 
#  361 | steps:  3984 | steps_t:     0 | t: 2.370789 | r:  -510.000000 | e:   1.000000 | Q:        nan | won: False 
#  362 | steps:  3992 | steps_t:     0 | t: 2.375308 | r:  -507.000000 | e:   1.000000 | Q:        nan | won: False 
#  363 | steps:  4002 | steps_t:     0 | t: 2.375308 | r:  -509.000000 | e:   1.000000 | Q:        nan | won: False 
#  364 | steps:  4011 | steps_t:     0 | t: 2.375308 | r:  -508.000000 | e:   1.000000 | Q:        nan | won: False 
#  365 | steps:  4017 | steps_t:     0 | t: 2.390954 | r:  -505.000000 | e:   1.000000 | Q:        nan | won: False 
#  366 | steps:  4024 | steps_t:     0 | t: 2.395974 | r:  -506.000000 | e:   1.000000 | Q:        nan | won: False 
#  367 | steps:  4031 | steps_t:     0 | t: 2.395974 | r:  -506.000000 | e:   1.000000 | Q:        nan | won: False 
#  368 | steps:  4040 | steps_t:     0 | t: 2.395974 | r:  -508.000000 | e:   1.000000 | Q:        nan | won: False 
#  369 | steps:  4052 | steps_t:     0 | t: 2.411618 | r:  -511.000000 | e:   1.000000 | Q:        nan | won: False 
#  370 | steps:  4059 | steps_t:     0 | t: 2.411618 | r:  -506.000000 | e:   1.000000 | Q:        nan | won: False 
#  371 | steps:  4064 | steps_t:     0 | t: 2.411618 | r:  -504.000000 | e:   1.000000 | Q:        nan | won: False 
#  372 | steps:  4071 | steps_t:     0 | t: 2.411618 | r:  -506.000000 | e:   1.000000 | Q:        nan | won: False 
#  373 | steps:  4079 | steps_t:     0 | t: 2.427242 | r:  -507.000000 | e:   1.000000 | Q:        nan | won: False 
#  374 | steps:  4095 | steps_t:     0 | t: 2.427242 | r:  -515.000000 | e:   1.000000 | Q:        nan | won: False 
#  375 | steps:  4103 | steps_t:     0 | t: 2.427242 | r:  -507.000000 | e:   1.000000 | Q:        nan | won: False 
#  376 | steps:  4113 | steps_t:     0 | t: 2.442870 | r:  -509.000000 | e:   1.000000 | Q:        nan | won: False 
#  377 | steps:  4119 | steps_t:     0 | t: 2.442870 | r:  -505.000000 | e:   1.000000 | Q:        nan | won: False 
#  378 | steps:  4127 | steps_t:     0 | t: 2.442870 | r:  -507.000000 | e:   1.000000 | Q:        nan | won: False 
#  379 | steps:  4138 | steps_t:     0 | t: 2.458476 | r:  -510.000000 | e:   1.000000 | Q:        nan | won: False 
#  380 | steps:  4156 | steps_t:     0 | t: 2.458476 | r:  -517.000000 | e:   1.000000 | Q:        nan | won: False 
#  381 | steps:  4168 | steps_t:     0 | t: 2.474113 | r:  -511.000000 | e:   1.000000 | Q:        nan | won: False 
#  382 | steps:  4179 | steps_t:     0 | t: 2.474113 | r:  -510.000000 | e:   1.000000 | Q:        nan | won: False 
#  383 | steps:  4188 | steps_t:     0 | t: 2.489737 | r:  -508.000000 | e:   1.000000 | Q:        nan | won: False 
#  384 | steps:  4197 | steps_t:     0 | t: 2.489737 | r:  -508.000000 | e:   1.000000 | Q:        nan | won: False 
#  385 | steps:  4211 | steps_t:     0 | t: 2.489737 | r:  -513.000000 | e:   1.000000 | Q:        nan | won: False 
#  386 | steps:  4219 | steps_t:     0 | t: 2.505366 | r:  -507.000000 | e:   1.000000 | Q:        nan | won: False 
#  387 | steps:  4227 | steps_t:     0 | t: 2.505366 | r:  -507.000000 | e:   1.000000 | Q:        nan | won: False 
#  388 | steps:  4235 | steps_t:     0 | t: 2.505366 | r:  -507.000000 | e:   1.000000 | Q:        nan | won: False 
#  389 | steps:  4240 | steps_t:     0 | t: 2.505366 | r:  -504.000000 | e:   1.000000 | Q:        nan | won: False 
#  390 | steps:  4249 | steps_t:     0 | t: 2.520989 | r:  -508.000000 | e:   1.000000 | Q:        nan | won: False 
#  391 | steps:  4270 | steps_t:     0 | t: 2.520989 | r:  -520.000000 | e:   1.000000 | Q:        nan | won: False 
#  392 | steps:  4277 | steps_t:     0 | t: 2.536597 | r:  -506.000000 | e:   1.000000 | Q:        nan | won: False 
#  393 | steps:  4286 | steps_t:     0 | t: 2.536597 | r:  -508.000000 | e:   1.000000 | Q:        nan | won: False 
#  394 | steps:  4293 | steps_t:     0 | t: 2.536597 | r:  -506.000000 | e:   1.000000 | Q:        nan | won: False 
#  395 | steps:  4302 | steps_t:     0 | t: 2.552232 | r:  -508.000000 | e:   1.000000 | Q:        nan | won: False 
#  396 | steps:  4318 | steps_t:     0 | t: 2.552232 | r:  -504.000000 | e:   1.000000 | Q:        nan | won: False 
#  397 | steps:  4338 | steps_t:     0 | t: 2.567856 | r:  -519.000000 | e:   1.000000 | Q:        nan | won: False 
#  398 | steps:  4345 | steps_t:     0 | t: 2.567856 | r:  -506.000000 | e:   1.000000 | Q:        nan | won: False 
#  399 | steps:  4355 | steps_t:     0 | t: 2.583481 | r:  -509.000000 | e:   1.000000 | Q:        nan | won: False 
#  400 | steps:  4365 | steps_t:     0 | t: 2.583481 | r:  -509.000000 | e:   1.000000 | Q:        nan | won: False 
#  401 | steps:  4385 | steps_t:     0 | t: 2.599104 | r:  -519.000000 | e:   1.000000 | Q:        nan | won: False 
#  402 | steps:  4391 | steps_t:     0 | t: 2.599104 | r:  -505.000000 | e:   1.000000 | Q:        nan | won: False 
#  403 | steps:  4400 | steps_t:     0 | t: 2.599104 | r:  -508.000000 | e:   1.000000 | Q:        nan | won: False 
#  404 | steps:  4406 | steps_t:     0 | t: 2.599104 | r:  -505.000000 | e:   1.000000 | Q:        nan | won: False 
#  405 | steps:  4413 | steps_t:     0 | t: 2.614727 | r:  -506.000000 | e:   1.000000 | Q:        nan | won: False 
#  406 | steps:  4424 | steps_t:     0 | t: 2.614727 | r:  -510.000000 | e:   1.000000 | Q:        nan | won: False 
#  407 | steps:  4431 | steps_t:     0 | t: 2.614727 | r:  -506.000000 | e:   1.000000 | Q:        nan | won: False 
#  408 | steps:  4444 | steps_t:     0 | t: 2.630352 | r:  -512.000000 | e:   1.000000 | Q:        nan | won: False 
#  409 | steps:  4451 | steps_t:     0 | t: 2.630352 | r:  -506.000000 | e:   1.000000 | Q:        nan | won: False 
#  410 | steps:  4460 | steps_t:     0 | t: 2.630352 | r:  -508.000000 | e:   1.000000 | Q:        nan | won: False 
#  411 | steps:  4475 | steps_t:     0 | t: 2.645981 | r:  -492.000000 | e:   1.000000 | Q:        nan | won: False 
#  412 | steps:  4495 | steps_t:     0 | t: 2.661599 | r:  -508.000000 | e:   1.000000 | Q:        nan | won: False 
#  413 | steps:  4505 | steps_t:     0 | t: 2.661599 | r:  -509.000000 | e:   1.000000 | Q:        nan | won: False 
#  414 | steps:  4519 | steps_t:     0 | t: 2.661599 | r:  -513.000000 | e:   1.000000 | Q:        nan | won: False 
#  415 | steps:  4532 | steps_t:     0 | t: 2.677228 | r:  -512.000000 | e:   1.000000 | Q:        nan | won: False 
#  416 | steps:  4542 | steps_t:     0 | t: 2.677228 | r:  -509.000000 | e:   1.000000 | Q:        nan | won: False 
#  417 | steps:  4551 | steps_t:     0 | t: 2.692847 | r:  -508.000000 | e:   1.000000 | Q:        nan | won: False 
#  418 | steps:  4563 | steps_t:     0 | t: 2.692847 | r:  -511.000000 | e:   1.000000 | Q:        nan | won: False 
#  419 | steps:  4581 | steps_t:     0 | t: 2.708471 | r:  -517.000000 | e:   1.000000 | Q:        nan | won: False 
#  420 | steps:  4599 | steps_t:     0 | t: 2.708471 | r:  -506.000000 | e:   1.000000 | Q:        nan | won: False 
#  421 | steps:  4610 | steps_t:     0 | t: 2.724095 | r:  -510.000000 | e:   1.000000 | Q:        nan | won: False 
#  422 | steps:  4618 | steps_t:     0 | t: 2.724095 | r:  -507.000000 | e:   1.000000 | Q:        nan | won: False 
#  423 | steps:  4626 | steps_t:     0 | t: 2.724095 | r:  -507.000000 | e:   1.000000 | Q:        nan | won: False 
#  424 | steps:  4636 | steps_t:     0 | t: 2.739719 | r:  -509.000000 | e:   1.000000 | Q:        nan | won: False 
#  425 | steps:  4650 | steps_t:     0 | t: 2.739719 | r:  -513.000000 | e:   1.000000 | Q:        nan | won: False 
#  426 | steps:  4657 | steps_t:     0 | t: 2.739719 | r:  -506.000000 | e:   1.000000 | Q:        nan | won: False 
#  427 | steps:  4664 | steps_t:     0 | t: 2.755339 | r:  -506.000000 | e:   1.000000 | Q:        nan | won: False 
#  428 | steps:  4670 | steps_t:     0 | t: 2.755339 | r:  -505.000000 | e:   1.000000 | Q:        nan | won: False 
#  429 | steps:  4680 | steps_t:     0 | t: 2.755339 | r:  -509.000000 | e:   1.000000 | Q:        nan | won: False 
#  430 | steps:  4688 | steps_t:     0 | t: 2.770967 | r:  -507.000000 | e:   1.000000 | Q:        nan | won: False 
#  431 | steps:  4695 | steps_t:     0 | t: 2.770967 | r:  -506.000000 | e:   1.000000 | Q:        nan | won: False 
#  432 | steps:  4701 | steps_t:     0 | t: 2.770967 | r:  -505.000000 | e:   1.000000 | Q:        nan | won: False 
#  433 | steps:  4710 | steps_t:     0 | t: 2.770967 | r:  -508.000000 | e:   1.000000 | Q:        nan | won: False 
#  434 | steps:  4720 | steps_t:     0 | t: 2.786579 | r:  -509.000000 | e:   1.000000 | Q:        nan | won: False 
#  435 | steps:  4727 | steps_t:     0 | t: 2.786579 | r:  -506.000000 | e:   1.000000 | Q:        nan | won: False 
#  436 | steps:  4739 | steps_t:     0 | t: 2.802214 | r:  -511.000000 | e:   1.000000 | Q:        nan | won: False 
#  437 | steps:  4745 | steps_t:     0 | t: 2.802214 | r:  -505.000000 | e:   1.000000 | Q:        nan | won: False 
#  438 | steps:  4754 | steps_t:     0 | t: 2.802214 | r:  -508.000000 | e:   1.000000 | Q:        nan | won: False 
#  439 | steps:  4766 | steps_t:     0 | t: 2.817838 | r:  -511.000000 | e:   1.000000 | Q:        nan | won: False 
#  440 | steps:  4775 | steps_t:     0 | t: 2.817838 | r:  -508.000000 | e:   1.000000 | Q:        nan | won: False 
#  441 | steps:  4794 | steps_t:     0 | t: 2.833462 | r:  -507.000000 | e:   1.000000 | Q:        nan | won: False 
#  442 | steps:  4802 | steps_t:     0 | t: 2.833462 | r:  -507.000000 | e:   1.000000 | Q:        nan | won: False 
#  443 | steps:  4809 | steps_t:     0 | t: 2.833462 | r:  -506.000000 | e:   1.000000 | Q:        nan | won: False 
#  444 | steps:  4821 | steps_t:     0 | t: 2.849086 | r:  -511.000000 | e:   1.000000 | Q:        nan | won: False 
#  445 | steps:  4829 | steps_t:     0 | t: 2.849086 | r:  -507.000000 | e:   1.000000 | Q:        nan | won: False 
#  446 | steps:  4842 | steps_t:     0 | t: 2.849086 | r:  -512.000000 | e:   1.000000 | Q:        nan | won: False 
#  447 | steps:  4850 | steps_t:     0 | t: 2.864710 | r:  -507.000000 | e:   1.000000 | Q:        nan | won: False 
#  448 | steps:  4857 | steps_t:     0 | t: 2.864710 | r:  -506.000000 | e:   1.000000 | Q:        nan | won: False 
#  449 | steps:  4870 | steps_t:     0 | t: 2.864710 | r:  -512.000000 | e:   1.000000 | Q:        nan | won: False 
#  450 | steps:  4883 | steps_t:     0 | t: 2.880333 | r:  -512.000000 | e:   1.000000 | Q:        nan | won: False 
#  451 | steps:  4897 | steps_t:     0 | t: 2.880333 | r:  -513.000000 | e:   1.000000 | Q:        nan | won: False 
#  452 | steps:  4910 | steps_t:     0 | t: 2.895957 | r:  -512.000000 | e:   1.000000 | Q:        nan | won: False 
#  453 | steps:  4924 | steps_t:     0 | t: 2.895957 | r:  -513.000000 | e:   1.000000 | Q:        nan | won: False 
#  454 | steps:  4938 | steps_t:     0 | t: 2.911581 | r:  -513.000000 | e:   1.000000 | Q:        nan | won: False 
#  455 | steps:  4949 | steps_t:     0 | t: 2.911581 | r:  -510.000000 | e:   1.000000 | Q:        nan | won: False 
#  456 | steps:  4961 | steps_t:     0 | t: 2.927205 | r:  -511.000000 | e:   1.000000 | Q:        nan | won: False 
#  457 | steps:  4970 | steps_t:     0 | t: 2.927205 | r:  -508.000000 | e:   1.000000 | Q:        nan | won: False 
#  458 | steps:  4978 | steps_t:     0 | t: 2.927205 | r:  -507.000000 | e:   1.000000 | Q:        nan | won: False 
#  459 | steps:  4989 | steps_t:     0 | t: 2.942829 | r:  -510.000000 | e:   1.000000 | Q:        nan | won: False 
#  460 | steps:  4996 | steps_t:     0 | t: 2.942829 | r:  -506.000000 | e:   1.000000 | Q:        nan | won: False 
#  461 | steps:  5005 | steps_t:     4 | t: 3.067807 | r:  -508.000000 | e:   0.999600 | Q:        nan | won: False 
#  462 | steps:  5015 | steps_t:    13 | t: 3.145933 | r:  -509.000000 | e:   0.998700 | Q:        nan | won: False 
#  463 | steps:  5024 | steps_t:    21 | t: 3.239670 | r:  -508.000000 | e:   0.997900 | Q:        nan | won: False 
#  464 | steps:  5034 | steps_t:    30 | t: 3.333419 | r:  -509.000000 | e:   0.997000 | Q:        nan | won: False 
#  465 | steps:  5043 | steps_t:    38 | t: 3.411542 | r:  -508.000000 | e:   0.996200 | Q:        nan | won: False 
#  466 | steps:  5050 | steps_t:    44 | t: 3.474028 | r:  -506.000000 | e:   0.995600 | Q:        nan | won: False 
#  467 | steps:  5068 | steps_t:    61 | t: 3.630267 | r:  -517.000000 | e:   0.993900 | Q:        nan | won: False 
#  468 | steps:  5077 | steps_t:    69 | t: 3.708387 | r:  -508.000000 | e:   0.993100 | Q:        nan | won: False 
#  469 | steps:  5107 | steps_t:    98 | t: 4.020873 | r:  -518.000000 | e:   0.990200 | Q:        nan | won: False 
#  470 | steps:  5119 | steps_t:   109 | t: 4.114609 | r:  -511.000000 | e:   0.989100 | Q:        nan | won: False 
#  471 | steps:  5129 | steps_t:   118 | t: 4.206774 | r:  -509.000000 | e:   0.988200 | Q:        nan | won: False 
#  472 | steps:  5147 | steps_t:   135 | t: 4.426462 | r:  -517.000000 | e:   0.986500 | Q:        nan | won: False 
#  473 | steps:  5155 | steps_t:   142 | t: 4.598320 | r:  -507.000000 | e:   0.985800 | Q:        nan | won: False 
#  474 | steps:  5163 | steps_t:   149 | t: 4.768835 | r:  -507.000000 | e:   0.985100 | Q:        nan | won: False 
#  475 | steps:  5171 | steps_t:   156 | t: 4.880770 | r:  -507.000000 | e:   0.984400 | Q:        nan | won: False 
#  476 | steps:  5181 | steps_t:   165 | t: 4.996657 | r:  -509.000000 | e:   0.983500 | Q:        nan | won: False 
#  477 | steps:  5189 | steps_t:   172 | t: 5.074766 | r:  -507.000000 | e:   0.982800 | Q: -335.975861 | won: False 
#  478 | steps:  5196 | steps_t:   178 | t: 5.172851 | r:  -506.000000 | e:   0.982200 | Q:        nan | won: False 
#  479 | steps:  5215 | steps_t:   196 | t: 5.410836 | r:  -518.000000 | e:   0.980400 | Q:        nan | won: False 
#  480 | steps:  5239 | steps_t:   219 | t: 5.685812 | r:  -523.000000 | e:   0.978100 | Q:        nan | won: False 
#  481 | steps:  5247 | steps_t:   226 | t: 5.769764 | r:  -507.000000 | e:   0.977400 | Q:        nan | won: False 
#  482 | steps:  5254 | steps_t:   232 | t: 5.841722 | r:  -506.000000 | e:   0.976800 | Q:        nan | won: False 
#  483 | steps:  5261 | steps_t:   238 | t: 5.913680 | r:  -506.000000 | e:   0.976200 | Q:        nan | won: False 
#  484 | steps:  5281 | steps_t:   257 | t: 6.135310 | r:  -519.000000 | e:   0.974300 | Q:        nan | won: False 
#  485 | steps:  5302 | steps_t:   277 | t: 6.335196 | r:  -520.000000 | e:   0.972300 | Q: -329.031555 | won: False 
#  486 | steps:  5314 | steps_t:   288 | t: 6.454127 | r:  -511.000000 | e:   0.971200 | Q:        nan | won: False 
#  487 | steps:  5323 | steps_t:   296 | t: 6.572060 | r:  -508.000000 | e:   0.970400 | Q:        nan | won: False 
#  488 | steps:  5339 | steps_t:   311 | t: 6.757953 | r:  -504.000000 | e:   0.968900 | Q:        nan | won: False 
#  489 | steps:  5346 | steps_t:   317 | t: 6.829912 | r:  -506.000000 | e:   0.968300 | Q:        nan | won: False 
#  490 | steps:  5353 | steps_t:   323 | t: 6.906867 | r:  -506.000000 | e:   0.967700 | Q:        nan | won: False 
#  491 | steps:  5360 | steps_t:   329 | t: 7.897298 | r:  -506.000000 | e:   0.967100 | Q:        nan | won: False 
#  492 | steps:  5367 | steps_t:   335 | t: 10.191334 | r:  -506.000000 | e:   0.966500 | Q:        nan | won: False 
#  493 | steps:  5377 | steps_t:   344 | t: 12.590597 | r:  -509.000000 | e:   0.965600 | Q:        nan | won: False 
#  494 | steps:  5392 | steps_t:   358 | t: 15.757700 | r:  -514.000000 | e:   0.964200 | Q:        nan | won: False 
#  495 | steps:  5405 | steps_t:   370 | t: 18.656875 | r:  -512.000000 | e:   0.963000 | Q:        nan | won: False 
#  496 | steps:  5411 | steps_t:   375 | t: 20.471105 | r:  -505.000000 | e:   0.962500 | Q: -319.261566 | won: False 
#  497 | steps:  5433 | steps_t:   396 | t: 24.619816 | r:  -521.000000 | e:   0.960400 | Q: -311.723145 | won: False 
#  498 | steps:  5444 | steps_t:   406 | t: 27.209716 | r:  -510.000000 | e:   0.959400 | Q: -287.140625 | won: False 
#  499 | steps:  5450 | steps_t:   411 | t: 29.006165 | r:  -505.000000 | e:   0.958900 | Q:        nan | won: False 
#  500 | steps:  5464 | steps_t:   424 | t: 32.090420 | r:  -513.000000 | e:   0.957600 | Q: -293.892639 | won: False 
