#    1 | steps:     8 | steps_t:     0 | t: 0.015624 | r:  -257.000000 | e:   1.000000 | Q:        nan | won: False 
#    2 | steps:    14 | steps_t:     0 | t: 0.015624 | r:  -255.000000 | e:   1.000000 | Q:        nan | won: False 
#    3 | steps:    24 | steps_t:     0 | t: 0.031248 | r:  -259.000000 | e:   1.000000 | Q:        nan | won: False 
#    4 | steps:    30 | steps_t:     0 | t: 0.031248 | r:  -255.000000 | e:   1.000000 | Q:        nan | won: False 
#    5 | steps:    40 | steps_t:     0 | t: 0.031248 | r:  -259.000000 | e:   1.000000 | Q:        nan | won: False 
#    6 | steps:    47 | steps_t:     0 | t: 0.031248 | r:  -256.000000 | e:   1.000000 | Q:        nan | won: False 
#    7 | steps:    57 | steps_t:     0 | t: 0.046871 | r:  -259.000000 | e:   1.000000 | Q:        nan | won: False 
#    8 | steps:    65 | steps_t:     0 | t: 0.046871 | r:  -257.000000 | e:   1.000000 | Q:        nan | won: False 
#    9 | steps:    88 | steps_t:     0 | t: 0.062514 | r:  -272.000000 | e:   1.000000 | Q:        nan | won: False 
#   10 | steps:    97 | steps_t:     0 | t: 0.062514 | r:  -258.000000 | e:   1.000000 | Q:        nan | won: False 
#   11 | steps:   115 | steps_t:     0 | t: 0.078133 | r:  -267.000000 | e:   1.000000 | Q:        nan | won: False 
#   12 | steps:   135 | steps_t:     0 | t: 0.078133 | r:  -269.000000 | e:   1.000000 | Q:        nan | won: False 
#   13 | steps:   149 | steps_t:     0 | t: 0.093745 | r:  -263.000000 | e:   1.000000 | Q:        nan | won: False 
#   14 | steps:   157 | steps_t:     0 | t: 0.093745 | r:  -257.000000 | e:   1.000000 | Q:        nan | won: False 
#   15 | steps:   169 | steps_t:     0 | t: 0.109380 | r:  -261.000000 | e:   1.000000 | Q:        nan | won: False 
#   16 | steps:   178 | steps_t:     0 | t: 0.109380 | r:  -258.000000 | e:   1.000000 | Q:        nan | won: False 
#   17 | steps:   195 | steps_t:     0 | t: 0.124992 | r:  -266.000000 | e:   1.000000 | Q:        nan | won: False 
#   18 | steps:   213 | steps_t:     0 | t: 0.124992 | r:  -267.000000 | e:   1.000000 | Q:        nan | won: False 
#   19 | steps:   231 | steps_t:     0 | t: 0.140616 | r:  -267.000000 | e:   1.000000 | Q:        nan | won: False 
#   20 | steps:   241 | steps_t:     0 | t: 0.140616 | r:  -259.000000 | e:   1.000000 | Q:        nan | won: False 
#   21 | steps:   257 | steps_t:     0 | t: 0.156240 | r:  -265.000000 | e:   1.000000 | Q:        nan | won: False 
#   22 | steps:   264 | steps_t:     0 | t: 0.156240 | r:  -256.000000 | e:   1.000000 | Q:        nan | won: False 
#   23 | steps:   273 | steps_t:     0 | t: 0.156240 | r:  -258.000000 | e:   1.000000 | Q:        nan | won: False 
#   24 | steps:   281 | steps_t:     0 | t: 0.171864 | r:  -257.000000 | e:   1.000000 | Q:        nan | won: False 
#   25 | steps:   300 | steps_t:     0 | t: 0.171864 | r:  -268.000000 | e:   1.000000 | Q:        nan | won: False 
#   26 | steps:   307 | steps_t:     0 | t: 0.187488 | r:  -256.000000 | e:   1.000000 | Q:        nan | won: False 
#   27 | steps:   315 | steps_t:     0 | t: 0.187488 | r:  -257.000000 | e:   1.000000 | Q:        nan | won: False 
#   28 | steps:   322 | steps_t:     0 | t: 0.187488 | r:  -256.000000 | e:   1.000000 | Q:        nan | won: False 
#   29 | steps:   331 | steps_t:     0 | t: 0.203112 | r:  -258.000000 | e:   1.000000 | Q:        nan | won: False 
#   30 | steps:   347 | steps_t:     0 | t: 0.203112 | r:  -265.000000 | e:   1.000000 | Q:        nan | won: False 
#   31 | steps:   355 | steps_t:     0 | t: 0.218735 | r:  -257.000000 | e:   1.000000 | Q:        nan | won: False 
#   32 | steps:   364 | steps_t:     0 | t: 0.218735 | r:  -258.000000 | e:   1.000000 | Q:        nan | won: False 
#   33 | steps:   373 | steps_t:     0 | t: 0.218735 | r:  -258.000000 | e:   1.000000 | Q:        nan | won: False 
#   34 | steps:   391 | steps_t:     0 | t: 0.234364 | r:  -267.000000 | e:   1.000000 | Q:        nan | won: False 
#   35 | steps:   408 | steps_t:     0 | t: 0.234364 | r:  -266.000000 | e:   1.000000 | Q:        nan | won: False 
#   36 | steps:   416 | steps_t:     0 | t: 0.249983 | r:  -257.000000 | e:   1.000000 | Q:        nan | won: False 
#   37 | steps:   426 | steps_t:     0 | t: 0.249983 | r:  -259.000000 | e:   1.000000 | Q:        nan | won: False 
#   38 | steps:   435 | steps_t:     0 | t: 0.249983 | r:  -258.000000 | e:   1.000000 | Q:        nan | won: False 
#   39 | steps:   448 | steps_t:     0 | t: 0.265625 | r:  -241.000000 | e:   1.000000 | Q:        nan | won: False 
#   40 | steps:   465 | steps_t:     0 | t: 0.281243 | r:  -266.000000 | e:   1.000000 | Q:        nan | won: False 
#   41 | steps:   473 | steps_t:     0 | t: 0.281243 | r:  -257.000000 | e:   1.000000 | Q:        nan | won: False 
#   42 | steps:   481 | steps_t:     0 | t: 0.281243 | r:  -257.000000 | e:   1.000000 | Q:        nan | won: False 
#   43 | steps:   488 | steps_t:     0 | t: 0.296872 | r:  -256.000000 | e:   1.000000 | Q:        nan | won: False 
#   44 | steps:   495 | steps_t:     0 | t: 0.296872 | r:  -256.000000 | e:   1.000000 | Q:        nan | won: False 
#   45 | steps:   504 | steps_t:     0 | t: 0.296872 | r:  -258.000000 | e:   1.000000 | Q:        nan | won: False 
#   46 | steps:   511 | steps_t:     0 | t: 0.312477 | r:  -256.000000 | e:   1.000000 | Q:        nan | won: False 
#   47 | steps:   520 | steps_t:     0 | t: 0.312477 | r:  -258.000000 | e:   1.000000 | Q:        nan | won: False 
#   48 | steps:   534 | steps_t:     0 | t: 0.312477 | r:  -242.000000 | e:   1.000000 | Q:        nan | won: False 
#   49 | steps:   550 | steps_t:     0 | t: 0.343744 | r:  -265.000000 | e:   1.000000 | Q:        nan | won: False 
#   50 | steps:   559 | steps_t:     0 | t: 0.343744 | r:  -258.000000 | e:   1.000000 | Q:        nan | won: False 
#   51 | steps:   570 | steps_t:     0 | t: 0.343744 | r:  -260.000000 | e:   1.000000 | Q:        nan | won: False 
#   52 | steps:   579 | steps_t:     0 | t: 0.359367 | r:  -258.000000 | e:   1.000000 | Q:        nan | won: False 
#   53 | steps:   593 | steps_t:     0 | t: 0.359367 | r:  -242.000000 | e:   1.000000 | Q:        nan | won: False 
#   54 | steps:   598 | steps_t:     0 | t: 0.374973 | r:  -254.000000 | e:   1.000000 | Q:        nan | won: False 
#   55 | steps:   603 | steps_t:     0 | t: 0.374973 | r:  -254.000000 | e:   1.000000 | Q:        nan | won: False 
#   56 | steps:   611 | steps_t:     0 | t: 0.390596 | r:  -257.000000 | e:   1.000000 | Q:        nan | won: False 
#   57 | steps:   623 | steps_t:     0 | t: 0.406222 | r:  -261.000000 | e:   1.000000 | Q:        nan | won: False 
#   58 | steps:   632 | steps_t:     0 | t: 0.406222 | r:  -258.000000 | e:   1.000000 | Q:        nan | won: False 
#   59 | steps:   648 | steps_t:     0 | t: 0.421844 | r:  -265.000000 | e:   1.000000 | Q:        nan | won: False 
#   60 | steps:   654 | steps_t:     0 | t: 0.421844 | r:  -255.000000 | e:   1.000000 | Q:        nan | won: False 
#   61 | steps:   676 | steps_t:     0 | t: 0.437468 | r:  -271.000000 | e:   1.000000 | Q:        nan | won: False 
#   62 | steps:   682 | steps_t:     0 | t: 0.453093 | r:  -255.000000 | e:   1.000000 | Q:        nan | won: False 
#   63 | steps:   691 | steps_t:     0 | t: 0.453093 | r:  -258.000000 | e:   1.000000 | Q:        nan | won: False 
#   64 | steps:   697 | steps_t:     0 | t: 0.453093 | r:  -255.000000 | e:   1.000000 | Q:        nan | won: False 
#   65 | steps:   703 | steps_t:     0 | t: 0.468715 | r:  -255.000000 | e:   1.000000 | Q:        nan | won: False 
#   66 | steps:   712 | steps_t:     0 | t: 0.468715 | r:  -258.000000 | e:   1.000000 | Q:        nan | won: False 
#   67 | steps:   732 | steps_t:     0 | t: 0.484351 | r:  -269.000000 | e:   1.000000 | Q:        nan | won: False 
#   68 | steps:   738 | steps_t:     0 | t: 0.484351 | r:  -255.000000 | e:   1.000000 | Q:        nan | won: False 
#   69 | steps:   747 | steps_t:     0 | t: 0.484351 | r:  -258.000000 | e:   1.000000 | Q:        nan | won: False 
#   70 | steps:   757 | steps_t:     0 | t: 0.484351 | r:  -259.000000 | e:   1.000000 | Q:        nan | won: False 
#   71 | steps:   764 | steps_t:     0 | t: 0.499964 | r:  -256.000000 | e:   1.000000 | Q:        nan | won: False 
#   72 | steps:   771 | steps_t:     0 | t: 0.499964 | r:  -256.000000 | e:   1.000000 | Q:        nan | won: False 
#   73 | steps:   778 | steps_t:     0 | t: 0.499964 | r:  -256.000000 | e:   1.000000 | Q:        nan | won: False 
#   74 | steps:   787 | steps_t:     0 | t: 0.515587 | r:  -258.000000 | e:   1.000000 | Q:        nan | won: False 
#   75 | steps:   794 | steps_t:     0 | t: 0.515587 | r:  -256.000000 | e:   1.000000 | Q:        nan | won: False 
#   76 | steps:   815 | steps_t:     0 | t: 0.531211 | r:  -270.000000 | e:   1.000000 | Q:        nan | won: False 
#   77 | steps:   824 | steps_t:     0 | t: 0.531211 | r:  -258.000000 | e:   1.000000 | Q:        nan | won: False 
#   78 | steps:   831 | steps_t:     0 | t: 0.531211 | r:  -256.000000 | e:   1.000000 | Q:        nan | won: False 
#   79 | steps:   849 | steps_t:     0 | t: 0.546835 | r:  -267.000000 | e:   1.000000 | Q:        nan | won: False 
#   80 | steps:   856 | steps_t:     0 | t: 0.546835 | r:  -256.000000 | e:   1.000000 | Q:        nan | won: False 
#   81 | steps:   868 | steps_t:     0 | t: 0.546835 | r:  -261.000000 | e:   1.000000 | Q:        nan | won: False 
#   82 | steps:   887 | steps_t:     0 | t: 0.562460 | r:  -268.000000 | e:   1.000000 | Q:        nan | won: False 
#   83 | steps:   906 | steps_t:     0 | t: 0.578100 | r:  -268.000000 | e:   1.000000 | Q:        nan | won: False 
#   84 | steps:   925 | steps_t:     0 | t: 0.578100 | r:  -268.000000 | e:   1.000000 | Q:        nan | won: False 
#   85 | steps:   938 | steps_t:     0 | t: 0.593724 | r:  -262.000000 | e:   1.000000 | Q:        nan | won: False 
#   86 | steps:   945 | steps_t:     0 | t: 0.593724 | r:  -256.000000 | e:   1.000000 | Q:        nan | won: False 
#   87 | steps:   961 | steps_t:     0 | t: 0.609345 | r:  -244.000000 | e:   1.000000 | Q:        nan | won: False 
#   88 | steps:   973 | steps_t:     0 | t: 0.609345 | r:  -261.000000 | e:   1.000000 | Q:        nan | won: False 
#   89 | steps:   981 | steps_t:     0 | t: 0.609345 | r:  -257.000000 | e:   1.000000 | Q:        nan | won: False 
#   90 | steps:   992 | steps_t:     0 | t: 0.624967 | r:  -260.000000 | e:   1.000000 | Q:        nan | won: False 
#   91 | steps:  1004 | steps_t:     0 | t: 0.640596 | r:  -261.000000 | e:   1.000000 | Q:        nan | won: False 
#   92 | steps:  1016 | steps_t:     0 | t: 0.640596 | r:  -261.000000 | e:   1.000000 | Q:        nan | won: False 
#   93 | steps:  1024 | steps_t:     0 | t: 0.640596 | r:  -257.000000 | e:   1.000000 | Q:        nan | won: False 
#   94 | steps:  1031 | steps_t:     0 | t: 0.656216 | r:  -256.000000 | e:   1.000000 | Q:        nan | won: False 
#   95 | steps:  1037 | steps_t:     0 | t: 0.656216 | r:  -255.000000 | e:   1.000000 | Q:        nan | won: False 
#   96 | steps:  1053 | steps_t:     0 | t: 0.656216 | r:  -265.000000 | e:   1.000000 | Q:        nan | won: False 
#   97 | steps:  1061 | steps_t:     0 | t: 0.671829 | r:  -257.000000 | e:   1.000000 | Q:        nan | won: False 
#   98 | steps:  1069 | steps_t:     0 | t: 0.671829 | r:  -257.000000 | e:   1.000000 | Q:        nan | won: False 
#   99 | steps:  1076 | steps_t:     0 | t: 0.687468 | r:  -256.000000 | e:   1.000000 | Q:        nan | won: False 
#  100 | steps:  1084 | steps_t:     0 | t: 0.687468 | r:  -257.000000 | e:   1.000000 | Q:        nan | won: False 
#  101 | steps:  1095 | steps_t:     0 | t: 0.687468 | r:  -260.000000 | e:   1.000000 | Q:        nan | won: False 
#  102 | steps:  1102 | steps_t:     0 | t: 0.703091 | r:  -256.000000 | e:   1.000000 | Q:        nan | won: False 
#  103 | steps:  1110 | steps_t:     0 | t: 0.703091 | r:  -257.000000 | e:   1.000000 | Q:        nan | won: False 
#  104 | steps:  1120 | steps_t:     0 | t: 0.703091 | r:  -259.000000 | e:   1.000000 | Q:        nan | won: False 
#  105 | steps:  1125 | steps_t:     0 | t: 0.703091 | r:  -254.000000 | e:   1.000000 | Q:        nan | won: False 
#  106 | steps:  1134 | steps_t:     0 | t: 0.718699 | r:  -258.000000 | e:   1.000000 | Q:        nan | won: False 
#  107 | steps:  1145 | steps_t:     0 | t: 0.718699 | r:  -260.000000 | e:   1.000000 | Q:        nan | won: False 
#  108 | steps:  1156 | steps_t:     0 | t: 0.718699 | r:  -260.000000 | e:   1.000000 | Q:        nan | won: False 
#  109 | steps:  1164 | steps_t:     0 | t: 0.734342 | r:  -257.000000 | e:   1.000000 | Q:        nan | won: False 
#  110 | steps:  1171 | steps_t:     0 | t: 0.734342 | r:  -256.000000 | e:   1.000000 | Q:        nan | won: False 
#  111 | steps:  1178 | steps_t:     0 | t: 0.734342 | r:  -256.000000 | e:   1.000000 | Q:        nan | won: False 
#  112 | steps:  1187 | steps_t:     0 | t: 0.749947 | r:  -258.000000 | e:   1.000000 | Q:        nan | won: False 
#  113 | steps:  1195 | steps_t:     0 | t: 0.749947 | r:  -257.000000 | e:   1.000000 | Q:        nan | won: False 
#  114 | steps:  1208 | steps_t:     0 | t: 0.749947 | r:  -262.000000 | e:   1.000000 | Q:        nan | won: False 
#  115 | steps:  1214 | steps_t:     0 | t: 0.765582 | r:  -255.000000 | e:   1.000000 | Q:        nan | won: False 
#  116 | steps:  1223 | steps_t:     0 | t: 0.765582 | r:  -258.000000 | e:   1.000000 | Q:        nan | won: False 
#  117 | steps:  1234 | steps_t:     0 | t: 0.765582 | r:  -260.000000 | e:   1.000000 | Q:        nan | won: False 
#  118 | steps:  1242 | steps_t:     0 | t: 0.781206 | r:  -257.000000 | e:   1.000000 | Q:        nan | won: False 
#  119 | steps:  1247 | steps_t:     0 | t: 0.781206 | r:  -254.000000 | e:   1.000000 | Q:        nan | won: False 
#  120 | steps:  1269 | steps_t:     0 | t: 0.796830 | r:  -271.000000 | e:   1.000000 | Q:        nan | won: False 
#  121 | steps:  1277 | steps_t:     0 | t: 0.796830 | r:  -257.000000 | e:   1.000000 | Q:        nan | won: False 
#  122 | steps:  1287 | steps_t:     0 | t: 0.796830 | r:  -259.000000 | e:   1.000000 | Q:        nan | won: False 
#  123 | steps:  1294 | steps_t:     0 | t: 0.812459 | r:  -256.000000 | e:   1.000000 | Q:        nan | won: False 
#  124 | steps:  1301 | steps_t:     0 | t: 0.812459 | r:  -256.000000 | e:   1.000000 | Q:        nan | won: False 
#  125 | steps:  1312 | steps_t:     0 | t: 0.812459 | r:  -260.000000 | e:   1.000000 | Q:        nan | won: False 
#  126 | steps:  1320 | steps_t:     0 | t: 0.828083 | r:  -257.000000 | e:   1.000000 | Q:        nan | won: False 
#  127 | steps:  1331 | steps_t:     0 | t: 0.828083 | r:  -260.000000 | e:   1.000000 | Q:        nan | won: False 
#  128 | steps:  1339 | steps_t:     0 | t: 0.828083 | r:  -257.000000 | e:   1.000000 | Q:        nan | won: False 
#  129 | steps:  1352 | steps_t:     0 | t: 0.843706 | r:  -262.000000 | e:   1.000000 | Q:        nan | won: False 
#  130 | steps:  1358 | steps_t:     0 | t: 0.843706 | r:  -255.000000 | e:   1.000000 | Q:        nan | won: False 
#  131 | steps:  1364 | steps_t:     0 | t: 0.843706 | r:  -255.000000 | e:   1.000000 | Q:        nan | won: False 
#  132 | steps:  1377 | steps_t:     0 | t: 0.859325 | r:  -262.000000 | e:   1.000000 | Q:        nan | won: False 
#  133 | steps:  1383 | steps_t:     0 | t: 0.859325 | r:  -255.000000 | e:   1.000000 | Q:        nan | won: False 
#  134 | steps:  1390 | steps_t:     0 | t: 0.859325 | r:  -256.000000 | e:   1.000000 | Q:        nan | won: False 
#  135 | steps:  1399 | steps_t:     0 | t: 0.859325 | r:  -258.000000 | e:   1.000000 | Q:        nan | won: False 
#  136 | steps:  1419 | steps_t:     0 | t: 0.874955 | r:  -269.000000 | e:   1.000000 | Q:        nan | won: False 
#  137 | steps:  1430 | steps_t:     0 | t: 0.890573 | r:  -260.000000 | e:   1.000000 | Q:        nan | won: False 
#  138 | steps:  1441 | steps_t:     0 | t: 0.890573 | r:  -260.000000 | e:   1.000000 | Q:        nan | won: False 
#  139 | steps:  1447 | steps_t:     0 | t: 0.890573 | r:  -255.000000 | e:   1.000000 | Q:        nan | won: False 
#  140 | steps:  1462 | steps_t:     0 | t: 0.906197 | r:  -243.000000 | e:   1.000000 | Q:        nan | won: False 
#  141 | steps:  1470 | steps_t:     0 | t: 0.906197 | r:  -257.000000 | e:   1.000000 | Q:        nan | won: False 
#  142 | steps:  1491 | steps_t:     0 | t: 0.921821 | r:  -270.000000 | e:   1.000000 | Q:        nan | won: False 
#  143 | steps:  1509 | steps_t:     0 | t: 0.921821 | r:  -267.000000 | e:   1.000000 | Q:        nan | won: False 
#  144 | steps:  1515 | steps_t:     0 | t: 0.937450 | r:  -255.000000 | e:   1.000000 | Q:        nan | won: False 
#  145 | steps:  1525 | steps_t:     0 | t: 0.937450 | r:  -259.000000 | e:   1.000000 | Q:        nan | won: False 
#  146 | steps:  1534 | steps_t:     0 | t: 0.937450 | r:  -258.000000 | e:   1.000000 | Q:        nan | won: False 
#  147 | steps:  1544 | steps_t:     0 | t: 0.953069 | r:  -259.000000 | e:   1.000000 | Q:        nan | won: False 
#  148 | steps:  1551 | steps_t:     0 | t: 0.953069 | r:  -256.000000 | e:   1.000000 | Q:        nan | won: False 
#  149 | steps:  1557 | steps_t:     0 | t: 0.953069 | r:  -255.000000 | e:   1.000000 | Q:        nan | won: False 
#  150 | steps:  1570 | steps_t:     0 | t: 0.953069 | r:  -262.000000 | e:   1.000000 | Q:        nan | won: False 
#  151 | steps:  1579 | steps_t:     0 | t: 0.968681 | r:  -258.000000 | e:   1.000000 | Q:        nan | won: False 
#  152 | steps:  1597 | steps_t:     0 | t: 0.968681 | r:  -267.000000 | e:   1.000000 | Q:        nan | won: False 
#  153 | steps:  1609 | steps_t:     0 | t: 0.984321 | r:  -261.000000 | e:   1.000000 | Q:        nan | won: False 
#  154 | steps:  1620 | steps_t:     0 | t: 0.984321 | r:  -260.000000 | e:   1.000000 | Q:        nan | won: False 
#  155 | steps:  1628 | steps_t:     0 | t: 0.984321 | r:  -257.000000 | e:   1.000000 | Q:        nan | won: False 
#  156 | steps:  1636 | steps_t:     0 | t: 0.999927 | r:  -257.000000 | e:   1.000000 | Q:        nan | won: False 
#  157 | steps:  1648 | steps_t:     0 | t: 0.999927 | r:  -261.000000 | e:   1.000000 | Q:        nan | won: False 
#  158 | steps:  1660 | steps_t:     0 | t: 1.015564 | r:  -261.000000 | e:   1.000000 | Q:        nan | won: False 
#  159 | steps:  1673 | steps_t:     0 | t: 1.015564 | r:  -262.000000 | e:   1.000000 | Q:        nan | won: False 
#  160 | steps:  1681 | steps_t:     0 | t: 1.015564 | r:  -257.000000 | e:   1.000000 | Q:        nan | won: False 
#  161 | steps:  1691 | steps_t:     0 | t: 1.031187 | r:  -259.000000 | e:   1.000000 | Q:        nan | won: False 
#  162 | steps:  1702 | steps_t:     0 | t: 1.031187 | r:  -260.000000 | e:   1.000000 | Q:        nan | won: False 
#  163 | steps:  1723 | steps_t:     0 | t: 1.046812 | r:  -270.000000 | e:   1.000000 | Q:        nan | won: False 
#  164 | steps:  1733 | steps_t:     0 | t: 1.046812 | r:  -259.000000 | e:   1.000000 | Q:        nan | won: False 
#  165 | steps:  1743 | steps_t:     0 | t: 1.046812 | r:  -259.000000 | e:   1.000000 | Q:        nan | won: False 
#  166 | steps:  1749 | steps_t:     0 | t: 1.062434 | r:  -255.000000 | e:   1.000000 | Q:        nan | won: False 
#  167 | steps:  1756 | steps_t:     0 | t: 1.062434 | r:  -256.000000 | e:   1.000000 | Q:        nan | won: False 
#  168 | steps:  1773 | steps_t:     0 | t: 1.078060 | r:  -266.000000 | e:   1.000000 | Q:        nan | won: False 
#  169 | steps:  1786 | steps_t:     0 | t: 1.078060 | r:  -262.000000 | e:   1.000000 | Q:        nan | won: False 
#  170 | steps:  1793 | steps_t:     0 | t: 1.078060 | r:  -256.000000 | e:   1.000000 | Q:        nan | won: False 
#  171 | steps:  1804 | steps_t:     0 | t: 1.093683 | r:  -260.000000 | e:   1.000000 | Q:        nan | won: False 
#  172 | steps:  1809 | steps_t:     0 | t: 1.093683 | r:  -254.000000 | e:   1.000000 | Q:        nan | won: False 
#  173 | steps:  1819 | steps_t:     0 | t: 1.093683 | r:  -259.000000 | e:   1.000000 | Q:        nan | won: False 
#  174 | steps:  1825 | steps_t:     0 | t: 1.093683 | r:  -255.000000 | e:   1.000000 | Q:        nan | won: False 
#  175 | steps:  1834 | steps_t:     0 | t: 1.109311 | r:  -258.000000 | e:   1.000000 | Q:        nan | won: False 
#  176 | steps:  1848 | steps_t:     0 | t: 1.109311 | r:  -263.000000 | e:   1.000000 | Q:        nan | won: False 
#  177 | steps:  1870 | steps_t:     0 | t: 1.124931 | r:  -271.000000 | e:   1.000000 | Q:        nan | won: False 
#  178 | steps:  1882 | steps_t:     0 | t: 1.124931 | r:  -261.000000 | e:   1.000000 | Q:        nan | won: False 
#  179 | steps:  1890 | steps_t:     0 | t: 1.140556 | r:  -257.000000 | e:   1.000000 | Q:        nan | won: False 
#  180 | steps:  1897 | steps_t:     0 | t: 1.140556 | r:  -256.000000 | e:   1.000000 | Q:        nan | won: False 
#  181 | steps:  1913 | steps_t:     0 | t: 1.140556 | r:  -265.000000 | e:   1.000000 | Q:        nan | won: False 
#  182 | steps:  1928 | steps_t:     0 | t: 1.156183 | r:  -243.000000 | e:   1.000000 | Q:        nan | won: False 
#  183 | steps:  1945 | steps_t:     0 | t: 1.171803 | r:  -266.000000 | e:   1.000000 | Q:        nan | won: False 
#  184 | steps:  1952 | steps_t:     0 | t: 1.171803 | r:  -256.000000 | e:   1.000000 | Q:        nan | won: False 
#  185 | steps:  1962 | steps_t:     0 | t: 1.171803 | r:  -259.000000 | e:   1.000000 | Q:        nan | won: False 
#  186 | steps:  1988 | steps_t:     0 | t: 1.187427 | r:  -275.000000 | e:   1.000000 | Q:        nan | won: False 
#  187 | steps:  1998 | steps_t:     0 | t: 1.187427 | r:  -259.000000 | e:   1.000000 | Q:        nan | won: False 
#  188 | steps:  2007 | steps_t:     0 | t: 1.203050 | r:  -258.000000 | e:   1.000000 | Q:        nan | won: False 
#  189 | steps:  2014 | steps_t:     0 | t: 1.203050 | r:  -256.000000 | e:   1.000000 | Q:        nan | won: False 
#  190 | steps:  2027 | steps_t:     0 | t: 1.203050 | r:  -262.000000 | e:   1.000000 | Q:        nan | won: False 
#  191 | steps:  2038 | steps_t:     0 | t: 1.218679 | r:  -260.000000 | e:   1.000000 | Q:        nan | won: False 
#  192 | steps:  2044 | steps_t:     0 | t: 1.218679 | r:  -255.000000 | e:   1.000000 | Q:        nan | won: False 
#  193 | steps:  2053 | steps_t:     0 | t: 1.218679 | r:  -258.000000 | e:   1.000000 | Q:        nan | won: False 
#  194 | steps:  2068 | steps_t:     0 | t: 1.234298 | r:  -264.000000 | e:   1.000000 | Q:        nan | won: False 
#  195 | steps:  2089 | steps_t:     0 | t: 1.249913 | r:  -270.000000 | e:   1.000000 | Q:        nan | won: False 
#  196 | steps:  2099 | steps_t:     0 | t: 1.249913 | r:  -259.000000 | e:   1.000000 | Q:        nan | won: False 
#  197 | steps:  2105 | steps_t:     0 | t: 1.249913 | r:  -255.000000 | e:   1.000000 | Q:        nan | won: False 
#  198 | steps:  2116 | steps_t:     0 | t: 1.265545 | r:  -260.000000 | e:   1.000000 | Q:        nan | won: False 
#  199 | steps:  2128 | steps_t:     0 | t: 1.265545 | r:  -261.000000 | e:   1.000000 | Q:        nan | won: False 
#  200 | steps:  2135 | steps_t:     0 | t: 1.265545 | r:  -256.000000 | e:   1.000000 | Q:        nan | won: False 
#  201 | steps:  2143 | steps_t:     0 | t: 1.281170 | r:  -257.000000 | e:   1.000000 | Q:        nan | won: False 
#  202 | steps:  2151 | steps_t:     0 | t: 1.281170 | r:  -257.000000 | e:   1.000000 | Q:        nan | won: False 
#  203 | steps:  2156 | steps_t:     0 | t: 1.281170 | r:  -254.000000 | e:   1.000000 | Q:        nan | won: False 
#  204 | steps:  2164 | steps_t:     0 | t: 1.281170 | r:  -257.000000 | e:   1.000000 | Q:        nan | won: False 
#  205 | steps:  2183 | steps_t:     0 | t: 1.296782 | r:  -268.000000 | e:   1.000000 | Q:        nan | won: False 
#  206 | steps:  2190 | steps_t:     0 | t: 1.296782 | r:  -256.000000 | e:   1.000000 | Q:        nan | won: False 
#  207 | steps:  2198 | steps_t:     0 | t: 1.312406 | r:  -257.000000 | e:   1.000000 | Q:        nan | won: False 
#  208 | steps:  2209 | steps_t:     0 | t: 1.312406 | r:  -260.000000 | e:   1.000000 | Q:        nan | won: False 
#  209 | steps:  2216 | steps_t:     0 | t: 1.312406 | r:  -256.000000 | e:   1.000000 | Q:        nan | won: False 
#  210 | steps:  2226 | steps_t:     0 | t: 1.328043 | r:  -259.000000 | e:   1.000000 | Q:        nan | won: False 
#  211 | steps:  2240 | steps_t:     0 | t: 1.328043 | r:  -242.000000 | e:   1.000000 | Q:        nan | won: False 
#  212 | steps:  2253 | steps_t:     0 | t: 1.328043 | r:  -262.000000 | e:   1.000000 | Q:        nan | won: False 
#  213 | steps:  2261 | steps_t:     0 | t: 1.343654 | r:  -257.000000 | e:   1.000000 | Q:        nan | won: False 
#  214 | steps:  2268 | steps_t:     0 | t: 1.343654 | r:  -256.000000 | e:   1.000000 | Q:        nan | won: False 
#  215 | steps:  2278 | steps_t:     0 | t: 1.343654 | r:  -259.000000 | e:   1.000000 | Q:        nan | won: False 
#  216 | steps:  2284 | steps_t:     0 | t: 1.359289 | r:  -255.000000 | e:   1.000000 | Q:        nan | won: False 
#  217 | steps:  2291 | steps_t:     0 | t: 1.359289 | r:  -256.000000 | e:   1.000000 | Q:        nan | won: False 
#  218 | steps:  2298 | steps_t:     0 | t: 1.359289 | r:  -256.000000 | e:   1.000000 | Q:        nan | won: False 
#  219 | steps:  2306 | steps_t:     0 | t: 1.359289 | r:  -257.000000 | e:   1.000000 | Q:        nan | won: False 
#  220 | steps:  2315 | steps_t:     0 | t: 1.374913 | r:  -258.000000 | e:   1.000000 | Q:        nan | won: False 
#  221 | steps:  2326 | steps_t:     0 | t: 1.374913 | r:  -260.000000 | e:   1.000000 | Q:        nan | won: False 
#  222 | steps:  2346 | steps_t:     0 | t: 1.390537 | r:  -269.000000 | e:   1.000000 | Q:        nan | won: False 
#  223 | steps:  2354 | steps_t:     0 | t: 1.390537 | r:  -257.000000 | e:   1.000000 | Q:        nan | won: False 
#  224 | steps:  2362 | steps_t:     0 | t: 1.390537 | r:  -257.000000 | e:   1.000000 | Q:        nan | won: False 
#  225 | steps:  2369 | steps_t:     0 | t: 1.406161 | r:  -256.000000 | e:   1.000000 | Q:        nan | won: False 
#  226 | steps:  2378 | steps_t:     0 | t: 1.406161 | r:  -258.000000 | e:   1.000000 | Q:        nan | won: False 
#  227 | steps:  2389 | steps_t:     0 | t: 1.406161 | r:  -260.000000 | e:   1.000000 | Q:        nan | won: False 
#  228 | steps:  2401 | steps_t:     0 | t: 1.421785 | r:  -261.000000 | e:   1.000000 | Q:        nan | won: False 
#  229 | steps:  2408 | steps_t:     0 | t: 1.421785 | r:  -256.000000 | e:   1.000000 | Q:        nan | won: False 
#  230 | steps:  2418 | steps_t:     0 | t: 1.421785 | r:  -259.000000 | e:   1.000000 | Q:        nan | won: False 
#  231 | steps:  2425 | steps_t:     0 | t: 1.421785 | r:  -256.000000 | e:   1.000000 | Q:        nan | won: False 
#  232 | steps:  2433 | steps_t:     0 | t: 1.437405 | r:  -257.000000 | e:   1.000000 | Q:        nan | won: False 
#  233 | steps:  2445 | steps_t:     0 | t: 1.437405 | r:  -261.000000 | e:   1.000000 | Q:        nan | won: False 
#  234 | steps:  2451 | steps_t:     0 | t: 1.437405 | r:  -255.000000 | e:   1.000000 | Q:        nan | won: False 
#  235 | steps:  2475 | steps_t:     0 | t: 1.453037 | r:  -273.000000 | e:   1.000000 | Q:        nan | won: False 
#  236 | steps:  2481 | steps_t:     0 | t: 1.453037 | r:  -255.000000 | e:   1.000000 | Q:        nan | won: False 
#  237 | steps:  2489 | steps_t:     0 | t: 1.468661 | r:  -257.000000 | e:   1.000000 | Q:        nan | won: False 
#  238 | steps:  2497 | steps_t:     0 | t: 1.468661 | r:  -257.000000 | e:   1.000000 | Q:        nan | won: False 
#  239 | steps:  2504 | steps_t:     0 | t: 1.468661 | r:  -256.000000 | e:   1.000000 | Q:        nan | won: False 
#  240 | steps:  2525 | steps_t:     0 | t: 1.484280 | r:  -270.000000 | e:   1.000000 | Q:        nan | won: False 
#  241 | steps:  2533 | steps_t:     0 | t: 1.484280 | r:  -257.000000 | e:   1.000000 | Q:        nan | won: False 
#  242 | steps:  2553 | steps_t:     0 | t: 1.499912 | r:  -269.000000 | e:   1.000000 | Q:        nan | won: False 
#  243 | steps:  2563 | steps_t:     0 | t: 1.499912 | r:  -259.000000 | e:   1.000000 | Q:        nan | won: False 
#  244 | steps:  2571 | steps_t:     0 | t: 1.499912 | r:  -257.000000 | e:   1.000000 | Q:        nan | won: False 
#  245 | steps:  2580 | steps_t:     0 | t: 1.515515 | r:  -258.000000 | e:   1.000000 | Q:        nan | won: False 
#  246 | steps:  2592 | steps_t:     0 | t: 1.515515 | r:  -261.000000 | e:   1.000000 | Q:        nan | won: False 
#  247 | steps:  2600 | steps_t:     0 | t: 1.531156 | r:  -257.000000 | e:   1.000000 | Q:        nan | won: False 
#  248 | steps:  2621 | steps_t:     0 | t: 1.531156 | r:  -270.000000 | e:   1.000000 | Q:        nan | won: False 
#  249 | steps:  2629 | steps_t:     0 | t: 1.546776 | r:  -257.000000 | e:   1.000000 | Q:        nan | won: False 
#  250 | steps:  2640 | steps_t:     0 | t: 1.546776 | r:  -260.000000 | e:   1.000000 | Q:        nan | won: False 
#  251 | steps:  2651 | steps_t:     0 | t: 1.546776 | r:  -260.000000 | e:   1.000000 | Q:        nan | won: False 
#  252 | steps:  2661 | steps_t:     0 | t: 1.562399 | r:  -259.000000 | e:   1.000000 | Q:        nan | won: False 
#  253 | steps:  2673 | steps_t:     0 | t: 1.562399 | r:  -261.000000 | e:   1.000000 | Q:        nan | won: False 
#  254 | steps:  2684 | steps_t:     0 | t: 1.578012 | r:  -260.000000 | e:   1.000000 | Q:        nan | won: False 
#  255 | steps:  2693 | steps_t:     0 | t: 1.578012 | r:  -258.000000 | e:   1.000000 | Q:        nan | won: False 
#  256 | steps:  2704 | steps_t:     0 | t: 1.578012 | r:  -260.000000 | e:   1.000000 | Q:        nan | won: False 
#  257 | steps:  2722 | steps_t:     0 | t: 1.593653 | r:  -267.000000 | e:   1.000000 | Q:        nan | won: False 
#  258 | steps:  2729 | steps_t:     0 | t: 1.593653 | r:  -256.000000 | e:   1.000000 | Q:        nan | won: False 
#  259 | steps:  2742 | steps_t:     0 | t: 1.609270 | r:  -262.000000 | e:   1.000000 | Q:        nan | won: False 
#  260 | steps:  2754 | steps_t:     0 | t: 1.609270 | r:  -261.000000 | e:   1.000000 | Q:        nan | won: False 
#  261 | steps:  2761 | steps_t:     0 | t: 1.609270 | r:  -256.000000 | e:   1.000000 | Q:        nan | won: False 
#  262 | steps:  2770 | steps_t:     0 | t: 1.624900 | r:  -258.000000 | e:   1.000000 | Q:        nan | won: False 
#  263 | steps:  2792 | steps_t:     0 | t: 1.624900 | r:  -271.000000 | e:   1.000000 | Q:        nan | won: False 
#  264 | steps:  2803 | steps_t:     0 | t: 1.640507 | r:  -260.000000 | e:   1.000000 | Q:        nan | won: False 
#  265 | steps:  2818 | steps_t:     0 | t: 1.640507 | r:  -243.000000 | e:   1.000000 | Q:        nan | won: False 
#  266 | steps:  2827 | steps_t:     0 | t: 1.656131 | r:  -258.000000 | e:   1.000000 | Q:        nan | won: False 
#  267 | steps:  2836 | steps_t:     0 | t: 1.656131 | r:  -258.000000 | e:   1.000000 | Q:        nan | won: False 
#  268 | steps:  2844 | steps_t:     0 | t: 1.656131 | r:  -257.000000 | e:   1.000000 | Q:        nan | won: False 
#  269 | steps:  2849 | steps_t:     0 | t: 1.671755 | r:  -254.000000 | e:   1.000000 | Q:        nan | won: False 
#  270 | steps:  2863 | steps_t:     0 | t: 1.671755 | r:  -263.000000 | e:   1.000000 | Q:        nan | won: False 
#  271 | steps:  2871 | steps_t:     0 | t: 1.671755 | r:  -257.000000 | e:   1.000000 | Q:        nan | won: False 
#  272 | steps:  2881 | steps_t:     0 | t: 1.687377 | r:  -259.000000 | e:   1.000000 | Q:        nan | won: False 
#  273 | steps:  2889 | steps_t:     0 | t: 1.687377 | r:  -257.000000 | e:   1.000000 | Q:        nan | won: False 
#  274 | steps:  2899 | steps_t:     0 | t: 1.687377 | r:  -259.000000 | e:   1.000000 | Q:        nan | won: False 
#  275 | steps:  2916 | steps_t:     0 | t: 1.703003 | r:  -266.000000 | e:   1.000000 | Q:        nan | won: False 
#  276 | steps:  2926 | steps_t:     0 | t: 1.703003 | r:  -259.000000 | e:   1.000000 | Q:        nan | won: False 
#  277 | steps:  2940 | steps_t:     0 | t: 1.718643 | r:  -221.000000 | e:   1.000000 | Q:        nan | won: False 
#  278 | steps:  2951 | steps_t:     0 | t: 1.718643 | r:  -260.000000 | e:   1.000000 | Q:        nan | won: False 
#  279 | steps:  2957 | steps_t:     0 | t: 1.718643 | r:  -255.000000 | e:   1.000000 | Q:        nan | won: False 
#  280 | steps:  2963 | steps_t:     0 | t: 1.734267 | r:  -255.000000 | e:   1.000000 | Q:        nan | won: False 
#  281 | steps:  2971 | steps_t:     0 | t: 1.734267 | r:  -257.000000 | e:   1.000000 | Q:        nan | won: False 
#  282 | steps:  2979 | steps_t:     0 | t: 1.734267 | r:  -257.000000 | e:   1.000000 | Q:        nan | won: False 
#  283 | steps:  2987 | steps_t:     0 | t: 1.749892 | r:  -257.000000 | e:   1.000000 | Q:        nan | won: False 
#  284 | steps:  2996 | steps_t:     0 | t: 1.749892 | r:  -258.000000 | e:   1.000000 | Q:        nan | won: False 
#  285 | steps:  3002 | steps_t:     0 | t: 1.749892 | r:  -255.000000 | e:   1.000000 | Q:        nan | won: False 
#  286 | steps:  3008 | steps_t:     0 | t: 1.749892 | r:  -255.000000 | e:   1.000000 | Q:        nan | won: False 
#  287 | steps:  3017 | steps_t:     0 | t: 1.765512 | r:  -258.000000 | e:   1.000000 | Q:        nan | won: False 
#  288 | steps:  3030 | steps_t:     0 | t: 1.765512 | r:  -262.000000 | e:   1.000000 | Q:        nan | won: False 
#  289 | steps:  3043 | steps_t:     0 | t: 1.765512 | r:  -262.000000 | e:   1.000000 | Q:        nan | won: False 
#  290 | steps:  3052 | steps_t:     0 | t: 1.781137 | r:  -258.000000 | e:   1.000000 | Q:        nan | won: False 
#  291 | steps:  3057 | steps_t:     0 | t: 1.781137 | r:  -254.000000 | e:   1.000000 | Q:        nan | won: False 
#  292 | steps:  3064 | steps_t:     0 | t: 1.781137 | r:  -256.000000 | e:   1.000000 | Q:        nan | won: False 
#  293 | steps:  3073 | steps_t:     0 | t: 1.796761 | r:  -258.000000 | e:   1.000000 | Q:        nan | won: False 
#  294 | steps:  3081 | steps_t:     0 | t: 1.796761 | r:  -257.000000 | e:   1.000000 | Q:        nan | won: False 
#  295 | steps:  3088 | steps_t:     0 | t: 1.796761 | r:  -256.000000 | e:   1.000000 | Q:        nan | won: False 
#  296 | steps:  3101 | steps_t:     0 | t: 1.812381 | r:  -262.000000 | e:   1.000000 | Q:        nan | won: False 
#  297 | steps:  3110 | steps_t:     0 | t: 1.812381 | r:  -258.000000 | e:   1.000000 | Q:        nan | won: False 
#  298 | steps:  3129 | steps_t:     0 | t: 1.828005 | r:  -268.000000 | e:   1.000000 | Q:        nan | won: False 
#  299 | steps:  3136 | steps_t:     0 | t: 1.828005 | r:  -256.000000 | e:   1.000000 | Q:        nan | won: False 
#  300 | steps:  3141 | steps_t:     0 | t: 1.828005 | r:  -254.000000 | e:   1.000000 | Q:        nan | won: False 
#  301 | steps:  3146 | steps_t:     0 | t: 1.828005 | r:  -254.000000 | e:   1.000000 | Q:        nan | won: False 
#  302 | steps:  3159 | steps_t:     0 | t: 1.843628 | r:  -262.000000 | e:   1.000000 | Q:        nan | won: False 
#  303 | steps:  3170 | steps_t:     0 | t: 1.843628 | r:  -260.000000 | e:   1.000000 | Q:        nan | won: False 
#  304 | steps:  3176 | steps_t:     0 | t: 1.843628 | r:  -255.000000 | e:   1.000000 | Q:        nan | won: False 
#  305 | steps:  3193 | steps_t:     0 | t: 1.859258 | r:  -266.000000 | e:   1.000000 | Q:        nan | won: False 
#  306 | steps:  3203 | steps_t:     0 | t: 1.859258 | r:  -259.000000 | e:   1.000000 | Q:        nan | won: False 
#  307 | steps:  3211 | steps_t:     0 | t: 1.874877 | r:  -257.000000 | e:   1.000000 | Q:        nan | won: False 
#  308 | steps:  3220 | steps_t:     0 | t: 1.874877 | r:  -258.000000 | e:   1.000000 | Q:        nan | won: False 
#  309 | steps:  3239 | steps_t:     0 | t: 1.890501 | r:  -268.000000 | e:   1.000000 | Q:        nan | won: False 
#  310 | steps:  3248 | steps_t:     0 | t: 1.890501 | r:  -258.000000 | e:   1.000000 | Q:        nan | won: False 
#  311 | steps:  3254 | steps_t:     0 | t: 1.890501 | r:  -255.000000 | e:   1.000000 | Q:        nan | won: False 
#  312 | steps:  3263 | steps_t:     0 | t: 1.890501 | r:  -258.000000 | e:   1.000000 | Q:        nan | won: False 
#  313 | steps:  3273 | steps_t:     0 | t: 1.906113 | r:  -259.000000 | e:   1.000000 | Q:        nan | won: False 
#  314 | steps:  3282 | steps_t:     0 | t: 1.906113 | r:  -258.000000 | e:   1.000000 | Q:        nan | won: False 
#  315 | steps:  3293 | steps_t:     0 | t: 1.921748 | r:  -260.000000 | e:   1.000000 | Q:        nan | won: False 
#  316 | steps:  3304 | steps_t:     0 | t: 1.921748 | r:  -260.000000 | e:   1.000000 | Q:        nan | won: False 
#  317 | steps:  3311 | steps_t:     0 | t: 1.921748 | r:  -256.000000 | e:   1.000000 | Q:        nan | won: False 
#  318 | steps:  3316 | steps_t:     0 | t: 1.921748 | r:  -254.000000 | e:   1.000000 | Q:        nan | won: False 
#  319 | steps:  3322 | steps_t:     0 | t: 1.937373 | r:  -255.000000 | e:   1.000000 | Q:        nan | won: False 
#  320 | steps:  3329 | steps_t:     0 | t: 1.937373 | r:  -256.000000 | e:   1.000000 | Q:        nan | won: False 
#  321 | steps:  3339 | steps_t:     0 | t: 1.937373 | r:  -259.000000 | e:   1.000000 | Q:        nan | won: False 
#  322 | steps:  3349 | steps_t:     0 | t: 1.952996 | r:  -259.000000 | e:   1.000000 | Q:        nan | won: False 
#  323 | steps:  3356 | steps_t:     0 | t: 1.952996 | r:  -256.000000 | e:   1.000000 | Q:        nan | won: False 
#  324 | steps:  3362 | steps_t:     0 | t: 1.952996 | r:  -255.000000 | e:   1.000000 | Q:        nan | won: False 
#  325 | steps:  3370 | steps_t:     0 | t: 1.952996 | r:  -257.000000 | e:   1.000000 | Q:        nan | won: False 
#  326 | steps:  3379 | steps_t:     0 | t: 1.968620 | r:  -258.000000 | e:   1.000000 | Q:        nan | won: False 
#  327 | steps:  3392 | steps_t:     0 | t: 1.968620 | r:  -262.000000 | e:   1.000000 | Q:        nan | won: False 
#  328 | steps:  3400 | steps_t:     0 | t: 1.968620 | r:  -257.000000 | e:   1.000000 | Q:        nan | won: False 
#  329 | steps:  3407 | steps_t:     0 | t: 1.984248 | r:  -256.000000 | e:   1.000000 | Q:        nan | won: False 
#  330 | steps:  3415 | steps_t:     0 | t: 1.984248 | r:  -257.000000 | e:   1.000000 | Q:        nan | won: False 
#  331 | steps:  3424 | steps_t:     0 | t: 1.984248 | r:  -258.000000 | e:   1.000000 | Q:        nan | won: False 
#  332 | steps:  3433 | steps_t:     0 | t: 1.999868 | r:  -258.000000 | e:   1.000000 | Q:        nan | won: False 
#  333 | steps:  3445 | steps_t:     0 | t: 1.999868 | r:  -261.000000 | e:   1.000000 | Q:        nan | won: False 
#  334 | steps:  3466 | steps_t:     0 | t: 2.015477 | r:  -270.000000 | e:   1.000000 | Q:        nan | won: False 
#  335 | steps:  3472 | steps_t:     0 | t: 2.015477 | r:  -255.000000 | e:   1.000000 | Q:        nan | won: False 
#  336 | steps:  3479 | steps_t:     0 | t: 2.015477 | r:  -256.000000 | e:   1.000000 | Q:        nan | won: False 
#  337 | steps:  3486 | steps_t:     0 | t: 2.015477 | r:  -256.000000 | e:   1.000000 | Q:        nan | won: False 
#  338 | steps:  3494 | steps_t:     0 | t: 2.031115 | r:  -257.000000 | e:   1.000000 | Q:        nan | won: False 
#  339 | steps:  3507 | steps_t:     0 | t: 2.031115 | r:  -262.000000 | e:   1.000000 | Q:        nan | won: False 
#  340 | steps:  3514 | steps_t:     0 | t: 2.031115 | r:  -256.000000 | e:   1.000000 | Q:        nan | won: False 
#  341 | steps:  3523 | steps_t:     0 | t: 2.046727 | r:  -258.000000 | e:   1.000000 | Q:        nan | won: False 
#  342 | steps:  3534 | steps_t:     0 | t: 2.046727 | r:  -260.000000 | e:   1.000000 | Q:        nan | won: False 
#  343 | steps:  3547 | steps_t:     0 | t: 2.062367 | r:  -262.000000 | e:   1.000000 | Q:        nan | won: False 
#  344 | steps:  3557 | steps_t:     0 | t: 2.062367 | r:  -259.000000 | e:   1.000000 | Q:        nan | won: False 
#  345 | steps:  3566 | steps_t:     0 | t: 2.062367 | r:  -258.000000 | e:   1.000000 | Q:        nan | won: False 
#  346 | steps:  3576 | steps_t:     0 | t: 2.077986 | r:  -259.000000 | e:   1.000000 | Q:        nan | won: False 
#  347 | steps:  3590 | steps_t:     0 | t: 2.077986 | r:  -263.000000 | e:   1.000000 | Q:        nan | won: False 
#  348 | steps:  3596 | steps_t:     0 | t: 2.077986 | r:  -255.000000 | e:   1.000000 | Q:        nan | won: False 
#  349 | steps:  3604 | steps_t:     0 | t: 2.093610 | r:  -257.000000 | e:   1.000000 | Q:        nan | won: False 
#  350 | steps:  3611 | steps_t:     0 | t: 2.093610 | r:  -256.000000 | e:   1.000000 | Q:        nan | won: False 
#  351 | steps:  3618 | steps_t:     0 | t: 2.093610 | r:  -256.000000 | e:   1.000000 | Q:        nan | won: False 
#  352 | steps:  3624 | steps_t:     0 | t: 2.093610 | r:  -255.000000 | e:   1.000000 | Q:        nan | won: False 
#  353 | steps:  3634 | steps_t:     0 | t: 2.109234 | r:  -259.000000 | e:   1.000000 | Q:        nan | won: False 
#  354 | steps:  3651 | steps_t:     0 | t: 2.109234 | r:  -266.000000 | e:   1.000000 | Q:        nan | won: False 
#  355 | steps:  3659 | steps_t:     0 | t: 2.109234 | r:  -257.000000 | e:   1.000000 | Q:        nan | won: False 
#  356 | steps:  3665 | steps_t:     0 | t: 2.124846 | r:  -255.000000 | e:   1.000000 | Q:        nan | won: False 
#  357 | steps:  3674 | steps_t:     0 | t: 2.124846 | r:  -258.000000 | e:   1.000000 | Q:        nan | won: False 
#  358 | steps:  3682 | steps_t:     0 | t: 2.124846 | r:  -257.000000 | e:   1.000000 | Q:        nan | won: False 
#  359 | steps:  3690 | steps_t:     0 | t: 2.140482 | r:  -257.000000 | e:   1.000000 | Q:        nan | won: False 
#  360 | steps:  3711 | steps_t:     0 | t: 2.140482 | r:  -270.000000 | e:   1.000000 | Q:        nan | won: False 
#  361 | steps:  3731 | steps_t:     0 | t: 2.156106 | r:  -269.000000 | e:   1.000000 | Q:        nan | won: False 
#  362 | steps:  3737 | steps_t:     0 | t: 2.156106 | r:  -255.000000 | e:   1.000000 | Q:        nan | won: False 
#  363 | steps:  3746 | steps_t:     0 | t: 2.156106 | r:  -258.000000 | e:   1.000000 | Q:        nan | won: False 
#  364 | steps:  3757 | steps_t:     0 | t: 2.171717 | r:  -260.000000 | e:   1.000000 | Q:        nan | won: False 
#  365 | steps:  3764 | steps_t:     0 | t: 2.171717 | r:  -256.000000 | e:   1.000000 | Q:        nan | won: False 
#  366 | steps:  3779 | steps_t:     0 | t: 2.187354 | r:  -264.000000 | e:   1.000000 | Q:        nan | won: False 
#  367 | steps:  3794 | steps_t:     0 | t: 2.187354 | r:  -264.000000 | e:   1.000000 | Q:        nan | won: False 
#  368 | steps:  3805 | steps_t:     0 | t: 2.202979 | r:  -260.000000 | e:   1.000000 | Q:        nan | won: False 
#  369 | steps:  3820 | steps_t:     0 | t: 2.202979 | r:  -264.000000 | e:   1.000000 | Q:        nan | won: False 
#  370 | steps:  3829 | steps_t:     0 | t: 2.218590 | r:  -258.000000 | e:   1.000000 | Q:        nan | won: False 
#  371 | steps:  3840 | steps_t:     0 | t: 2.218590 | r:  -260.000000 | e:   1.000000 | Q:        nan | won: False 
#  372 | steps:  3850 | steps_t:     0 | t: 2.218590 | r:  -259.000000 | e:   1.000000 | Q:        nan | won: False 
#  373 | steps:  3857 | steps_t:     0 | t: 2.234214 | r:  -256.000000 | e:   1.000000 | Q:        nan | won: False 
#  374 | steps:  3865 | steps_t:     0 | t: 2.234214 | r:  -257.000000 | e:   1.000000 | Q:        nan | won: False 
#  375 | steps:  3876 | steps_t:     0 | t: 2.234214 | r:  -260.000000 | e:   1.000000 | Q:        nan | won: False 
#  376 | steps:  3899 | steps_t:     0 | t: 2.249850 | r:  -272.000000 | e:   1.000000 | Q:        nan | won: False 
#  377 | steps:  3909 | steps_t:     0 | t: 2.249850 | r:  -259.000000 | e:   1.000000 | Q:        nan | won: False 
#  378 | steps:  3928 | steps_t:     0 | t: 2.265480 | r:  -268.000000 | e:   1.000000 | Q:        nan | won: False 
#  379 | steps:  3944 | steps_t:     0 | t: 2.281098 | r:  -265.000000 | e:   1.000000 | Q:        nan | won: False 
#  380 | steps:  3951 | steps_t:     0 | t: 2.281098 | r:  -256.000000 | e:   1.000000 | Q:        nan | won: False 
#  381 | steps:  3971 | steps_t:     0 | t: 2.296721 | r:  -269.000000 | e:   1.000000 | Q:        nan | won: False 
#  382 | steps:  3979 | steps_t:     0 | t: 2.296721 | r:  -257.000000 | e:   1.000000 | Q:        nan | won: False 
#  383 | steps:  3992 | steps_t:     0 | t: 2.296721 | r:  -262.000000 | e:   1.000000 | Q:        nan | won: False 
#  384 | steps:  3999 | steps_t:     0 | t: 2.312350 | r:  -256.000000 | e:   1.000000 | Q:        nan | won: False 
#  385 | steps:  4008 | steps_t:     0 | t: 2.312350 | r:  -258.000000 | e:   1.000000 | Q:        nan | won: False 
#  386 | steps:  4029 | steps_t:     0 | t: 2.327968 | r:  -270.000000 | e:   1.000000 | Q:        nan | won: False 
#  387 | steps:  4035 | steps_t:     0 | t: 2.327968 | r:  -255.000000 | e:   1.000000 | Q:        nan | won: False 
#  388 | steps:  4045 | steps_t:     0 | t: 2.327968 | r:  -259.000000 | e:   1.000000 | Q:        nan | won: False 
#  389 | steps:  4057 | steps_t:     0 | t: 2.343598 | r:  -261.000000 | e:   1.000000 | Q:        nan | won: False 
#  390 | steps:  4069 | steps_t:     0 | t: 2.343598 | r:  -261.000000 | e:   1.000000 | Q:        nan | won: False 
#  391 | steps:  4081 | steps_t:     0 | t: 2.359216 | r:  -261.000000 | e:   1.000000 | Q:        nan | won: False 
#  392 | steps:  4088 | steps_t:     0 | t: 2.359216 | r:  -256.000000 | e:   1.000000 | Q:        nan | won: False 
#  393 | steps:  4096 | steps_t:     0 | t: 2.359216 | r:  -257.000000 | e:   1.000000 | Q:        nan | won: False 
#  394 | steps:  4110 | steps_t:     0 | t: 2.374846 | r:  -263.000000 | e:   1.000000 | Q:        nan | won: False 
#  395 | steps:  4120 | steps_t:     0 | t: 2.374846 | r:  -259.000000 | e:   1.000000 | Q:        nan | won: False 
#  396 | steps:  4133 | steps_t:     0 | t: 2.374846 | r:  -262.000000 | e:   1.000000 | Q:        nan | won: False 
#  397 | steps:  4157 | steps_t:     0 | t: 2.390470 | r:  -252.000000 | e:   1.000000 | Q:        nan | won: False 
#  398 | steps:  4167 | steps_t:     0 | t: 2.406093 | r:  -259.000000 | e:   1.000000 | Q:        nan | won: False 
#  399 | steps:  4176 | steps_t:     0 | t: 2.406093 | r:  -258.000000 | e:   1.000000 | Q:        nan | won: False 
#  400 | steps:  4183 | steps_t:     0 | t: 2.406093 | r:  -256.000000 | e:   1.000000 | Q:        nan | won: False 
#  401 | steps:  4193 | steps_t:     0 | t: 2.421711 | r:  -259.000000 | e:   1.000000 | Q:        nan | won: False 
#  402 | steps:  4203 | steps_t:     0 | t: 2.421711 | r:  -259.000000 | e:   1.000000 | Q:        nan | won: False 
#  403 | steps:  4211 | steps_t:     0 | t: 2.421711 | r:  -257.000000 | e:   1.000000 | Q:        nan | won: False 
#  404 | steps:  4220 | steps_t:     0 | t: 2.421711 | r:  -258.000000 | e:   1.000000 | Q:        nan | won: False 
#  405 | steps:  4227 | steps_t:     0 | t: 2.437323 | r:  -256.000000 | e:   1.000000 | Q:        nan | won: False 
#  406 | steps:  4247 | steps_t:     0 | t: 2.437323 | r:  -269.000000 | e:   1.000000 | Q:        nan | won: False 
#  407 | steps:  4254 | steps_t:     0 | t: 2.452965 | r:  -256.000000 | e:   1.000000 | Q:        nan | won: False 
#  408 | steps:  4264 | steps_t:     0 | t: 2.452965 | r:  -259.000000 | e:   1.000000 | Q:        nan | won: False 
#  409 | steps:  4277 | steps_t:     0 | t: 2.452965 | r:  -262.000000 | e:   1.000000 | Q:        nan | won: False 
#  410 | steps:  4291 | steps_t:     0 | t: 2.468570 | r:  -263.000000 | e:   1.000000 | Q:        nan | won: False 
#  411 | steps:  4298 | steps_t:     0 | t: 2.468570 | r:  -256.000000 | e:   1.000000 | Q:        nan | won: False 
#  412 | steps:  4309 | steps_t:     0 | t: 2.484207 | r:  -260.000000 | e:   1.000000 | Q:        nan | won: False 
#  413 | steps:  4324 | steps_t:     0 | t: 2.484207 | r:  -264.000000 | e:   1.000000 | Q:        nan | won: False 
#  414 | steps:  4335 | steps_t:     0 | t: 2.484207 | r:  -260.000000 | e:   1.000000 | Q:        nan | won: False 
#  415 | steps:  4350 | steps_t:     0 | t: 2.499836 | r:  -243.000000 | e:   1.000000 | Q:        nan | won: False 
#  416 | steps:  4358 | steps_t:     0 | t: 2.499836 | r:  -257.000000 | e:   1.000000 | Q:        nan | won: False 
#  417 | steps:  4364 | steps_t:     0 | t: 2.499836 | r:  -255.000000 | e:   1.000000 | Q:        nan | won: False 
#  418 | steps:  4380 | steps_t:     0 | t: 2.515449 | r:  -244.000000 | e:   1.000000 | Q:        nan | won: False 
#  419 | steps:  4386 | steps_t:     0 | t: 2.515449 | r:  -255.000000 | e:   1.000000 | Q:        nan | won: False 
#  420 | steps:  4394 | steps_t:     0 | t: 2.531079 | r:  -257.000000 | e:   1.000000 | Q:        nan | won: False 
#  421 | steps:  4401 | steps_t:     0 | t: 2.531079 | r:  -256.000000 | e:   1.000000 | Q:        nan | won: False 
#  422 | steps:  4408 | steps_t:     0 | t: 2.531079 | r:  -256.000000 | e:   1.000000 | Q:        nan | won: False 
#  423 | steps:  4429 | steps_t:     0 | t: 2.546702 | r:  -270.000000 | e:   1.000000 | Q:        nan | won: False 
#  424 | steps:  4436 | steps_t:     0 | t: 2.546702 | r:  -256.000000 | e:   1.000000 | Q:        nan | won: False 
#  425 | steps:  4452 | steps_t:     0 | t: 2.562331 | r:  -265.000000 | e:   1.000000 | Q:        nan | won: False 
#  426 | steps:  4472 | steps_t:     0 | t: 2.562331 | r:  -248.000000 | e:   1.000000 | Q:        nan | won: False 
#  427 | steps:  4478 | steps_t:     0 | t: 2.577950 | r:  -255.000000 | e:   1.000000 | Q:        nan | won: False 
#  428 | steps:  4484 | steps_t:     0 | t: 2.577950 | r:  -255.000000 | e:   1.000000 | Q:        nan | won: False 
#  429 | steps:  4497 | steps_t:     0 | t: 2.577950 | r:  -262.000000 | e:   1.000000 | Q:        nan | won: False 
#  430 | steps:  4505 | steps_t:     0 | t: 2.593574 | r:  -257.000000 | e:   1.000000 | Q:        nan | won: False 
#  431 | steps:  4511 | steps_t:     0 | t: 2.593574 | r:  -255.000000 | e:   1.000000 | Q:        nan | won: False 
#  432 | steps:  4523 | steps_t:     0 | t: 2.593574 | r:  -261.000000 | e:   1.000000 | Q:        nan | won: False 
#  433 | steps:  4534 | steps_t:     0 | t: 2.609198 | r:  -260.000000 | e:   1.000000 | Q:        nan | won: False 
#  434 | steps:  4577 | steps_t:     0 | t: 2.624827 | r:  -292.000000 | e:   1.000000 | Q:        nan | won: False 
#  435 | steps:  4585 | steps_t:     0 | t: 2.624827 | r:  -257.000000 | e:   1.000000 | Q:        nan | won: False 
#  436 | steps:  4593 | steps_t:     0 | t: 2.640450 | r:  -257.000000 | e:   1.000000 | Q:        nan | won: False 
#  437 | steps:  4600 | steps_t:     0 | t: 2.640450 | r:  -256.000000 | e:   1.000000 | Q:        nan | won: False 
#  438 | steps:  4608 | steps_t:     0 | t: 2.640450 | r:  -257.000000 | e:   1.000000 | Q:        nan | won: False 
#  439 | steps:  4619 | steps_t:     0 | t: 2.656075 | r:  -260.000000 | e:   1.000000 | Q:        nan | won: False 
#  440 | steps:  4625 | steps_t:     0 | t: 2.656075 | r:  -255.000000 | e:   1.000000 | Q:        nan | won: False 
#  441 | steps:  4644 | steps_t:     0 | t: 2.656075 | r:  -247.000000 | e:   1.000000 | Q:        nan | won: False 
#  442 | steps:  4652 | steps_t:     0 | t: 2.671698 | r:  -257.000000 | e:   1.000000 | Q:        nan | won: False 
#  443 | steps:  4659 | steps_t:     0 | t: 2.671698 | r:  -256.000000 | e:   1.000000 | Q:        nan | won: False 
#  444 | steps:  4669 | steps_t:     0 | t: 2.671698 | r:  -259.000000 | e:   1.000000 | Q:        nan | won: False 
#  445 | steps:  4685 | steps_t:     0 | t: 2.687323 | r:  -244.000000 | e:   1.000000 | Q:        nan | won: False 
#  446 | steps:  4706 | steps_t:     0 | t: 2.702946 | r:  -249.000000 | e:   1.000000 | Q:        nan | won: False 
#  447 | steps:  4715 | steps_t:     0 | t: 2.702946 | r:  -258.000000 | e:   1.000000 | Q:        nan | won: False 
#  448 | steps:  4726 | steps_t:     0 | t: 2.702946 | r:  -260.000000 | e:   1.000000 | Q:        nan | won: False 
#  449 | steps:  4734 | steps_t:     0 | t: 2.718565 | r:  -257.000000 | e:   1.000000 | Q:        nan | won: False 
#  450 | steps:  4747 | steps_t:     0 | t: 2.718565 | r:  -262.000000 | e:   1.000000 | Q:        nan | won: False 
#  451 | steps:  4755 | steps_t:     0 | t: 2.718565 | r:  -257.000000 | e:   1.000000 | Q:        nan | won: False 
#  452 | steps:  4774 | steps_t:     0 | t: 2.734189 | r:  -268.000000 | e:   1.000000 | Q:        nan | won: False 
#  453 | steps:  4781 | steps_t:     0 | t: 2.734189 | r:  -256.000000 | e:   1.000000 | Q:        nan | won: False 
#  454 | steps:  4790 | steps_t:     0 | t: 2.749817 | r:  -258.000000 | e:   1.000000 | Q:        nan | won: False 
#  455 | steps:  4812 | steps_t:     0 | t: 2.749817 | r:  -271.000000 | e:   1.000000 | Q:        nan | won: False 
#  456 | steps:  4855 | steps_t:     0 | t: 2.781075 | r:  -271.000000 | e:   1.000000 | Q:        nan | won: False 
#  457 | steps:  4875 | steps_t:     0 | t: 2.781075 | r:  -269.000000 | e:   1.000000 | Q:        nan | won: False 
#  458 | steps:  4897 | steps_t:     0 | t: 2.796690 | r:  -271.000000 | e:   1.000000 | Q:        nan | won: False 
#  459 | steps:  4905 | steps_t:     0 | t: 2.796690 | r:  -257.000000 | e:   1.000000 | Q:        nan | won: False 
#  460 | steps:  4920 | steps_t:     0 | t: 2.812313 | r:  -264.000000 | e:   1.000000 | Q:        nan | won: False 
#  461 | steps:  4928 | steps_t:     0 | t: 2.812313 | r:  -257.000000 | e:   1.000000 | Q:        nan | won: False 
#  462 | steps:  4936 | steps_t:     0 | t: 2.812313 | r:  -257.000000 | e:   1.000000 | Q:        nan | won: False 
#  463 | steps:  4946 | steps_t:     0 | t: 2.827919 | r:  -259.000000 | e:   1.000000 | Q:        nan | won: False 
#  464 | steps:  4957 | steps_t:     0 | t: 2.827919 | r:  -260.000000 | e:   1.000000 | Q:        nan | won: False 
#  465 | steps:  4964 | steps_t:     0 | t: 2.827919 | r:  -256.000000 | e:   1.000000 | Q:        nan | won: False 
#  466 | steps:  4975 | steps_t:     0 | t: 2.843544 | r:  -260.000000 | e:   1.000000 | Q:        nan | won: False 
#  467 | steps:  4984 | steps_t:     0 | t: 2.843544 | r:  -258.000000 | e:   1.000000 | Q:        nan | won: False 
#  468 | steps:  4994 | steps_t:     0 | t: 2.859181 | r:  -259.000000 | e:   1.000000 | Q:        nan | won: False 
#  469 | steps:  5017 | steps_t:    16 | t: 3.062277 | r:  -272.000000 | e:   0.998400 | Q:        nan | won: False 
#  470 | steps:  5030 | steps_t:    28 | t: 3.156021 | r:  -262.000000 | e:   0.997200 | Q:        nan | won: False 
#  471 | steps:  5039 | steps_t:    36 | t: 3.218519 | r:  -258.000000 | e:   0.996400 | Q:        nan | won: False 
#  472 | steps:  5069 | steps_t:    65 | t: 3.437263 | r:  -258.000000 | e:   0.993500 | Q:        nan | won: False 
#  473 | steps:  5079 | steps_t:    74 | t: 3.515370 | r:  -259.000000 | e:   0.992600 | Q:        nan | won: False 
#  474 | steps:  5087 | steps_t:    81 | t: 3.562241 | r:  -257.000000 | e:   0.991900 | Q:        nan | won: False 
#  475 | steps:  5099 | steps_t:    92 | t: 3.655984 | r:  -261.000000 | e:   0.990800 | Q:        nan | won: False 
#  476 | steps:  5115 | steps_t:   107 | t: 3.765352 | r:  -265.000000 | e:   0.989300 | Q:        nan | won: False 
#  477 | steps:  5126 | steps_t:   117 | t: 3.843474 | r:  -260.000000 | e:   0.988300 | Q:        nan | won: False 
#  478 | steps:  5134 | steps_t:   124 | t: 3.905979 | r:  -257.000000 | e:   0.987600 | Q:        nan | won: False 
#  479 | steps:  5146 | steps_t:   135 | t: 3.984094 | r:  -261.000000 | e:   0.986500 | Q:        nan | won: False 
#  480 | steps:  5161 | steps_t:   149 | t: 4.093452 | r:  -264.000000 | e:   0.985100 | Q:        nan | won: False 
#  481 | steps:  5173 | steps_t:   160 | t: 4.171572 | r:  -261.000000 | e:   0.984000 | Q: -162.575638 | won: False 
#  482 | steps:  5186 | steps_t:   172 | t: 4.265315 | r:  -262.000000 | e:   0.982800 | Q: -161.749298 | won: False 
#  483 | steps:  5197 | steps_t:   182 | t: 4.343444 | r:  -260.000000 | e:   0.981800 | Q:        nan | won: False 
#  484 | steps:  5206 | steps_t:   190 | t: 4.405930 | r:  -258.000000 | e:   0.981000 | Q:        nan | won: False 
#  485 | steps:  5221 | steps_t:   204 | t: 4.515296 | r:  -264.000000 | e:   0.979600 | Q:        nan | won: False 
#  486 | steps:  5231 | steps_t:   213 | t: 4.593423 | r:  -259.000000 | e:   0.978700 | Q:        nan | won: False 
#  487 | steps:  5243 | steps_t:   224 | t: 4.671547 | r:  -261.000000 | e:   0.977600 | Q:        nan | won: False 
#  488 | steps:  5263 | steps_t:   243 | t: 4.812150 | r:  -269.000000 | e:   0.975700 | Q: -150.742249 | won: False 
#  489 | steps:  5273 | steps_t:   252 | t: 4.890271 | r:  -259.000000 | e:   0.974800 | Q:        nan | won: False 
#  490 | steps:  5284 | steps_t:   262 | t: 4.968389 | r:  -260.000000 | e:   0.973800 | Q:        nan | won: False 
#  491 | steps:  5290 | steps_t:   267 | t: 5.796459 | r:  -255.000000 | e:   0.973300 | Q:        nan | won: False 
#  492 | steps:  5297 | steps_t:   273 | t: 7.846957 | r:  -256.000000 | e:   0.972700 | Q:        nan | won: False 
#  493 | steps:  5315 | steps_t:   290 | t: 11.548209 | r:  -267.000000 | e:   0.971000 | Q:        nan | won: False 
#  494 | steps:  5322 | steps_t:   296 | t: 13.598781 | r:  -256.000000 | e:   0.970400 | Q:        nan | won: False 
#  495 | steps:  5347 | steps_t:   320 | t: 18.265316 | r:  -274.000000 | e:   0.968000 | Q:        nan | won: False 
#  496 | steps:  5356 | steps_t:   328 | t: 20.538917 | r:  -258.000000 | e:   0.967200 | Q: -151.284088 | won: False 
#  497 | steps:  5363 | steps_t:   334 | t: 22.515076 | r:  -256.000000 | e:   0.966600 | Q:        nan | won: False 
#  498 | steps:  5375 | steps_t:   345 | t: 25.229503 | r:  -261.000000 | e:   0.965500 | Q: -149.228180 | won: False 
#  499 | steps:  5383 | steps_t:   352 | t: 27.369421 | r:  -257.000000 | e:   0.964800 | Q: -147.673904 | won: False 
#  500 | steps:  5399 | steps_t:   367 | t: 30.692400 | r:  -265.000000 | e:   0.963300 | Q:        nan | won: False 
