#    1 | steps:     7 | steps_t:     0 | t: 0.034981 | r:  -256.000000 | e:   1.000000 | Q:        nan | won: False 
#    2 | steps:    23 | steps_t:     0 | t: 0.052970 | r:  -265.000000 | e:   1.000000 | Q:        nan | won: False 
#    3 | steps:    31 | steps_t:     0 | t: 0.057967 | r:  -257.000000 | e:   1.000000 | Q:        nan | won: False 
#    4 | steps:    37 | steps_t:     0 | t: 0.061964 | r:  -255.000000 | e:   1.000000 | Q:        nan | won: False 
#    5 | steps:    47 | steps_t:     0 | t: 0.066961 | r:  -259.000000 | e:   1.000000 | Q:        nan | won: False 
#    6 | steps:    53 | steps_t:     0 | t: 0.070958 | r:  -255.000000 | e:   1.000000 | Q:        nan | won: False 
#    7 | steps:    62 | steps_t:     0 | t: 0.075958 | r:  -258.000000 | e:   1.000000 | Q:        nan | won: False 
#    8 | steps:    68 | steps_t:     0 | t: 0.080953 | r:  -255.000000 | e:   1.000000 | Q:        nan | won: False 
#    9 | steps:    75 | steps_t:     0 | t: 0.085950 | r:  -256.000000 | e:   1.000000 | Q:        nan | won: False 
#   10 | steps:    91 | steps_t:     0 | t: 0.094952 | r:  -265.000000 | e:   1.000000 | Q:        nan | won: False 
#   11 | steps:   104 | steps_t:     0 | t: 0.102940 | r:  -262.000000 | e:   1.000000 | Q:        nan | won: False 
#   12 | steps:   117 | steps_t:     0 | t: 0.109940 | r:  -262.000000 | e:   1.000000 | Q:        nan | won: False 
#   13 | steps:   122 | steps_t:     0 | t: 0.113935 | r:  -254.000000 | e:   1.000000 | Q:        nan | won: False 
#   14 | steps:   129 | steps_t:     0 | t: 0.117933 | r:  -256.000000 | e:   1.000000 | Q:        nan | won: False 
#   15 | steps:   137 | steps_t:     0 | t: 0.122930 | r:  -257.000000 | e:   1.000000 | Q:        nan | won: False 
#   16 | steps:   144 | steps_t:     0 | t: 0.126937 | r:  -256.000000 | e:   1.000000 | Q:        nan | won: False 
#   17 | steps:   153 | steps_t:     0 | t: 0.132925 | r:  -258.000000 | e:   1.000000 | Q:        nan | won: False 
#   18 | steps:   172 | steps_t:     0 | t: 0.142920 | r:  -268.000000 | e:   1.000000 | Q:        nan | won: False 
#   19 | steps:   180 | steps_t:     0 | t: 0.149914 | r:  -257.000000 | e:   1.000000 | Q:        nan | won: False 
#   20 | steps:   190 | steps_t:     0 | t: 0.155825 | r:  -259.000000 | e:   1.000000 | Q:        nan | won: False 
#   21 | steps:   196 | steps_t:     0 | t: 0.159818 | r:  -255.000000 | e:   1.000000 | Q:        nan | won: False 
#   22 | steps:   202 | steps_t:     0 | t: 0.163816 | r:  -255.000000 | e:   1.000000 | Q:        nan | won: False 
#   23 | steps:   211 | steps_t:     0 | t: 0.169817 | r:  -258.000000 | e:   1.000000 | Q:        nan | won: False 
#   24 | steps:   220 | steps_t:     0 | t: 0.174815 | r:  -258.000000 | e:   1.000000 | Q:        nan | won: False 
#   25 | steps:   227 | steps_t:     0 | t: 0.178808 | r:  -256.000000 | e:   1.000000 | Q:        nan | won: False 
#   26 | steps:   241 | steps_t:     0 | t: 0.186808 | r:  -263.000000 | e:   1.000000 | Q:        nan | won: False 
#   27 | steps:   249 | steps_t:     0 | t: 0.190805 | r:  -257.000000 | e:   1.000000 | Q:        nan | won: False 
#   28 | steps:   276 | steps_t:     0 | t: 0.205791 | r:  -234.000000 | e:   1.000000 | Q:        nan | won: False 
#   29 | steps:   281 | steps_t:     0 | t: 0.209785 | r:  -254.000000 | e:   1.000000 | Q:        nan | won: False 
#   30 | steps:   301 | steps_t:     0 | t: 0.221771 | r:  -248.000000 | e:   1.000000 | Q:        nan | won: False 
#   31 | steps:   312 | steps_t:     0 | t: 0.229785 | r:  -260.000000 | e:   1.000000 | Q:        nan | won: False 
#   32 | steps:   332 | steps_t:     0 | t: 0.240777 | r:  -269.000000 | e:   1.000000 | Q:        nan | won: False 
#   33 | steps:   343 | steps_t:     0 | t: 0.248772 | r:  -260.000000 | e:   1.000000 | Q:        nan | won: False 
#   34 | steps:   352 | steps_t:     0 | t: 0.253764 | r:  -258.000000 | e:   1.000000 | Q:        nan | won: False 
#   35 | steps:   358 | steps_t:     0 | t: 0.257762 | r:  -255.000000 | e:   1.000000 | Q:        nan | won: False 
#   36 | steps:   369 | steps_t:     0 | t: 0.264758 | r:  -260.000000 | e:   1.000000 | Q:        nan | won: False 
#   37 | steps:   377 | steps_t:     0 | t: 0.273758 | r:  -257.000000 | e:   1.000000 | Q:        nan | won: False 
#   38 | steps:   388 | steps_t:     0 | t: 0.279749 | r:  -260.000000 | e:   1.000000 | Q:        nan | won: False 
#   39 | steps:   397 | steps_t:     0 | t: 0.285732 | r:  -258.000000 | e:   1.000000 | Q:        nan | won: False 
#   40 | steps:   403 | steps_t:     0 | t: 0.290731 | r:  -255.000000 | e:   1.000000 | Q:        nan | won: False 
#   41 | steps:   418 | steps_t:     0 | t: 0.300738 | r:  -243.000000 | e:   1.000000 | Q:        nan | won: False 
#   42 | steps:   423 | steps_t:     0 | t: 0.304724 | r:  -254.000000 | e:   1.000000 | Q:        nan | won: False 
#   43 | steps:   432 | steps_t:     0 | t: 0.313719 | r:  -258.000000 | e:   1.000000 | Q:        nan | won: False 
#   44 | steps:   439 | steps_t:     0 | t: 0.318714 | r:  -256.000000 | e:   1.000000 | Q:        nan | won: False 
#   45 | steps:   450 | steps_t:     0 | t: 0.326713 | r:  -260.000000 | e:   1.000000 | Q:        nan | won: False 
#   46 | steps:   457 | steps_t:     0 | t: 0.332707 | r:  -256.000000 | e:   1.000000 | Q:        nan | won: False 
#   47 | steps:   466 | steps_t:     0 | t: 0.338704 | r:  -258.000000 | e:   1.000000 | Q:        nan | won: False 
#   48 | steps:   478 | steps_t:     0 | t: 0.347698 | r:  -261.000000 | e:   1.000000 | Q:        nan | won: False 
#   49 | steps:   485 | steps_t:     0 | t: 0.354694 | r:  -256.000000 | e:   1.000000 | Q:        nan | won: False 
#   50 | steps:   493 | steps_t:     0 | t: 0.361689 | r:  -257.000000 | e:   1.000000 | Q:        nan | won: False 
#   51 | steps:   511 | steps_t:     0 | t: 0.371684 | r:  -267.000000 | e:   1.000000 | Q:        nan | won: False 
#   52 | steps:   522 | steps_t:     0 | t: 0.380679 | r:  -260.000000 | e:   1.000000 | Q:        nan | won: False 
#   53 | steps:   543 | steps_t:     0 | t: 0.394681 | r:  -270.000000 | e:   1.000000 | Q:        nan | won: False 
#   54 | steps:   556 | steps_t:     0 | t: 0.403666 | r:  -262.000000 | e:   1.000000 | Q:        nan | won: False 
#   55 | steps:   564 | steps_t:     0 | t: 0.410663 | r:  -257.000000 | e:   1.000000 | Q:        nan | won: False 
#   56 | steps:   577 | steps_t:     0 | t: 0.420656 | r:  -262.000000 | e:   1.000000 | Q:        nan | won: False 
#   57 | steps:   591 | steps_t:     0 | t: 0.430651 | r:  -263.000000 | e:   1.000000 | Q:        nan | won: False 
#   58 | steps:   600 | steps_t:     0 | t: 0.436647 | r:  -258.000000 | e:   1.000000 | Q:        nan | won: False 
#   59 | steps:   608 | steps_t:     0 | t: 0.442644 | r:  -257.000000 | e:   1.000000 | Q:        nan | won: False 
#   60 | steps:   637 | steps_t:     0 | t: 0.460633 | r:  -278.000000 | e:   1.000000 | Q:        nan | won: False 
#   61 | steps:   647 | steps_t:     0 | t: 0.469628 | r:  -259.000000 | e:   1.000000 | Q:        nan | won: False 
#   62 | steps:   658 | steps_t:     0 | t: 0.476630 | r:  -260.000000 | e:   1.000000 | Q:        nan | won: False 
#   63 | steps:   667 | steps_t:     0 | t: 0.482620 | r:  -258.000000 | e:   1.000000 | Q:        nan | won: False 
#   64 | steps:   680 | steps_t:     0 | t: 0.493619 | r:  -262.000000 | e:   1.000000 | Q:        nan | won: False 
#   65 | steps:   690 | steps_t:     0 | t: 0.500611 | r:  -259.000000 | e:   1.000000 | Q:        nan | won: False 
#   66 | steps:   698 | steps_t:     0 | t: 0.505607 | r:  -257.000000 | e:   1.000000 | Q:        nan | won: False 
#   67 | steps:   707 | steps_t:     0 | t: 0.514603 | r:  -258.000000 | e:   1.000000 | Q:        nan | won: False 
#   68 | steps:   717 | steps_t:     0 | t: 0.521598 | r:  -259.000000 | e:   1.000000 | Q:        nan | won: False 
#   69 | steps:   729 | steps_t:     0 | t: 0.529594 | r:  -261.000000 | e:   1.000000 | Q:        nan | won: False 
#   70 | steps:   737 | steps_t:     0 | t: 0.534591 | r:  -257.000000 | e:   1.000000 | Q:        nan | won: False 
#   71 | steps:   747 | steps_t:     0 | t: 0.540588 | r:  -259.000000 | e:   1.000000 | Q:        nan | won: False 
#   72 | steps:   757 | steps_t:     0 | t: 0.549582 | r:  -259.000000 | e:   1.000000 | Q:        nan | won: False 
#   73 | steps:   769 | steps_t:     0 | t: 0.561576 | r:  -261.000000 | e:   1.000000 | Q:        nan | won: False 
#   74 | steps:   777 | steps_t:     0 | t: 0.567572 | r:  -257.000000 | e:   1.000000 | Q:        nan | won: False 
#   75 | steps:   790 | steps_t:     0 | t: 0.576571 | r:  -262.000000 | e:   1.000000 | Q:        nan | won: False 
#   76 | steps:   808 | steps_t:     0 | t: 0.587560 | r:  -267.000000 | e:   1.000000 | Q:        nan | won: False 
#   77 | steps:   828 | steps_t:     0 | t: 0.600553 | r:  -269.000000 | e:   1.000000 | Q:        nan | won: False 
#   78 | steps:   849 | steps_t:     0 | t: 0.614543 | r:  -249.000000 | e:   1.000000 | Q:        nan | won: False 
#   79 | steps:   859 | steps_t:     0 | t: 0.623539 | r:  -259.000000 | e:   1.000000 | Q:        nan | won: False 
#   80 | steps:   866 | steps_t:     0 | t: 0.629536 | r:  -256.000000 | e:   1.000000 | Q:        nan | won: False 
#   81 | steps:   877 | steps_t:     0 | t: 0.635532 | r:  -260.000000 | e:   1.000000 | Q:        nan | won: False 
#   82 | steps:   898 | steps_t:     0 | t: 0.647525 | r:  -270.000000 | e:   1.000000 | Q:        nan | won: False 
#   83 | steps:   910 | steps_t:     0 | t: 0.654521 | r:  -261.000000 | e:   1.000000 | Q:        nan | won: False 
#   84 | steps:   919 | steps_t:     0 | t: 0.660541 | r:  -258.000000 | e:   1.000000 | Q:        nan | won: False 
#   85 | steps:   927 | steps_t:     0 | t: 0.665533 | r:  -257.000000 | e:   1.000000 | Q:        nan | won: False 
#   86 | steps:   935 | steps_t:     0 | t: 0.669531 | r:  -257.000000 | e:   1.000000 | Q:        nan | won: False 
#   87 | steps:   942 | steps_t:     0 | t: 0.673529 | r:  -256.000000 | e:   1.000000 | Q:        nan | won: False 
#   88 | steps:   952 | steps_t:     0 | t: 0.679525 | r:  -259.000000 | e:   1.000000 | Q:        nan | won: False 
#   89 | steps:   961 | steps_t:     0 | t: 0.685517 | r:  -258.000000 | e:   1.000000 | Q:        nan | won: False 
#   90 | steps:   968 | steps_t:     0 | t: 0.690001 | r:  -256.000000 | e:   1.000000 | Q:        nan | won: False 
#   91 | steps:   981 | steps_t:     0 | t: 0.697002 | r:  -262.000000 | e:   1.000000 | Q:        nan | won: False 
#   92 | steps:   989 | steps_t:     0 | t: 0.701999 | r:  -257.000000 | e:   1.000000 | Q:        nan | won: False 
#   93 | steps:  1003 | steps_t:     0 | t: 0.709976 | r:  -263.000000 | e:   1.000000 | Q:        nan | won: False 
#   94 | steps:  1010 | steps_t:     0 | t: 0.714992 | r:  -256.000000 | e:   1.000000 | Q:        nan | won: False 
#   95 | steps:  1017 | steps_t:     0 | t: 0.718984 | r:  -256.000000 | e:   1.000000 | Q:        nan | won: False 
#   96 | steps:  1025 | steps_t:     0 | t: 0.722982 | r:  -257.000000 | e:   1.000000 | Q:        nan | won: False 
#   97 | steps:  1040 | steps_t:     0 | t: 0.731977 | r:  -264.000000 | e:   1.000000 | Q:        nan | won: False 
#   98 | steps:  1058 | steps_t:     0 | t: 0.742977 | r:  -267.000000 | e:   1.000000 | Q:        nan | won: False 
#   99 | steps:  1063 | steps_t:     0 | t: 0.746969 | r:  -254.000000 | e:   1.000000 | Q:        nan | won: False 
#  100 | steps:  1079 | steps_t:     0 | t: 0.754965 | r:  -265.000000 | e:   1.000000 | Q:        nan | won: False 
#  101 | steps:  1087 | steps_t:     0 | t: 0.760964 | r:  -257.000000 | e:   1.000000 | Q:        nan | won: False 
#  102 | steps:  1095 | steps_t:     0 | t: 0.765957 | r:  -257.000000 | e:   1.000000 | Q:        nan | won: False 
#  103 | steps:  1106 | steps_t:     0 | t: 0.771953 | r:  -260.000000 | e:   1.000000 | Q:        nan | won: False 
#  104 | steps:  1125 | steps_t:     0 | t: 0.782948 | r:  -268.000000 | e:   1.000000 | Q:        nan | won: False 
#  105 | steps:  1133 | steps_t:     0 | t: 0.787945 | r:  -257.000000 | e:   1.000000 | Q:        nan | won: False 
#  106 | steps:  1139 | steps_t:     0 | t: 0.790943 | r:  -255.000000 | e:   1.000000 | Q:        nan | won: False 
#  107 | steps:  1147 | steps_t:     0 | t: 0.796940 | r:  -257.000000 | e:   1.000000 | Q:        nan | won: False 
#  108 | steps:  1157 | steps_t:     0 | t: 0.802936 | r:  -259.000000 | e:   1.000000 | Q:        nan | won: False 
#  109 | steps:  1166 | steps_t:     0 | t: 0.806934 | r:  -258.000000 | e:   1.000000 | Q:        nan | won: False 
#  110 | steps:  1175 | steps_t:     0 | t: 0.813918 | r:  -258.000000 | e:   1.000000 | Q:        nan | won: False 
#  111 | steps:  1181 | steps_t:     0 | t: 0.817916 | r:  -255.000000 | e:   1.000000 | Q:        nan | won: False 
#  112 | steps:  1190 | steps_t:     0 | t: 0.822925 | r:  -258.000000 | e:   1.000000 | Q:        nan | won: False 
#  113 | steps:  1210 | steps_t:     0 | t: 0.833918 | r:  -269.000000 | e:   1.000000 | Q:        nan | won: False 
#  114 | steps:  1215 | steps_t:     0 | t: 0.837916 | r:  -254.000000 | e:   1.000000 | Q:        nan | won: False 
#  115 | steps:  1226 | steps_t:     0 | t: 0.843916 | r:  -260.000000 | e:   1.000000 | Q:        nan | won: False 
#  116 | steps:  1233 | steps_t:     0 | t: 0.848896 | r:  -256.000000 | e:   1.000000 | Q:        nan | won: False 
#  117 | steps:  1246 | steps_t:     0 | t: 0.856905 | r:  -262.000000 | e:   1.000000 | Q:        nan | won: False 
#  118 | steps:  1254 | steps_t:     0 | t: 0.862889 | r:  -257.000000 | e:   1.000000 | Q:        nan | won: False 
#  119 | steps:  1262 | steps_t:     0 | t: 0.866899 | r:  -257.000000 | e:   1.000000 | Q:        nan | won: False 
#  120 | steps:  1269 | steps_t:     0 | t: 0.870898 | r:  -256.000000 | e:   1.000000 | Q:        nan | won: False 
#  121 | steps:  1317 | steps_t:     0 | t: 0.896882 | r:  -276.000000 | e:   1.000000 | Q:        nan | won: False 
#  122 | steps:  1330 | steps_t:     0 | t: 0.903865 | r:  -262.000000 | e:   1.000000 | Q:        nan | won: False 
#  123 | steps:  1338 | steps_t:     0 | t: 0.908862 | r:  -257.000000 | e:   1.000000 | Q:        nan | won: False 
#  124 | steps:  1348 | steps_t:     0 | t: 0.917857 | r:  -259.000000 | e:   1.000000 | Q:        nan | won: False 
#  125 | steps:  1365 | steps_t:     0 | t: 0.929850 | r:  -245.000000 | e:   1.000000 | Q:        nan | won: False 
#  126 | steps:  1377 | steps_t:     0 | t: 0.938845 | r:  -261.000000 | e:   1.000000 | Q:        nan | won: False 
#  127 | steps:  1386 | steps_t:     0 | t: 0.944198 | r:  -258.000000 | e:   1.000000 | Q:        nan | won: False 
#  128 | steps:  1396 | steps_t:     0 | t: 0.951199 | r:  -259.000000 | e:   1.000000 | Q:        nan | won: False 
#  129 | steps:  1407 | steps_t:     0 | t: 0.957195 | r:  -260.000000 | e:   1.000000 | Q:        nan | won: False 
#  130 | steps:  1416 | steps_t:     0 | t: 0.963192 | r:  -258.000000 | e:   1.000000 | Q:        nan | won: False 
#  131 | steps:  1423 | steps_t:     0 | t: 0.967190 | r:  -256.000000 | e:   1.000000 | Q:        nan | won: False 
#  132 | steps:  1428 | steps_t:     0 | t: 0.970188 | r:  -254.000000 | e:   1.000000 | Q:        nan | won: False 
#  133 | steps:  1436 | steps_t:     0 | t: 0.975300 | r:  -257.000000 | e:   1.000000 | Q:        nan | won: False 
#  134 | steps:  1443 | steps_t:     0 | t: 0.980294 | r:  -256.000000 | e:   1.000000 | Q:        nan | won: False 
#  135 | steps:  1450 | steps_t:     0 | t: 0.985295 | r:  -256.000000 | e:   1.000000 | Q:        nan | won: False 
#  136 | steps:  1458 | steps_t:     0 | t: 0.989292 | r:  -257.000000 | e:   1.000000 | Q:        nan | won: False 
#  137 | steps:  1466 | steps_t:     0 | t: 0.995289 | r:  -257.000000 | e:   1.000000 | Q:        nan | won: False 
#  138 | steps:  1475 | steps_t:     0 | t: 1.000286 | r:  -258.000000 | e:   1.000000 | Q:        nan | won: False 
#  139 | steps:  1482 | steps_t:     0 | t: 1.005283 | r:  -256.000000 | e:   1.000000 | Q:        nan | won: False 
#  140 | steps:  1489 | steps_t:     0 | t: 1.009287 | r:  -256.000000 | e:   1.000000 | Q:        nan | won: False 
#  141 | steps:  1498 | steps_t:     0 | t: 1.015265 | r:  -258.000000 | e:   1.000000 | Q:        nan | won: False 
#  142 | steps:  1506 | steps_t:     0 | t: 1.021260 | r:  -257.000000 | e:   1.000000 | Q:        nan | won: False 
#  143 | steps:  1512 | steps_t:     0 | t: 1.025258 | r:  -255.000000 | e:   1.000000 | Q:        nan | won: False 
#  144 | steps:  1529 | steps_t:     0 | t: 1.036251 | r:  -266.000000 | e:   1.000000 | Q:        nan | won: False 
#  145 | steps:  1541 | steps_t:     0 | t: 1.044134 | r:  -261.000000 | e:   1.000000 | Q:        nan | won: False 
#  146 | steps:  1551 | steps_t:     0 | t: 1.051125 | r:  -259.000000 | e:   1.000000 | Q:        nan | won: False 
#  147 | steps:  1559 | steps_t:     0 | t: 1.056122 | r:  -257.000000 | e:   1.000000 | Q:        nan | won: False 
#  148 | steps:  1567 | steps_t:     0 | t: 1.061107 | r:  -257.000000 | e:   1.000000 | Q:        nan | won: False 
#  149 | steps:  1575 | steps_t:     0 | t: 1.066117 | r:  -257.000000 | e:   1.000000 | Q:        nan | won: False 
#  150 | steps:  1587 | steps_t:     0 | t: 1.072113 | r:  -261.000000 | e:   1.000000 | Q:        nan | won: False 
#  151 | steps:  1594 | steps_t:     0 | t: 1.078106 | r:  -256.000000 | e:   1.000000 | Q:        nan | won: False 
#  152 | steps:  1606 | steps_t:     0 | t: 1.084103 | r:  -261.000000 | e:   1.000000 | Q:        nan | won: False 
#  153 | steps:  1616 | steps_t:     0 | t: 1.090103 | r:  -259.000000 | e:   1.000000 | Q:        nan | won: False 
#  154 | steps:  1637 | steps_t:     0 | t: 1.102096 | r:  -270.000000 | e:   1.000000 | Q:        nan | won: False 
#  155 | steps:  1669 | steps_t:     0 | t: 1.119086 | r:  -281.000000 | e:   1.000000 | Q:        nan | won: False 
#  156 | steps:  1679 | steps_t:     0 | t: 1.126087 | r:  -259.000000 | e:   1.000000 | Q:        nan | won: False 
#  157 | steps:  1685 | steps_t:     0 | t: 1.130080 | r:  -255.000000 | e:   1.000000 | Q:        nan | won: False 
#  158 | steps:  1690 | steps_t:     0 | t: 1.133078 | r:  -254.000000 | e:   1.000000 | Q:        nan | won: False 
#  159 | steps:  1700 | steps_t:     0 | t: 1.138075 | r:  -259.000000 | e:   1.000000 | Q:        nan | won: False 
#  160 | steps:  1711 | steps_t:     0 | t: 1.146071 | r:  -260.000000 | e:   1.000000 | Q:        nan | won: False 
#  161 | steps:  1720 | steps_t:     0 | t: 1.151067 | r:  -258.000000 | e:   1.000000 | Q:        nan | won: False 
#  162 | steps:  1738 | steps_t:     0 | t: 1.162061 | r:  -267.000000 | e:   1.000000 | Q:        nan | won: False 
#  163 | steps:  1747 | steps_t:     0 | t: 1.167059 | r:  -258.000000 | e:   1.000000 | Q:        nan | won: False 
#  164 | steps:  1761 | steps_t:     0 | t: 1.174055 | r:  -263.000000 | e:   1.000000 | Q:        nan | won: False 
#  165 | steps:  1769 | steps_t:     0 | t: 1.181052 | r:  -257.000000 | e:   1.000000 | Q:        nan | won: False 
#  166 | steps:  1776 | steps_t:     0 | t: 1.185048 | r:  -256.000000 | e:   1.000000 | Q:        nan | won: False 
#  167 | steps:  1788 | steps_t:     0 | t: 1.193043 | r:  -261.000000 | e:   1.000000 | Q:        nan | won: False 
#  168 | steps:  1797 | steps_t:     0 | t: 1.198046 | r:  -258.000000 | e:   1.000000 | Q:        nan | won: False 
#  169 | steps:  1805 | steps_t:     0 | t: 1.203044 | r:  -257.000000 | e:   1.000000 | Q:        nan | won: False 
#  170 | steps:  1814 | steps_t:     0 | t: 1.209064 | r:  -258.000000 | e:   1.000000 | Q:        nan | won: False 
#  171 | steps:  1824 | steps_t:     0 | t: 1.215037 | r:  -259.000000 | e:   1.000000 | Q:        nan | won: False 
#  172 | steps:  1842 | steps_t:     0 | t: 1.225034 | r:  -267.000000 | e:   1.000000 | Q:        nan | won: False 
#  173 | steps:  1851 | steps_t:     0 | t: 1.233009 | r:  -258.000000 | e:   1.000000 | Q:        nan | won: False 
#  174 | steps:  1857 | steps_t:     0 | t: 1.236261 | r:  -255.000000 | e:   1.000000 | Q:        nan | won: False 
#  175 | steps:  1874 | steps_t:     0 | t: 1.246243 | r:  -266.000000 | e:   1.000000 | Q:        nan | won: False 
#  176 | steps:  1882 | steps_t:     0 | t: 1.250240 | r:  -257.000000 | e:   1.000000 | Q:        nan | won: False 
#  177 | steps:  1895 | steps_t:     0 | t: 1.258237 | r:  -262.000000 | e:   1.000000 | Q:        nan | won: False 
#  178 | steps:  1903 | steps_t:     0 | t: 1.264232 | r:  -257.000000 | e:   1.000000 | Q:        nan | won: False 
#  179 | steps:  1912 | steps_t:     0 | t: 1.269229 | r:  -258.000000 | e:   1.000000 | Q:        nan | won: False 
#  180 | steps:  1921 | steps_t:     0 | t: 1.275227 | r:  -258.000000 | e:   1.000000 | Q:        nan | won: False 
#  181 | steps:  1932 | steps_t:     0 | t: 1.283221 | r:  -260.000000 | e:   1.000000 | Q:        nan | won: False 
#  182 | steps:  1943 | steps_t:     0 | t: 1.289218 | r:  -260.000000 | e:   1.000000 | Q:        nan | won: False 
#  183 | steps:  1954 | steps_t:     0 | t: 1.296813 | r:  -260.000000 | e:   1.000000 | Q:        nan | won: False 
#  184 | steps:  1961 | steps_t:     0 | t: 1.300813 | r:  -256.000000 | e:   1.000000 | Q:        nan | won: False 
#  185 | steps:  1976 | steps_t:     0 | t: 1.309797 | r:  -243.000000 | e:   1.000000 | Q:        nan | won: False 
#  186 | steps:  1986 | steps_t:     0 | t: 1.315805 | r:  -259.000000 | e:   1.000000 | Q:        nan | won: False 
#  187 | steps:  1994 | steps_t:     0 | t: 1.319803 | r:  -257.000000 | e:   1.000000 | Q:        nan | won: False 
#  188 | steps:  2001 | steps_t:     0 | t: 1.325010 | r:  -256.000000 | e:   1.000000 | Q:        nan | won: False 
#  189 | steps:  2011 | steps_t:     0 | t: 1.333022 | r:  -259.000000 | e:   1.000000 | Q:        nan | won: False 
#  190 | steps:  2029 | steps_t:     0 | t: 1.343019 | r:  -267.000000 | e:   1.000000 | Q:        nan | won: False 
#  191 | steps:  2039 | steps_t:     0 | t: 1.350007 | r:  -259.000000 | e:   1.000000 | Q:        nan | won: False 
#  192 | steps:  2049 | steps_t:     0 | t: 1.356004 | r:  -259.000000 | e:   1.000000 | Q:        nan | won: False 
#  193 | steps:  2056 | steps_t:     0 | t: 1.361001 | r:  -256.000000 | e:   1.000000 | Q:        nan | won: False 
#  194 | steps:  2066 | steps_t:     0 | t: 1.366998 | r:  -259.000000 | e:   1.000000 | Q:        nan | won: False 
#  195 | steps:  2077 | steps_t:     0 | t: 1.372994 | r:  -260.000000 | e:   1.000000 | Q:        nan | won: False 
#  196 | steps:  2087 | steps_t:     0 | t: 1.378992 | r:  -259.000000 | e:   1.000000 | Q:        nan | won: False 
#  197 | steps:  2095 | steps_t:     0 | t: 1.383988 | r:  -257.000000 | e:   1.000000 | Q:        nan | won: False 
#  198 | steps:  2108 | steps_t:     0 | t: 1.390984 | r:  -262.000000 | e:   1.000000 | Q:        nan | won: False 
#  199 | steps:  2121 | steps_t:     0 | t: 1.399979 | r:  -262.000000 | e:   1.000000 | Q:        nan | won: False 
#  200 | steps:  2127 | steps_t:     0 | t: 1.403977 | r:  -255.000000 | e:   1.000000 | Q:        nan | won: False 
#  201 | steps:  2147 | steps_t:     0 | t: 1.414970 | r:  -248.000000 | e:   1.000000 | Q:        nan | won: False 
#  202 | steps:  2167 | steps_t:     0 | t: 1.426965 | r:  -269.000000 | e:   1.000000 | Q:        nan | won: False 
#  203 | steps:  2180 | steps_t:     0 | t: 1.433960 | r:  -262.000000 | e:   1.000000 | Q:        nan | won: False 
#  204 | steps:  2192 | steps_t:     0 | t: 1.441962 | r:  -261.000000 | e:   1.000000 | Q:        nan | won: False 
#  205 | steps:  2200 | steps_t:     0 | t: 1.446957 | r:  -257.000000 | e:   1.000000 | Q:        nan | won: False 
#  206 | steps:  2207 | steps_t:     0 | t: 1.450955 | r:  -256.000000 | e:   1.000000 | Q:        nan | won: False 
#  207 | steps:  2215 | steps_t:     0 | t: 1.455951 | r:  -257.000000 | e:   1.000000 | Q:        nan | won: False 
#  208 | steps:  2226 | steps_t:     0 | t: 1.462943 | r:  -260.000000 | e:   1.000000 | Q:        nan | won: False 
#  209 | steps:  2233 | steps_t:     0 | t: 1.467940 | r:  -256.000000 | e:   1.000000 | Q:        nan | won: False 
#  210 | steps:  2242 | steps_t:     0 | t: 1.473923 | r:  -258.000000 | e:   1.000000 | Q:        nan | won: False 
#  211 | steps:  2249 | steps_t:     0 | t: 1.477921 | r:  -256.000000 | e:   1.000000 | Q:        nan | won: False 
#  212 | steps:  2259 | steps_t:     0 | t: 1.483927 | r:  -259.000000 | e:   1.000000 | Q:        nan | won: False 
#  213 | steps:  2270 | steps_t:     0 | t: 1.489927 | r:  -260.000000 | e:   1.000000 | Q:        nan | won: False 
#  214 | steps:  2280 | steps_t:     0 | t: 1.496924 | r:  -259.000000 | e:   1.000000 | Q:        nan | won: False 
#  215 | steps:  2286 | steps_t:     0 | t: 1.499922 | r:  -255.000000 | e:   1.000000 | Q:        nan | won: False 
#  216 | steps:  2297 | steps_t:     0 | t: 1.505918 | r:  -260.000000 | e:   1.000000 | Q:        nan | won: False 
#  217 | steps:  2307 | steps_t:     0 | t: 1.512914 | r:  -259.000000 | e:   1.000000 | Q:        nan | won: False 
#  218 | steps:  2315 | steps_t:     0 | t: 1.517911 | r:  -257.000000 | e:   1.000000 | Q:        nan | won: False 
#  219 | steps:  2324 | steps_t:     0 | t: 1.522909 | r:  -258.000000 | e:   1.000000 | Q:        nan | won: False 
#  220 | steps:  2332 | steps_t:     0 | t: 1.528905 | r:  -257.000000 | e:   1.000000 | Q:        nan | won: False 
#  221 | steps:  2346 | steps_t:     0 | t: 1.535900 | r:  -263.000000 | e:   1.000000 | Q:        nan | won: False 
#  222 | steps:  2360 | steps_t:     0 | t: 1.543896 | r:  -263.000000 | e:   1.000000 | Q:        nan | won: False 
#  223 | steps:  2369 | steps_t:     0 | t: 1.548893 | r:  -258.000000 | e:   1.000000 | Q:        nan | won: False 
#  224 | steps:  2389 | steps_t:     0 | t: 1.559888 | r:  -269.000000 | e:   1.000000 | Q:        nan | won: False 
#  225 | steps:  2397 | steps_t:     0 | t: 1.564872 | r:  -257.000000 | e:   1.000000 | Q:        nan | won: False 
#  226 | steps:  2407 | steps_t:     0 | t: 1.570884 | r:  -259.000000 | e:   1.000000 | Q:        nan | won: False 
#  227 | steps:  2417 | steps_t:     0 | t: 1.576880 | r:  -259.000000 | e:   1.000000 | Q:        nan | won: False 
#  228 | steps:  2424 | steps_t:     0 | t: 1.581876 | r:  -256.000000 | e:   1.000000 | Q:        nan | won: False 
#  229 | steps:  2431 | steps_t:     0 | t: 1.585872 | r:  -256.000000 | e:   1.000000 | Q:        nan | won: False 
#  230 | steps:  2446 | steps_t:     0 | t: 1.593868 | r:  -264.000000 | e:   1.000000 | Q:        nan | won: False 
#  231 | steps:  2452 | steps_t:     0 | t: 1.599869 | r:  -255.000000 | e:   1.000000 | Q:        nan | won: False 
#  232 | steps:  2461 | steps_t:     0 | t: 1.604862 | r:  -258.000000 | e:   1.000000 | Q:        nan | won: False 
#  233 | steps:  2469 | steps_t:     0 | t: 1.609864 | r:  -257.000000 | e:   1.000000 | Q:        nan | won: False 
#  234 | steps:  2479 | steps_t:     0 | t: 1.615855 | r:  -259.000000 | e:   1.000000 | Q:        nan | won: False 
#  235 | steps:  2485 | steps_t:     0 | t: 1.619853 | r:  -255.000000 | e:   1.000000 | Q:        nan | won: False 
#  236 | steps:  2496 | steps_t:     0 | t: 1.625854 | r:  -260.000000 | e:   1.000000 | Q:        nan | won: False 
#  237 | steps:  2527 | steps_t:     0 | t: 1.642848 | r:  -280.000000 | e:   1.000000 | Q:        nan | won: False 
#  238 | steps:  2538 | steps_t:     0 | t: 1.650835 | r:  -260.000000 | e:   1.000000 | Q:        nan | won: False 
#  239 | steps:  2548 | steps_t:     0 | t: 1.656832 | r:  -259.000000 | e:   1.000000 | Q:        nan | won: False 
#  240 | steps:  2569 | steps_t:     0 | t: 1.668825 | r:  -270.000000 | e:   1.000000 | Q:        nan | won: False 
#  241 | steps:  2588 | steps_t:     0 | t: 1.678819 | r:  -268.000000 | e:   1.000000 | Q:        nan | won: False 
#  242 | steps:  2597 | steps_t:     0 | t: 1.684821 | r:  -258.000000 | e:   1.000000 | Q:        nan | won: False 
#  243 | steps:  2605 | steps_t:     0 | t: 1.689818 | r:  -257.000000 | e:   1.000000 | Q:        nan | won: False 
#  244 | steps:  2610 | steps_t:     0 | t: 1.694810 | r:  -254.000000 | e:   1.000000 | Q:        nan | won: False 
#  245 | steps:  2618 | steps_t:     0 | t: 1.699807 | r:  -257.000000 | e:   1.000000 | Q:        nan | won: False 
#  246 | steps:  2627 | steps_t:     0 | t: 1.704804 | r:  -258.000000 | e:   1.000000 | Q:        nan | won: False 
#  247 | steps:  2638 | steps_t:     0 | t: 1.711800 | r:  -260.000000 | e:   1.000000 | Q:        nan | won: False 
#  248 | steps:  2660 | steps_t:     0 | t: 1.723793 | r:  -271.000000 | e:   1.000000 | Q:        nan | won: False 
#  249 | steps:  2672 | steps_t:     0 | t: 1.732788 | r:  -261.000000 | e:   1.000000 | Q:        nan | won: False 
#  250 | steps:  2679 | steps_t:     0 | t: 1.736786 | r:  -256.000000 | e:   1.000000 | Q:        nan | won: False 
#  251 | steps:  2687 | steps_t:     0 | t: 1.742782 | r:  -257.000000 | e:   1.000000 | Q:        nan | won: False 
#  252 | steps:  2700 | steps_t:     0 | t: 1.749778 | r:  -262.000000 | e:   1.000000 | Q:        nan | won: False 
#  253 | steps:  2708 | steps_t:     0 | t: 1.753776 | r:  -257.000000 | e:   1.000000 | Q:        nan | won: False 
#  254 | steps:  2715 | steps_t:     0 | t: 1.758763 | r:  -256.000000 | e:   1.000000 | Q:        nan | won: False 
#  255 | steps:  2734 | steps_t:     0 | t: 1.769767 | r:  -268.000000 | e:   1.000000 | Q:        nan | won: False 
#  256 | steps:  2745 | steps_t:     0 | t: 1.776762 | r:  -260.000000 | e:   1.000000 | Q:        nan | won: False 
#  257 | steps:  2764 | steps_t:     0 | t: 1.788761 | r:  -268.000000 | e:   1.000000 | Q:        nan | won: False 
#  258 | steps:  2772 | steps_t:     0 | t: 1.793741 | r:  -257.000000 | e:   1.000000 | Q:        nan | won: False 
#  259 | steps:  2782 | steps_t:     0 | t: 1.801749 | r:  -259.000000 | e:   1.000000 | Q:        nan | won: False 
#  260 | steps:  2792 | steps_t:     0 | t: 1.807731 | r:  -259.000000 | e:   1.000000 | Q:        nan | won: False 
#  261 | steps:  2813 | steps_t:     0 | t: 1.819724 | r:  -270.000000 | e:   1.000000 | Q:        nan | won: False 
#  262 | steps:  2823 | steps_t:     0 | t: 1.825721 | r:  -259.000000 | e:   1.000000 | Q:        nan | won: False 
#  263 | steps:  2832 | steps_t:     0 | t: 1.830737 | r:  -258.000000 | e:   1.000000 | Q:        nan | won: False 
#  264 | steps:  2840 | steps_t:     0 | t: 1.835734 | r:  -257.000000 | e:   1.000000 | Q:        nan | won: False 
#  265 | steps:  2847 | steps_t:     0 | t: 1.839732 | r:  -256.000000 | e:   1.000000 | Q:        nan | won: False 
#  266 | steps:  2853 | steps_t:     0 | t: 1.843726 | r:  -255.000000 | e:   1.000000 | Q:        nan | won: False 
#  267 | steps:  2865 | steps_t:     0 | t: 1.850725 | r:  -261.000000 | e:   1.000000 | Q:        nan | won: False 
#  268 | steps:  2875 | steps_t:     0 | t: 1.855722 | r:  -259.000000 | e:   1.000000 | Q:        nan | won: False 
#  269 | steps:  2885 | steps_t:     0 | t: 1.862719 | r:  -259.000000 | e:   1.000000 | Q:        nan | won: False 
#  270 | steps:  2906 | steps_t:     0 | t: 1.873707 | r:  -249.000000 | e:   1.000000 | Q:        nan | won: False 
#  271 | steps:  2912 | steps_t:     0 | t: 1.880708 | r:  -255.000000 | e:   1.000000 | Q:        nan | won: False 
#  272 | steps:  2922 | steps_t:     0 | t: 1.885700 | r:  -259.000000 | e:   1.000000 | Q:        nan | won: False 
#  273 | steps:  2930 | steps_t:     0 | t: 1.890684 | r:  -257.000000 | e:   1.000000 | Q:        nan | won: False 
#  274 | steps:  2949 | steps_t:     0 | t: 1.901677 | r:  -268.000000 | e:   1.000000 | Q:        nan | won: False 
#  275 | steps:  2954 | steps_t:     0 | t: 1.905689 | r:  -254.000000 | e:   1.000000 | Q:        nan | won: False 
#  276 | steps:  2967 | steps_t:     0 | t: 1.914684 | r:  -262.000000 | e:   1.000000 | Q:        nan | won: False 
#  277 | steps:  2975 | steps_t:     0 | t: 1.918689 | r:  -257.000000 | e:   1.000000 | Q:        nan | won: False 
#  278 | steps:  2998 | steps_t:     0 | t: 1.931676 | r:  -272.000000 | e:   1.000000 | Q:        nan | won: False 
#  279 | steps:  3004 | steps_t:     0 | t: 1.936676 | r:  -255.000000 | e:   1.000000 | Q:        nan | won: False 
#  280 | steps:  3018 | steps_t:     0 | t: 1.944667 | r:  -263.000000 | e:   1.000000 | Q:        nan | won: False 
#  281 | steps:  3027 | steps_t:     0 | t: 1.949664 | r:  -258.000000 | e:   1.000000 | Q:        nan | won: False 
#  282 | steps:  3035 | steps_t:     0 | t: 1.953662 | r:  -257.000000 | e:   1.000000 | Q:        nan | won: False 
#  283 | steps:  3043 | steps_t:     0 | t: 1.958662 | r:  -257.000000 | e:   1.000000 | Q:        nan | won: False 
#  284 | steps:  3057 | steps_t:     0 | t: 1.967659 | r:  -263.000000 | e:   1.000000 | Q:        nan | won: False 
#  285 | steps:  3063 | steps_t:     0 | t: 1.970657 | r:  -255.000000 | e:   1.000000 | Q:        nan | won: False 
#  286 | steps:  3070 | steps_t:     0 | t: 1.976649 | r:  -256.000000 | e:   1.000000 | Q:        nan | won: False 
#  287 | steps:  3080 | steps_t:     0 | t: 1.984644 | r:  -259.000000 | e:   1.000000 | Q:        nan | won: False 
#  288 | steps:  3109 | steps_t:     0 | t: 1.999635 | r:  -278.000000 | e:   1.000000 | Q:        nan | won: False 
#  289 | steps:  3114 | steps_t:     0 | t: 2.003639 | r:  -254.000000 | e:   1.000000 | Q:        nan | won: False 
#  290 | steps:  3128 | steps_t:     0 | t: 2.011628 | r:  -242.000000 | e:   1.000000 | Q:        nan | won: False 
#  291 | steps:  3134 | steps_t:     0 | t: 2.015626 | r:  -255.000000 | e:   1.000000 | Q:        nan | won: False 
#  292 | steps:  3143 | steps_t:     0 | t: 2.020623 | r:  -258.000000 | e:   1.000000 | Q:        nan | won: False 
#  293 | steps:  3149 | steps_t:     0 | t: 2.024613 | r:  -255.000000 | e:   1.000000 | Q:        nan | won: False 
#  294 | steps:  3158 | steps_t:     0 | t: 2.029618 | r:  -258.000000 | e:   1.000000 | Q:        nan | won: False 
#  295 | steps:  3167 | steps_t:     0 | t: 2.035614 | r:  -258.000000 | e:   1.000000 | Q:        nan | won: False 
#  296 | steps:  3175 | steps_t:     0 | t: 2.039613 | r:  -257.000000 | e:   1.000000 | Q:        nan | won: False 
#  297 | steps:  3186 | steps_t:     0 | t: 2.054603 | r:  -260.000000 | e:   1.000000 | Q:        nan | won: False 
#  298 | steps:  3194 | steps_t:     0 | t: 2.061605 | r:  -257.000000 | e:   1.000000 | Q:        nan | won: False 
#  299 | steps:  3212 | steps_t:     0 | t: 2.070595 | r:  -267.000000 | e:   1.000000 | Q:        nan | won: False 
#  300 | steps:  3230 | steps_t:     0 | t: 2.082587 | r:  -246.000000 | e:   1.000000 | Q:        nan | won: False 
#  301 | steps:  3237 | steps_t:     0 | t: 2.086586 | r:  -256.000000 | e:   1.000000 | Q:        nan | won: False 
#  302 | steps:  3247 | steps_t:     0 | t: 2.093571 | r:  -259.000000 | e:   1.000000 | Q:        nan | won: False 
#  303 | steps:  3258 | steps_t:     0 | t: 2.100577 | r:  -260.000000 | e:   1.000000 | Q:        nan | won: False 
#  304 | steps:  3269 | steps_t:     0 | t: 2.106574 | r:  -260.000000 | e:   1.000000 | Q:        nan | won: False 
#  305 | steps:  3290 | steps_t:     0 | t: 2.119553 | r:  -270.000000 | e:   1.000000 | Q:        nan | won: False 
#  306 | steps:  3298 | steps_t:     0 | t: 2.128549 | r:  -257.000000 | e:   1.000000 | Q:        nan | won: False 
#  307 | steps:  3306 | steps_t:     0 | t: 2.135546 | r:  -257.000000 | e:   1.000000 | Q:        nan | won: False 
#  308 | steps:  3314 | steps_t:     0 | t: 2.145557 | r:  -257.000000 | e:   1.000000 | Q:        nan | won: False 
#  309 | steps:  3331 | steps_t:     0 | t: 2.153552 | r:  -266.000000 | e:   1.000000 | Q:        nan | won: False 
#  310 | steps:  3342 | steps_t:     0 | t: 2.161547 | r:  -260.000000 | e:   1.000000 | Q:        nan | won: False 
#  311 | steps:  3358 | steps_t:     0 | t: 2.169538 | r:  -265.000000 | e:   1.000000 | Q:        nan | won: False 
#  312 | steps:  3367 | steps_t:     0 | t: 2.175538 | r:  -258.000000 | e:   1.000000 | Q:        nan | won: False 
#  313 | steps:  3374 | steps_t:     0 | t: 2.181517 | r:  -256.000000 | e:   1.000000 | Q:        nan | won: False 
#  314 | steps:  3385 | steps_t:     0 | t: 2.189512 | r:  -260.000000 | e:   1.000000 | Q:        nan | won: False 
#  315 | steps:  3392 | steps_t:     0 | t: 2.196509 | r:  -256.000000 | e:   1.000000 | Q:        nan | won: False 
#  316 | steps:  3398 | steps_t:     0 | t: 2.199526 | r:  -255.000000 | e:   1.000000 | Q:        nan | won: False 
#  317 | steps:  3404 | steps_t:     0 | t: 2.203523 | r:  -255.000000 | e:   1.000000 | Q:        nan | won: False 
#  318 | steps:  3416 | steps_t:     0 | t: 2.210520 | r:  -261.000000 | e:   1.000000 | Q:        nan | won: False 
#  319 | steps:  3424 | steps_t:     0 | t: 2.214517 | r:  -257.000000 | e:   1.000000 | Q:        nan | won: False 
#  320 | steps:  3434 | steps_t:     0 | t: 2.220514 | r:  -259.000000 | e:   1.000000 | Q:        nan | won: False 
#  321 | steps:  3441 | steps_t:     0 | t: 2.224498 | r:  -256.000000 | e:   1.000000 | Q:        nan | won: False 
#  322 | steps:  3448 | steps_t:     0 | t: 2.231503 | r:  -256.000000 | e:   1.000000 | Q:        nan | won: False 
#  323 | steps:  3467 | steps_t:     0 | t: 2.242497 | r:  -268.000000 | e:   1.000000 | Q:        nan | won: False 
#  324 | steps:  3479 | steps_t:     0 | t: 2.249496 | r:  -261.000000 | e:   1.000000 | Q:        nan | won: False 
#  325 | steps:  3491 | steps_t:     0 | t: 2.256474 | r:  -261.000000 | e:   1.000000 | Q:        nan | won: False 
#  326 | steps:  3504 | steps_t:     0 | t: 2.265469 | r:  -262.000000 | e:   1.000000 | Q:        nan | won: False 
#  327 | steps:  3512 | steps_t:     0 | t: 2.269467 | r:  -257.000000 | e:   1.000000 | Q:        nan | won: False 
#  328 | steps:  3519 | steps_t:     0 | t: 2.274464 | r:  -256.000000 | e:   1.000000 | Q:        nan | won: False 
#  329 | steps:  3532 | steps_t:     0 | t: 2.282459 | r:  -262.000000 | e:   1.000000 | Q:        nan | won: False 
#  330 | steps:  3548 | steps_t:     0 | t: 2.291454 | r:  -265.000000 | e:   1.000000 | Q:        nan | won: False 
#  331 | steps:  3569 | steps_t:     0 | t: 2.304446 | r:  -270.000000 | e:   1.000000 | Q:        nan | won: False 
#  332 | steps:  3577 | steps_t:     0 | t: 2.311443 | r:  -257.000000 | e:   1.000000 | Q:        nan | won: False 
#  333 | steps:  3594 | steps_t:     0 | t: 2.320437 | r:  -245.000000 | e:   1.000000 | Q:        nan | won: False 
#  334 | steps:  3602 | steps_t:     0 | t: 2.327434 | r:  -257.000000 | e:   1.000000 | Q:        nan | won: False 
#  335 | steps:  3620 | steps_t:     0 | t: 2.337427 | r:  -267.000000 | e:   1.000000 | Q:        nan | won: False 
#  336 | steps:  3630 | steps_t:     0 | t: 2.344424 | r:  -259.000000 | e:   1.000000 | Q:        nan | won: False 
#  337 | steps:  3648 | steps_t:     0 | t: 2.357421 | r:  -267.000000 | e:   1.000000 | Q:        nan | won: False 
#  338 | steps:  3655 | steps_t:     0 | t: 2.364413 | r:  -256.000000 | e:   1.000000 | Q:        nan | won: False 
#  339 | steps:  3665 | steps_t:     0 | t: 2.371408 | r:  -259.000000 | e:   1.000000 | Q:        nan | won: False 
#  340 | steps:  3676 | steps_t:     0 | t: 2.381404 | r:  -260.000000 | e:   1.000000 | Q:        nan | won: False 
#  341 | steps:  3683 | steps_t:     0 | t: 2.385400 | r:  -256.000000 | e:   1.000000 | Q:        nan | won: False 
#  342 | steps:  3690 | steps_t:     0 | t: 2.389399 | r:  -256.000000 | e:   1.000000 | Q:        nan | won: False 
#  343 | steps:  3697 | steps_t:     0 | t: 2.398394 | r:  -256.000000 | e:   1.000000 | Q:        nan | won: False 
#  344 | steps:  3711 | steps_t:     0 | t: 2.409393 | r:  -263.000000 | e:   1.000000 | Q:        nan | won: False 
#  345 | steps:  3723 | steps_t:     0 | t: 2.418382 | r:  -261.000000 | e:   1.000000 | Q:        nan | won: False 
#  346 | steps:  3745 | steps_t:     0 | t: 2.455361 | r:  -271.000000 | e:   1.000000 | Q:        nan | won: False 
#  347 | steps:  3753 | steps_t:     0 | t: 2.469353 | r:  -257.000000 | e:   1.000000 | Q:        nan | won: False 
#  348 | steps:  3763 | steps_t:     0 | t: 2.476349 | r:  -259.000000 | e:   1.000000 | Q:        nan | won: False 
#  349 | steps:  3773 | steps_t:     0 | t: 2.485343 | r:  -259.000000 | e:   1.000000 | Q:        nan | won: False 
#  350 | steps:  3780 | steps_t:     0 | t: 2.493339 | r:  -256.000000 | e:   1.000000 | Q:        nan | won: False 
#  351 | steps:  3787 | steps_t:     0 | t: 2.499335 | r:  -256.000000 | e:   1.000000 | Q:        nan | won: False 
#  352 | steps:  3802 | steps_t:     0 | t: 2.518325 | r:  -243.000000 | e:   1.000000 | Q:        nan | won: False 
#  353 | steps:  3810 | steps_t:     0 | t: 2.523323 | r:  -257.000000 | e:   1.000000 | Q:        nan | won: False 
#  354 | steps:  3822 | steps_t:     0 | t: 2.532316 | r:  -261.000000 | e:   1.000000 | Q:        nan | won: False 
#  355 | steps:  3858 | steps_t:     0 | t: 2.579289 | r:  -264.000000 | e:   1.000000 | Q:        nan | won: False 
#  356 | steps:  3870 | steps_t:     0 | t: 2.587285 | r:  -261.000000 | e:   1.000000 | Q:        nan | won: False 
#  357 | steps:  3882 | steps_t:     0 | t: 2.596279 | r:  -261.000000 | e:   1.000000 | Q:        nan | won: False 
#  358 | steps:  3897 | steps_t:     0 | t: 2.604275 | r:  -222.000000 | e:   1.000000 | Q:        nan | won: False 
#  359 | steps:  3905 | steps_t:     0 | t: 2.610272 | r:  -257.000000 | e:   1.000000 | Q:        nan | won: False 
#  360 | steps:  3911 | steps_t:     0 | t: 2.614269 | r:  -255.000000 | e:   1.000000 | Q:        nan | won: False 
#  361 | steps:  3920 | steps_t:     0 | t: 2.619266 | r:  -258.000000 | e:   1.000000 | Q:        nan | won: False 
#  362 | steps:  3930 | steps_t:     0 | t: 2.626263 | r:  -259.000000 | e:   1.000000 | Q:        nan | won: False 
#  363 | steps:  3939 | steps_t:     0 | t: 2.632258 | r:  -258.000000 | e:   1.000000 | Q:        nan | won: False 
#  364 | steps:  3946 | steps_t:     0 | t: 2.636256 | r:  -256.000000 | e:   1.000000 | Q:        nan | won: False 
#  365 | steps:  3953 | steps_t:     0 | t: 2.641253 | r:  -256.000000 | e:   1.000000 | Q:        nan | won: False 
#  366 | steps:  3961 | steps_t:     0 | t: 2.645251 | r:  -257.000000 | e:   1.000000 | Q:        nan | won: False 
#  367 | steps:  3970 | steps_t:     0 | t: 2.651248 | r:  -258.000000 | e:   1.000000 | Q:        nan | won: False 
#  368 | steps:  3979 | steps_t:     0 | t: 2.656246 | r:  -258.000000 | e:   1.000000 | Q:        nan | won: False 
#  369 | steps:  3988 | steps_t:     0 | t: 2.662242 | r:  -258.000000 | e:   1.000000 | Q:        nan | won: False 
#  370 | steps:  4003 | steps_t:     0 | t: 2.671237 | r:  -243.000000 | e:   1.000000 | Q:        nan | won: False 
#  371 | steps:  4010 | steps_t:     0 | t: 2.677233 | r:  -256.000000 | e:   1.000000 | Q:        nan | won: False 
#  372 | steps:  4023 | steps_t:     0 | t: 2.685229 | r:  -262.000000 | e:   1.000000 | Q:        nan | won: False 
#  373 | steps:  4032 | steps_t:     0 | t: 2.694224 | r:  -258.000000 | e:   1.000000 | Q:        nan | won: False 
#  374 | steps:  4042 | steps_t:     0 | t: 2.700220 | r:  -259.000000 | e:   1.000000 | Q:        nan | won: False 
#  375 | steps:  4051 | steps_t:     0 | t: 2.708223 | r:  -258.000000 | e:   1.000000 | Q:        nan | won: False 
#  376 | steps:  4058 | steps_t:     0 | t: 2.720208 | r:  -256.000000 | e:   1.000000 | Q:        nan | won: False 
#  377 | steps:  4064 | steps_t:     0 | t: 2.725206 | r:  -255.000000 | e:   1.000000 | Q:        nan | won: False 
#  378 | steps:  4071 | steps_t:     0 | t: 2.732202 | r:  -256.000000 | e:   1.000000 | Q:        nan | won: False 
#  379 | steps:  4078 | steps_t:     0 | t: 2.736200 | r:  -256.000000 | e:   1.000000 | Q:        nan | won: False 
#  380 | steps:  4099 | steps_t:     0 | t: 2.752191 | r:  -270.000000 | e:   1.000000 | Q:        nan | won: False 
#  381 | steps:  4109 | steps_t:     0 | t: 2.765182 | r:  -259.000000 | e:   1.000000 | Q:        nan | won: False 
#  382 | steps:  4122 | steps_t:     0 | t: 2.772178 | r:  -241.000000 | e:   1.000000 | Q:        nan | won: False 
#  383 | steps:  4141 | steps_t:     0 | t: 2.783172 | r:  -268.000000 | e:   1.000000 | Q:        nan | won: False 
#  384 | steps:  4147 | steps_t:     0 | t: 2.788169 | r:  -255.000000 | e:   1.000000 | Q:        nan | won: False 
#  385 | steps:  4158 | steps_t:     0 | t: 2.796165 | r:  -260.000000 | e:   1.000000 | Q:        nan | won: False 
#  386 | steps:  4177 | steps_t:     0 | t: 2.807163 | r:  -268.000000 | e:   1.000000 | Q:        nan | won: False 
#  387 | steps:  4183 | steps_t:     0 | t: 2.812156 | r:  -255.000000 | e:   1.000000 | Q:        nan | won: False 
#  388 | steps:  4198 | steps_t:     0 | t: 2.819151 | r:  -264.000000 | e:   1.000000 | Q:        nan | won: False 
#  389 | steps:  4208 | steps_t:     0 | t: 2.828147 | r:  -259.000000 | e:   1.000000 | Q:        nan | won: False 
#  390 | steps:  4217 | steps_t:     0 | t: 2.833143 | r:  -258.000000 | e:   1.000000 | Q:        nan | won: False 
#  391 | steps:  4230 | steps_t:     0 | t: 2.841140 | r:  -262.000000 | e:   1.000000 | Q:        nan | won: False 
#  392 | steps:  4235 | steps_t:     0 | t: 2.845137 | r:  -254.000000 | e:   1.000000 | Q:        nan | won: False 
#  393 | steps:  4247 | steps_t:     0 | t: 2.854133 | r:  -261.000000 | e:   1.000000 | Q:        nan | won: False 
#  394 | steps:  4269 | steps_t:     0 | t: 2.867124 | r:  -271.000000 | e:   1.000000 | Q:        nan | won: False 
#  395 | steps:  4276 | steps_t:     0 | t: 2.874122 | r:  -256.000000 | e:   1.000000 | Q:        nan | won: False 
#  396 | steps:  4285 | steps_t:     0 | t: 2.880117 | r:  -258.000000 | e:   1.000000 | Q:        nan | won: False 
#  397 | steps:  4299 | steps_t:     0 | t: 2.889112 | r:  -263.000000 | e:   1.000000 | Q:        nan | won: False 
#  398 | steps:  4308 | steps_t:     0 | t: 2.896108 | r:  -258.000000 | e:   1.000000 | Q:        nan | won: False 
#  399 | steps:  4315 | steps_t:     0 | t: 2.900106 | r:  -256.000000 | e:   1.000000 | Q:        nan | won: False 
#  400 | steps:  4323 | steps_t:     0 | t: 2.905102 | r:  -257.000000 | e:   1.000000 | Q:        nan | won: False 
#  401 | steps:  4333 | steps_t:     0 | t: 2.911113 | r:  -259.000000 | e:   1.000000 | Q:        nan | won: False 
#  402 | steps:  4352 | steps_t:     0 | t: 2.922107 | r:  -268.000000 | e:   1.000000 | Q:        nan | won: False 
#  403 | steps:  4368 | steps_t:     0 | t: 2.930102 | r:  -265.000000 | e:   1.000000 | Q:        nan | won: False 
#  404 | steps:  4376 | steps_t:     0 | t: 2.935099 | r:  -257.000000 | e:   1.000000 | Q:        nan | won: False 
#  405 | steps:  4384 | steps_t:     0 | t: 2.940083 | r:  -257.000000 | e:   1.000000 | Q:        nan | won: False 
#  406 | steps:  4404 | steps_t:     0 | t: 2.950096 | r:  -269.000000 | e:   1.000000 | Q:        nan | won: False 
#  407 | steps:  4416 | steps_t:     0 | t: 2.957075 | r:  -261.000000 | e:   1.000000 | Q:        nan | won: False 
#  408 | steps:  4423 | steps_t:     0 | t: 2.962070 | r:  -256.000000 | e:   1.000000 | Q:        nan | won: False 
#  409 | steps:  4442 | steps_t:     0 | t: 2.974087 | r:  -268.000000 | e:   1.000000 | Q:        nan | won: False 
#  410 | steps:  4461 | steps_t:     0 | t: 2.984071 | r:  -268.000000 | e:   1.000000 | Q:        nan | won: False 
#  411 | steps:  4478 | steps_t:     0 | t: 2.994065 | r:  -266.000000 | e:   1.000000 | Q:        nan | won: False 
#  412 | steps:  4485 | steps_t:     0 | t: 2.998063 | r:  -256.000000 | e:   1.000000 | Q:        nan | won: False 
#  413 | steps:  4491 | steps_t:     0 | t: 3.002061 | r:  -255.000000 | e:   1.000000 | Q:        nan | won: False 
#  414 | steps:  4500 | steps_t:     0 | t: 3.007057 | r:  -258.000000 | e:   1.000000 | Q:        nan | won: False 
#  415 | steps:  4509 | steps_t:     0 | t: 3.013054 | r:  -258.000000 | e:   1.000000 | Q:        nan | won: False 
#  416 | steps:  4516 | steps_t:     0 | t: 3.017052 | r:  -256.000000 | e:   1.000000 | Q:        nan | won: False 
#  417 | steps:  4536 | steps_t:     0 | t: 3.028046 | r:  -269.000000 | e:   1.000000 | Q:        nan | won: False 
#  418 | steps:  4547 | steps_t:     0 | t: 3.035042 | r:  -260.000000 | e:   1.000000 | Q:        nan | won: False 
#  419 | steps:  4557 | steps_t:     0 | t: 3.041038 | r:  -259.000000 | e:   1.000000 | Q:        nan | won: False 
#  420 | steps:  4564 | steps_t:     0 | t: 3.045036 | r:  -256.000000 | e:   1.000000 | Q:        nan | won: False 
#  421 | steps:  4573 | steps_t:     0 | t: 3.050033 | r:  -258.000000 | e:   1.000000 | Q:        nan | won: False 
#  422 | steps:  4582 | steps_t:     0 | t: 3.055030 | r:  -258.000000 | e:   1.000000 | Q:        nan | won: False 
#  423 | steps:  4590 | steps_t:     0 | t: 3.060027 | r:  -257.000000 | e:   1.000000 | Q:        nan | won: False 
#  424 | steps:  4598 | steps_t:     0 | t: 3.064025 | r:  -257.000000 | e:   1.000000 | Q:        nan | won: False 
#  425 | steps:  4606 | steps_t:     0 | t: 3.069022 | r:  -257.000000 | e:   1.000000 | Q:        nan | won: False 
#  426 | steps:  4617 | steps_t:     0 | t: 3.075007 | r:  -260.000000 | e:   1.000000 | Q:        nan | won: False 
#  427 | steps:  4622 | steps_t:     0 | t: 3.082001 | r:  -254.000000 | e:   1.000000 | Q:        nan | won: False 
#  428 | steps:  4639 | steps_t:     0 | t: 3.092997 | r:  -266.000000 | e:   1.000000 | Q:        nan | won: False 
#  429 | steps:  4645 | steps_t:     0 | t: 3.096994 | r:  -255.000000 | e:   1.000000 | Q:        nan | won: False 
#  430 | steps:  4653 | steps_t:     0 | t: 3.101990 | r:  -257.000000 | e:   1.000000 | Q:        nan | won: False 
#  431 | steps:  4668 | steps_t:     0 | t: 3.113982 | r:  -264.000000 | e:   1.000000 | Q:        nan | won: False 
#  432 | steps:  4686 | steps_t:     0 | t: 3.128974 | r:  -267.000000 | e:   1.000000 | Q:        nan | won: False 
#  433 | steps:  4700 | steps_t:     0 | t: 3.139968 | r:  -242.000000 | e:   1.000000 | Q:        nan | won: False 
#  434 | steps:  4717 | steps_t:     0 | t: 3.149962 | r:  -266.000000 | e:   1.000000 | Q:        nan | won: False 
#  435 | steps:  4724 | steps_t:     0 | t: 3.153959 | r:  -256.000000 | e:   1.000000 | Q:        nan | won: False 
#  436 | steps:  4731 | steps_t:     0 | t: 3.158959 | r:  -256.000000 | e:   1.000000 | Q:        nan | won: False 
#  437 | steps:  4739 | steps_t:     0 | t: 3.163954 | r:  -257.000000 | e:   1.000000 | Q:        nan | won: False 
#  438 | steps:  4751 | steps_t:     0 | t: 3.169951 | r:  -261.000000 | e:   1.000000 | Q:        nan | won: False 
#  439 | steps:  4758 | steps_t:     0 | t: 3.174948 | r:  -256.000000 | e:   1.000000 | Q:        nan | won: False 
#  440 | steps:  4768 | steps_t:     0 | t: 3.182943 | r:  -259.000000 | e:   1.000000 | Q:        nan | won: False 
#  441 | steps:  4789 | steps_t:     0 | t: 3.193937 | r:  -270.000000 | e:   1.000000 | Q:        nan | won: False 
#  442 | steps:  4797 | steps_t:     0 | t: 3.198934 | r:  -257.000000 | e:   1.000000 | Q:        nan | won: False 
#  443 | steps:  4814 | steps_t:     0 | t: 3.208928 | r:  -266.000000 | e:   1.000000 | Q:        nan | won: False 
#  444 | steps:  4824 | steps_t:     0 | t: 3.213925 | r:  -259.000000 | e:   1.000000 | Q:        nan | won: False 
#  445 | steps:  4843 | steps_t:     0 | t: 3.224919 | r:  -268.000000 | e:   1.000000 | Q:        nan | won: False 
#  446 | steps:  4854 | steps_t:     0 | t: 3.235914 | r:  -260.000000 | e:   1.000000 | Q:        nan | won: False 
#  447 | steps:  4872 | steps_t:     0 | t: 3.246906 | r:  -267.000000 | e:   1.000000 | Q:        nan | won: False 
#  448 | steps:  4889 | steps_t:     0 | t: 3.258901 | r:  -266.000000 | e:   1.000000 | Q:        nan | won: False 
#  449 | steps:  4901 | steps_t:     0 | t: 3.266895 | r:  -261.000000 | e:   1.000000 | Q:        nan | won: False 
#  450 | steps:  4908 | steps_t:     0 | t: 3.270892 | r:  -256.000000 | e:   1.000000 | Q:        nan | won: False 
#  451 | steps:  4916 | steps_t:     0 | t: 3.276889 | r:  -257.000000 | e:   1.000000 | Q:        nan | won: False 
#  452 | steps:  4926 | steps_t:     0 | t: 3.282886 | r:  -259.000000 | e:   1.000000 | Q:        nan | won: False 
#  453 | steps:  4936 | steps_t:     0 | t: 3.289883 | r:  -259.000000 | e:   1.000000 | Q:        nan | won: False 
#  454 | steps:  4944 | steps_t:     0 | t: 3.296878 | r:  -257.000000 | e:   1.000000 | Q:        nan | won: False 
#  455 | steps:  4951 | steps_t:     0 | t: 3.301875 | r:  -256.000000 | e:   1.000000 | Q:        nan | won: False 
#  456 | steps:  4959 | steps_t:     0 | t: 3.307872 | r:  -257.000000 | e:   1.000000 | Q:        nan | won: False 
#  457 | steps:  4968 | steps_t:     0 | t: 3.312868 | r:  -258.000000 | e:   1.000000 | Q:        nan | won: False 
#  458 | steps:  4979 | steps_t:     0 | t: 3.318865 | r:  -260.000000 | e:   1.000000 | Q:        nan | won: False 
#  459 | steps:  4997 | steps_t:     0 | t: 3.329859 | r:  -267.000000 | e:   1.000000 | Q:        nan | won: False 
#  460 | steps:  5014 | steps_t:    13 | t: 3.581715 | r:  -266.000000 | e:   0.998700 | Q:        nan | won: False 
#  461 | steps:  5023 | steps_t:    21 | t: 3.660669 | r:  -258.000000 | e:   0.997900 | Q:        nan | won: False 
#  462 | steps:  5033 | steps_t:    30 | t: 3.745621 | r:  -259.000000 | e:   0.997000 | Q:        nan | won: False 
#  463 | steps:  5045 | steps_t:    41 | t: 3.848562 | r:  -261.000000 | e:   0.995900 | Q:        nan | won: False 
#  464 | steps:  5058 | steps_t:    53 | t: 3.956500 | r:  -262.000000 | e:   0.994700 | Q:        nan | won: False 
#  465 | steps:  5068 | steps_t:    62 | t: 4.037455 | r:  -259.000000 | e:   0.993800 | Q:        nan | won: False 
#  466 | steps:  5077 | steps_t:    70 | t: 4.112410 | r:  -258.000000 | e:   0.993000 | Q:        nan | won: False 
#  467 | steps:  5084 | steps_t:    76 | t: 4.170378 | r:  -256.000000 | e:   0.992400 | Q:        nan | won: False 
#  468 | steps:  5096 | steps_t:    87 | t: 4.262325 | r:  -261.000000 | e:   0.991300 | Q:        nan | won: False 
#  469 | steps:  5110 | steps_t:   100 | t: 4.366265 | r:  -263.000000 | e:   0.990000 | Q:        nan | won: False 
#  470 | steps:  5119 | steps_t:   108 | t: 4.431228 | r:  -258.000000 | e:   0.989200 | Q: -150.942749 | won: False 
#  471 | steps:  5126 | steps_t:   114 | t: 4.481199 | r:  -256.000000 | e:   0.988600 | Q:        nan | won: False 
#  472 | steps:  5141 | steps_t:   128 | t: 4.592137 | r:  -264.000000 | e:   0.987200 | Q: -159.831116 | won: False 
#  473 | steps:  5152 | steps_t:   138 | t: 4.670092 | r:  -260.000000 | e:   0.986200 | Q:        nan | won: False 
#  474 | steps:  5171 | steps_t:   156 | t: 4.810010 | r:  -268.000000 | e:   0.984400 | Q:        nan | won: False 
#  475 | steps:  5179 | steps_t:   163 | t: 4.865979 | r:  -257.000000 | e:   0.983700 | Q:        nan | won: False 
#  476 | steps:  5192 | steps_t:   175 | t: 4.959925 | r:  -262.000000 | e:   0.982500 | Q:        nan | won: False 
#  477 | steps:  5201 | steps_t:   183 | t: 5.023888 | r:  -258.000000 | e:   0.981700 | Q:        nan | won: False 
#  478 | steps:  5215 | steps_t:   196 | t: 5.126829 | r:  -242.000000 | e:   0.980400 | Q: -156.819595 | won: False 
#  479 | steps:  5235 | steps_t:   215 | t: 5.274745 | r:  -269.000000 | e:   0.978500 | Q: -150.678955 | won: False 
#  480 | steps:  5243 | steps_t:   222 | t: 5.330713 | r:  -257.000000 | e:   0.977800 | Q: -153.871292 | won: False 
#  481 | steps:  5261 | steps_t:   239 | t: 5.476629 | r:  -267.000000 | e:   0.976100 | Q:        nan | won: False 
#  482 | steps:  5277 | steps_t:   254 | t: 5.593562 | r:  -265.000000 | e:   0.974600 | Q:        nan | won: False 
#  483 | steps:  5292 | steps_t:   268 | t: 5.701499 | r:  -222.000000 | e:   0.973200 | Q:        nan | won: False 
#  484 | steps:  5299 | steps_t:   274 | t: 5.749472 | r:  -256.000000 | e:   0.972600 | Q:        nan | won: False 
#  485 | steps:  5308 | steps_t:   282 | t: 5.813436 | r:  -258.000000 | e:   0.971800 | Q:        nan | won: False 
#  486 | steps:  5323 | steps_t:   296 | t: 5.925372 | r:  -264.000000 | e:   0.970400 | Q:        nan | won: False 
#  487 | steps:  5332 | steps_t:   304 | t: 5.989335 | r:  -258.000000 | e:   0.969600 | Q:        nan | won: False 
#  488 | steps:  5339 | steps_t:   310 | t: 6.037308 | r:  -256.000000 | e:   0.969000 | Q:        nan | won: False 
#  489 | steps:  5355 | steps_t:   325 | t: 6.154240 | r:  -265.000000 | e:   0.967500 | Q: -163.447601 | won: False 
#  490 | steps:  5366 | steps_t:   335 | t: 6.232196 | r:  -260.000000 | e:   0.966500 | Q:        nan | won: False 
#  491 | steps:  5380 | steps_t:   348 | t: 6.340136 | r:  -263.000000 | e:   0.965200 | Q:        nan | won: False 
#  492 | steps:  5387 | steps_t:   354 | t: 6.394103 | r:  -256.000000 | e:   0.964600 | Q:        nan | won: False 
#  493 | steps:  5398 | steps_t:   364 | t: 6.490048 | r:  -260.000000 | e:   0.963600 | Q:        nan | won: False 
#  494 | steps:  5406 | steps_t:   371 | t: 6.553014 | r:  -257.000000 | e:   0.962900 | Q:        nan | won: False 
